-0.4 0.0 0.0 0.0 -0.2 0.0
0.6 0.0 0.0 0.0 0.3 0.0
-0.397998113542064 -0.0199665805507677 0.0 0.0400835786845101 -0.198995285666203 0.0
0.596997170313097 0.0299498708261515 0.0 -0.0601253680267652 0.298492928499305 0.0
-0.391966780018797 -0.0397302627826191 0.0 0.0806755316610282 -0.195921966584297 0.0
0.587950170028196 0.0595953941739287 0.0 -0.121013297491542 0.293882949876446 0.0
-0.381828439616782 -0.0590760241634685 0.0 0.122319325045755 -0.190593736713559 0.0
0.572742659425172 0.0886140362452027 0.0 -0.183478987568633 0.285890605070338 0.0
-0.367447776663059 -0.0777626622949739 0.0 0.165634246949093 -0.182665905676216 0.0
0.551171664994589 0.116643993442461 0.0 -0.24845137042364 0.273998858514324 0.0
-0.348621586449599 -0.0955041381075128 0.0 0.211369427030454 -0.171572244610179 0.0
0.522932379674399 0.143256207161269 0.0 -0.317054140545681 0.257358366915269 0.0
-0.325062122478332 -0.111942086639255 0.0 0.260482670261515 -0.156405752945082 0.0
0.487593183717498 0.167913129958882 0.0 -0.390724005392273 0.234608629417623 0.0
-0.296370539695897 -0.126601563511409 0.0 0.314264068561657 -0.135689518083928 0.0
0.444555809543846 0.189902345267114 0.0 -0.471396102842486 0.203534277125892 0.0
-0.261994335301007 -0.138813573242355 0.0 0.374540326703923 -0.106909143252206 0.0
0.39299150295151 0.208220359863532 0.0 -0.561810490055884 0.160363714878309 0.0
-0.221157857709348 -0.147566391203044 0.0 0.444021877952653 -0.0654663397835121 0.0
0.331736786564022 0.221349586804565 0.0 -0.66603281692898 0.0981995096752682 0.0
-0.172747865752205 -0.15118588334723 0.0 0.52685923516946 -0.00201311362015025 0.0
0.259121798628307 0.226778825020845 0.0 -0.790288852754189 0.00301967043022538 0.0
-0.115142393931188 -0.146533518593405 0.0 0.629026150291136 0.105707361957013 0.0
0.172713590896783 0.219800277890107 0.0 -0.943539225436703 -0.15856104293552 0.0
-0.0462089795087448 -0.126484950874337 0.0 0.751410508850521 0.325452299413218 0.0
0.0693134692631172 0.189727426311506 0.0 -1.12711576327578 -0.488178449119827 0.0
