  1  0  0  0  0.5  0  
  0.99995  0.005  0.0  -0.00999981250585921  0.499975000937471  0.0  
  0.999799998749883  0.00999949998124801  0.0  -0.0200008750116992  0.499899984372973  0.0  
  0.999549977497953  0.0149979996249262  0.0  -0.0300044383050891  0.499774907151842  0.0  
  0.999199904978403  0.0199949980366583  0.0  -0.0400117548375154  0.499599697276607  0.0  
  0.998749737390502  0.0249899934576458  0.0  -0.0500240795595384  0.499374253797789  0.0  
  0.998199418369423  0.029982482974491  0.0  -0.0600426707598199  0.49909844666057  0.0  
  0.997548878948654  0.0349719622272668  0.0  -0.0700687909093269  0.498772116506901  0.0  
  0.996798037513935  0.0399579251153825  0.0  -0.0801037075120329  0.498395074432467  0.0  
  0.99594679974866  0.0449398635007915  0.0  -0.090148693963454  0.497967101697801  0.0  
  0.994995058570643  0.0499172669080801  0.0  -0.10020503041838  0.497487949392716  0.0  
  0.993942694060161  0.0548896222209639  0.0  -0.110274004669182  0.496957338053047  0.0  
  0.992789573379157  0.0598564133747109  0.0  -0.120356913036117  0.4963749572286  0.0  
  0.991535550681478  0.0648171210439969  0.0  -0.130455061271062  0.495740465001015  0.0  
  0.990180467014003  0.0697712223256859  0.0  -0.140569765476179  0.495053487450104  0.0  
  0.988724150208503  0.074718190416012  0.0  -0.150702353039017  0.494313618067076  0.0  
  0.987166414764071  0.0796574942816241  0.0  -0.160854163585636  0.493520417112863  0.0  
  0.985507061719923  0.0845885983239346  0.0  -0.171026549953362  0.492673410919615  0.0  
  0.983745878518363  0.0895109620361934  0.0  -0.181220879184857  0.491772091133199  0.0  
  0.98188263885771  0.0944240396526868  0.0  -0.191438533545231  0.490815913894376  0.0  
  0.979917102534919  0.0993272797894346  0.0  -0.201680911564011  0.489804298956103  0.0  
  0.977849015277668  0.104220125075735  0.0  -0.21194942910382  0.48873662873416  0.0  
  0.975678108565607  0.109102011775875  0.0  -0.222245520457734  0.487612247288105  0.0  
  0.973404099440491  0.113972369400292  0.0  -0.232570639477333  0.486430459229265  0.0  
  0.971026690304876  0.118830620305445  0.0  -0.242926260733583  0.485190528552213  0.0  
  0.968545568709034  0.123676179281608  0.0  -0.253313880712753  0.483891677385895  0.0  
  0.965960407125722  0.12850845312776  0.0  -0.263735019049701  0.482533084660244  0.0  
  0.963270862712439  0.13332684021271  0.0  -0.274191219800952  0.481113884683784  0.0  
  0.960476577060731  0.138130730021543  0.0  -0.284684052760135  0.479633165627379  0.0  
  0.957577175932138  0.142919502686418  0.0  -0.295215114818443  0.478089967908872  0.0  
  0.95457226898029  0.147692528500702  0.0  -0.305786031372958  0.476483282472945  0.0  
  0.951461449458687  0.152449167415371  0.0  -0.316398457785789  0.474812048960101  0.0  
  0.948244293913614  0.157188768516522  0.0  -0.327054080897162  0.473075153758133  0.0  
  0.944920361861655  0.161910669482802  0.0  -0.33775462059575  0.471271427928959  0.0  
  0.941489195451203  0.166614196021454  0.0  -0.348501831449734  0.469399645003105  0.0  
  0.937950319107353  0.171298661281639  0.0  -0.359297504402243  0.467458518633508  0.0  
  0.934303239159505  0.175963365243558  0.0  -0.370143468535081  0.465446700099617  0.0  
  0.930547443450974  0.180607594081851  0.0  -0.38104159290482  0.463362775652058  0.0  
  0.926682400929876  0.185230619501616  0.0  -0.391993788455613  0.461205263687326  0.0  
  0.922707561220485  0.189831698045298  0.0  -0.403002010013314  0.458972611741078  0.0  
  0.91862235417423  0.194410070368579  0.0  -0.41406825836578  0.456663193287694  0.0  
  0.914426189399445  0.198964960483252  0.0  -0.425194582434501  0.454275304332687  0.0  
  0.910118455768936  0.203495574964956  0.0  -0.436383081543039  0.45180715978348  0.0  
  0.90569852090436  0.208001102123475  0.0  -0.447635907788061  0.44925688958276  0.0  
  0.90116573063637  0.212480711133131  0.0  -0.458955268519139  0.446622534587349  0.0  
  0.896519408439398  0.216933551120658  0.0  -0.470343428933838  0.443902042173975  0.0  
  0.891758854839896  0.221358750207718  0.0  -0.481802714795029  0.441093261551781  0.0  
  0.886883346796773  0.225755414505016  0.0  -0.493335515277811  0.438193938759559  0.0  
  0.881892137052695  0.230122627054762  0.0  -0.504944285953858  0.43520171132381  0.0  
  0.876784453454835  0.234459446717948  0.0  -0.516631551921521  0.432114102551516  0.0  
  0.871559498243568  0.23876490700266  0.0  -0.528399911090523  0.428928515429194  0.0  
  0.866216447307524  0.243038014829339  0.0  -0.540252037630656  0.425642226097173  0.0  
  0.860754449403313  0.247277749228572  0.0  -0.552190685594474  0.422252376865125  0.0  
  0.855172625338118  0.251483059966661  0.0  -0.564218692724591  0.418755968731774  0.0  
  0.849470067113271  0.255652866093815  0.0  -0.576338984456903  0.415149853368092  0.0  
  0.84364583702678  0.259786054409369  0.0  -0.588554578131709  0.411430724519479  0.0  
  0.837698966732683  0.263881477838021  0.0  -0.600868587425496  0.407595108778049  0.0  
  0.831628456254934  0.267937953710498  0.0  -0.613284227016929  0.403639355671378  0.0  
  0.825433272953433  0.271954261941557  0.0  -0.625804817501413  0.39955962700871  0.0  
  0.819112350439618  0.275929143097577  0.0  -0.638433790569491  0.395351885419736  0.0  
  0.812664587438924  0.279861296345329  0.0  -0.651174694465247  0.391011882014394  0.0  
  0.806088846597207  0.283749377272759  0.0  -0.664031199741819  0.386535143084815  0.0  
  0.799383953228078  0.28759199557179  0.0  -0.67700710533218  0.381916955762282  0.0  
  0.792548693997915  0.291387712572241  0.0  -0.690106344954283  0.377152352532863  0.0  
  0.785581815545087  0.295135038614934  0.0  -0.703332993870796  0.372236094505058  0.0  
  0.778482023029759  0.298832430250959  0.0  -0.71669127602465  0.367162653311233  0.0  
  0.771247978610407  0.302478287252799  0.0  -0.730185571572722  0.361926191511599  0.0  
  0.763878299842936  0.306070949421664  0.0  -0.74382042484101  0.356520541354877  0.0  
  0.756371557998084  0.309608693173823  0.0  -0.757600552725638  0.350939181733285  0.0  
  0.748726276292514  0.313089727887019  0.0  -0.771530853565018  0.34517521315089  0.0  
  0.740940928028756  0.31651219198616  0.0  -0.785616416509263  0.339221330503336  0.0  
  0.733013934638905  0.319874148745312  0.0  -0.799862531413648  0.333069793443123  0.0  
  0.724943663626684  0.323173581780669  0.0  -0.814274699283389  0.326712394077619  0.0  
  0.716728426402222  0.326408390206496  0.0  -0.828858643297101  0.320140421716282  0.0  
  0.708366476003637  0.329576383423016  0.0  -0.843620320436129  0.313344624348649  0.0  
  0.69985600469921  0.332675275501882  0.0  -0.858565933746122  0.306315166494789  0.0  
  0.691195141463709  0.335702679131046  0.0  -0.873701945255791  0.299041583024442  0.0  
  0.682381949322171  0.338656099076579  0.0  -0.889035089575462  0.291512728488957  0.0  
  0.673414422554226  0.341532925114132  0.0  -0.90457238819454  0.283716721450416  0.0  
  0.664290483751897  0.344330424377295  0.0  -0.920321164492065  0.275640883223683  0.0  
  0.655007980723679  0.347045733063846  0.0  -0.936289059467746  0.267271670368066  0.0  
  0.64556468323768  0.34967584743387  0.0  -0.952484048191653  0.258594600174059  0.0  
  0.635958279596665  0.352217614025681  0.0  -0.968914456958552  0.249594168285121  0.0  
  0.626186373038053  0.354667719006279  0.0  -0.985588981116785  0.240253757472167  0.0  
  0.616246477952329  0.357022676562665  0.0  -1.00251670352068  0.230555536436367  0.0  
  0.60613601591393  0.359278816228235  0.0  -1.01970711352826  0.220480347350368  0.0  
  0.59585231151962  0.361432269024775  0.0  -1.03717012643108  0.210007580654942  0.0  
  0.585392588030698  0.363478952284629  0.0  -1.0549161031578  0.199115035401966  0.0  
  0.5747539628172  0.365414552999354  0.0  -1.07295587003529  0.187778763169467  0.0  
  0.563933442604769  0.367234509519953  0.0  -1.09130073831699  0.175972893262425  0.0  
  0.552927918528158  0.368933991409272  0.0  -1.10996252309315  0.163669436545029  0.0  
  0.541734160999745  0.370507877218549  0.0  -1.12895356107589  0.150838064814772  0.0  
  0.530348814407154  0.371950729926891  0.0  -1.14828672659639  0.137445862112443  0.0  
  0.518768391661619  0.373256769743543  0.0  -1.1679754449514  0.12345704374784  0.0  
  0.506989268628441  0.374419843927301  0.0  -1.18803370197997  0.108832638088186  0.0  
  0.495007678483541  0.375433393223848  0.0  -1.2084760484208  0.0935301252792563  0.0  
  0.482819706056443  0.376290414458724  0.0  -1.22931759717567  0.0775030260164245  0.0  
  0.470421282241184  0.376983418749038  0.0  -1.25057401105415  0.0607004322152235  0.0  
  0.457808178583971  0.377504384708553  0.0  -1.27226147786268  0.0430664698997056  0.0  
  0.444976002191792  0.377844705915568  0.0  -1.29439666877507  0.0245396827712664  0.0  
  0.431920191152077  0.37799513178739  0.0  -1.31699667471356  0.00505232266472281  0.0  
  0.418636010712996  0.377945700854859  0.0  -1.34007891388843  -0.0154704696527732  0.0  
  0.405118550551527  0.377685665249685  0.0  -1.36366100156544  -0.0371116132502718  0.0  
  0.391362723557488  0.377203404999667  0.0  -1.387760570386  -0.0599631894097893  0.0  
  0.377363266694145  0.376486330463505  0.0  -1.41239502592437  -0.0841277267357556  0.0  
  0.363114744669904  0.375520770917445  0.0  -1.43758121731353  -0.109719704395505  0.0  
  0.34861155738506  0.374291846917076  0.0  -1.46333499626691  -0.136867316650721  0.0  
  0.333847952421608  0.372783323582723  0.0  -1.48967062905844  -0.165714551460743  0.0  
  0.318818044248865  0.370977441375324  0.0  -1.51660001414066  -0.196423647880782  0.0  
  0.303515842359438  0.368854720215667  0.0  -1.54413164187173  -0.229178011808323  0.0  
  0.28793529127907  0.366393731921273  0.0  -1.57226921056893  -0.264185688032859  0.0  
  0.272070326380906  0.363570834852525  0.0  -1.60100978234609  -0.301683509317128  0.0  
  0.255914950779196  0.360359863324755  0.0  -1.63034131937677  -0.341942071268129  0.0  
  0.239463340421223  0.356731762698393  0.0  -1.66023938119871  -0.385271715925791  0.0  
  0.222709987042043  0.352654159039155  0.0  -1.69066267890164  -0.432029747972368  0.0  
  0.205649892187115  0.348090849773376  0.0  -1.72154706143692  -0.482629155242553  0.0  
  0.188278830468056  0.343001198783838  0.0  -1.75279733646443  -0.537549158199446  0.0  
  0.170593707217529  0.337339415858772  0.0  -1.7842760787948  -0.597347966238305  0.0  
  0.15259304566326  0.331053696353883  0.0  -1.81578821746863  -0.662678160166774  0.0  
  0.13427765299403  0.324085192551136  0.0  -1.84705966432417  -0.734305124360292  0.0  
  0.115651535229053  0.316366784041753  0.0  -1.87770747400941  -0.813128866583229  0.0  
  0.0967231605502549  0.307821611764789  0.0  -1.90719789494724  -0.900209284494378  0.0  
  0.0775072139718922  0.298361341712702  0.0  -1.93478702750717  -0.996794263055964  0.0  
  0.0580270489581361  0.287884135057381  0.0  -1.95943645504591  -1.1043485269727  0.0  
  0.0383181320510424  0.276272331965179  0.0  -1.97969296548068  -1.22457818694331  0.0  
  0.0184329046780555  0.263389926774015  0.0  -1.99351731266801  -1.35944002742805  0.0  
  -0.00155233913446213  0.249080060624627  0.0  -1.99804250001091  -1.51111329161777  0.0  
  -0.021527741698473  0.233163054391162  0.0  -1.98923982315442  -1.68189078444708  0.0  
  -0.0413362983444872  0.215436073584791  0.0  -1.96147829740264  -1.87390922999651  0.0  
  -0.0607552895976148  0.195676556106951  0.0  -1.90699876892988  -2.0885796880563  0.0  
  -0.0794721084445871  0.173653296739608  0.0  -1.81542840834708  -2.32550230610692  0.0  
  -0.0970558892175943  0.149151675562523  0.0  -1.67370320116045  -2.5806079414829  0.0  
  -0.112931727838534  0.122022147995948  0.0  -1.46720016204197  -2.84344241356212  0.0  
  -0.126375134600069  0.0922602334679701  0.0  -1.1833331621091  -3.09427833652537  0.0  
  -0.136558995329057  0.0601132530105776  0.0  -0.818468883198844  -3.30339313540536  0.0  
  -0.142688053200159  0.026174433159429  0.0  -0.38625365178776  -3.43628512078265  0.0  
  -0.144213718416453  -0.00861708940744737  0.0  0.0791538776514146  -3.46620503140998  0.0  
  -0.141030873733646  -0.0431362538919509  0.0  0.531571670507641  -3.38755480892452  0.0  
  -0.133516882041879  -0.0763394290075358  0.0  0.92999256152849  -3.218974380341  0.0  
  -0.122381954781269  -0.107479994791734  0.0  1.25187981631987  -2.99314686636789  0.0  
  -0.108447040398835  -0.136167782030812  0.0  1.49436856822447  -2.74260654310948  0.0  
  -0.0924754055902106  -0.162303138632372  0.0  1.66704266055664  -2.49127476482985  0.0  
  -0.0750956136890199  -0.185970882669365  0.0  1.78397713627448  -2.25317307603034  0.0  
  -0.056790418874096  -0.207350013351385  0.0  1.85883962794394  -2.03478255246853  0.0  
  -0.0379162558246128  -0.226654463166598  0.0  1.90293645375231  -1.83793929460522  0.0  
  -0.0187306763429243  -0.244100039902733  0.0  1.92491994363486  -1.66201871800075  0.0  
  0.000582348772163127  -0.259888444479606  0.0  1.93115622261566  -1.50528447935269  0.0  
  0.0198922522175635  -0.274201014765719  0.0  1.92624171229913  -1.36562915530328  0.0  
  0.0391068033259195  -0.28719750622964  0.0  1.9134700334387  -1.24094445270085  0.0  
  0.0581612042645504  -0.29901723786141  0.0  1.89519812257792  -1.12928623729696  0.0  
  0.0770103073013565  -0.309781184915449  0.0  1.8731159262263  -1.02893311466852  0.0  
  0.0956230834543413  -0.319594308900376  0.0  1.84843935162244  -0.938393172084074  0.0  
  0.113978687036201  -0.328547795078365  0.0  1.82204658782143  -0.856387661718637  0.0  
  0.132063644349362  -0.336721063228125  0.0  1.7945740778851  -0.781826195210825  0.0  
  0.149869834209434  -0.344183513904712  0.0  1.76648419123008  -0.71378048119374  0.0  
  0.16739302819686  -0.350996017225674  0.0  1.73811315512811  -0.651459745716103  0.0  
  0.184631828774057  -0.357212169726258  0.0  1.70970521093051  -0.594189022302681  0.0  
  0.201586892091276  -0.362879350410661  0.0  1.68143712202091  -0.541390556579679  0.0  
  0.218260355948696  -0.368039606685344  0.0  1.65343588570951  -0.492568147087606  0.0  
  0.23465541666785  -0.372730397895563  0.0  1.62579162575226  -0.447294080547867  0.0  
  0.25077601481065  -0.376985220422479  0.0  1.59856704230244  -0.405198282210989  0.0  
  0.266626601000397  -0.380834134544035  0.0  1.57180438435981  -0.36595932119816  0.0  
  0.28221196106485  -0.384304209860919  0.0  1.54553062595695  -0.329296952379808  0.0  
  0.297537085369564  -0.387419903151951  0.0  1.51976133053554  -0.294965923516841  0.0  
  0.31260707124445  -0.390203380054956  0.0  1.49450355061259  -0.262750821459333  0.0  
  0.32742705031028  -0.392674789926966  0.0  1.46975801327892  -0.232461771101107  0.0  
  0.342002134616979  -0.394852501563078  0.0  1.44552077369216  -0.203930834725654  0.0  
  0.356337377042572  -0.396753306086865  0.0  1.42178446994203  -0.177008987582365  0.0  
  0.37043774253161  -0.398392592212876  0.0  1.39853927760549  -0.151563568652791  0.0  
  0.384308087587982  -0.399784498176403  0.0  1.37577363693261  -0.127476124369445  0.0  
  0.397953146059596  -0.400942043888478  0.0  1.35347480710758  -0.104640578273746  0.0  
  0.411377519718682  -0.401877246272588  0.0  1.33162928845826  -0.082961671901162  0.0  
  0.424585672492648  -0.402601220247932  0.0  1.31022314346546  -0.0623536321175082  0.0  
  0.43758192746628  -0.403124267421005  0.0  1.28924223997695  -0.0427390281611957  0.0  
  0.450370465978347  -0.403455954216028  0.0  1.26867243446615  -0.0240477881471368  0.0  
  0.462955328290223  -0.403605180901561  0.0  1.24849970899296  -0.00621635006113319  0.0  
  0.475340415422772  -0.403580242744716  0.0  1.2287102723644  0.0108130734386729  0.0  
  0.487529491849082  -0.403388884336877  0.0  1.20929063359381  0.0270931336007672  0.0  
  0.499526188801295  -0.403038347978788  0.0  1.19022765392688  0.0426719018685265  0.0  
  0.511334008004511  -0.402535416882477  0.0  1.17150858230061  0.0575933558621362  0.0  
  0.522956325693343  -0.401886453838278  0.0  1.15312107802218  0.0718978051097204  0.0  
  0.53439639679987  -0.401097435903416  0.0  1.13505322362136  0.0856222649914874  0.0  
  0.545657359227626  -0.400173985591186  0.0  1.11729353018397  0.0988007860429908  0.0  
  0.556742238146566  -0.399121398974315  0.0  1.0998309369715  0.111464744669371  0.0  
  0.567653950259737  -0.397944671060556  0.0  1.08265480674004  0.123643100410982  0.0  
  0.57839530800486  -0.396648518751308  0.0  1.06575491786478  0.135362624139269  0.0  
  0.588969023663714  -0.395237401653769  0.0  1.04912145413635  0.14664810092362  0.0  
  0.599377713359813  -0.393715540982609  0.0  1.03274499290575  0.157522510773512  0.0  
  0.609623900930851  -0.392086936757606  0.0  1.0166164921063  0.168007190008232  0.0  
  0.619710021666952  -0.390355383478203  0.0  1.00072727656326  0.17812197562428  0.0  
  0.62963842590942  -0.388524484434022  0.0  0.985069023909573  0.187885334706666  0.0  
  0.639411382507408  -0.386597664791394  0.0  0.969633750352572  0.19731448065506  0.0  
  0.649031082132086  -0.384578183579506  0.0  0.954413796478982  0.206425477761165  0.0  
  0.658499640449485  -0.382469144685525  0.0  0.939401813239563  0.215233335473321  0.0  
  0.667819101154426  -0.380273506955578  0.0  0.92459074821878  0.223752093512724  0.0  
  0.676991438868814  -0.377994093487639  0.0  0.909973832266305  0.2319948988583  0.0  
  0.686018561908248  -0.375633600192908  0.0  0.895544566544756  0.239974075490528  0.0  
  0.694902314921311  -0.37319460369389  0.0  0.881296710030433  0.247701187675095  0.0  
  0.703644481406235  -0.370679568620165  0.0  0.867224267490042  0.255187097472792  0.0  
  0.712246786109762  -0.368090854356327  0.0  0.853321477945664  0.2624420170801  0.0  
  0.720710897313131  -0.365430721290982  0.0  0.839582803631914  0.269475556533855  0.0  
  0.729038429010116  -0.362701336610645  0.0  0.826002919442902  0.27629676725149  0.0  
  0.737230942981975  -0.359904779677957  0.0  0.812576702861786  0.282914181824415  0.0  
  0.745289950774094  -0.357043047029754  0.0  0.799299224362097  0.289335850435008  0.0  
  0.753216915578985  -0.354118057026969  0.0  0.786165738267433  0.295569374226438  0.0  
  0.761013254030141  -0.351131654185323  0.0  0.773171674054249  0.301621935918394  0.0  
  0.7686803379111  -0.348085613212941  0.0  0.760312628081248  0.307500327930039  0.0  
  0.776219495783906  -0.344981642778597  0.0  0.747584355728107  0.313210978243571  0.0  
  0.783632014540955  -0.341821389032074  0.0  0.734982763925892  0.318759974217106  0.0  
  0.790919140884076  -0.33860643889617  0.0  0.722503904061406  0.324153084533889  0.0  
  0.798082082734475  -0.33533832314808  0.0  0.710143965237853  0.329395779455557  0.0  
  0.805122010577034  -0.332018519306351  0.0  0.697899267874478  0.334493249530166  0.0  
  0.812040058742257  -0.328648454338115  0.0  0.685766257628261  0.339450422890535  0.0  
  0.818837326629011  -0.325229507200082  0.0  0.673741499621259  0.344271981265061  0.0  
  0.825514879871023  -0.321763011225567  0.0  0.661821672957747  0.348962374811154  0.0  
  0.832073751449969  -0.318250256368817  0.0  0.650003565515932  0.353525835870817  0.0  
  0.838514942757812  -0.314692491316938  0.0  0.638284068999649  0.357966391738342  0.0  
  0.844839424610927  -0.311090925478871  0.0  0.626660174236097  0.362287876521627  0.0  
  0.851048138218399  -0.307446730860094  0.0  0.615128966706331  0.366493942170975  0.0  
  0.857141996106762  -0.303761043831033  0.0  0.60368762229586  0.370588068742416  0.0  
  0.863121883003312  -0.300034966796498  0.0  0.592333403253348  0.37457357395649  0.0  
  0.868988656680023  -0.296269569772918  0.0  0.581063654346036  0.378453622107897  0.0  
  0.874743148759971  -0.292465891879595  0.0  0.569875799201074  0.382231232376503  0.0  
  0.880386165488075  -0.288624942749716  0.0  0.558767336822565  0.385909286585685  0.0  
  0.885918488467873  -0.284747703866444  0.0  0.547735838274652  0.389490536450039  0.0  
  0.89134087536592  -0.280835129828979  0.0  0.536778943521512  0.39297761035077  0.0  
  0.896654060585367  -0.276888149553141  0.0  0.525894358415625  0.396373019673876  0.0  
  0.90185875591013  -0.272907667410674  0.0  0.515079851826175  0.399679164743196  0.0  
  0.90695565112103  -0.268894564311164  0.0  0.504333252899875  0.402898340377757  0.0  
  0.911945414585188  -0.264849698730201  0.0  0.493652448446955  0.40603274110038  0.0  
  0.916828693819885  -0.260773907687125  0.0  0.483035380445465  0.409084466022294  0.0  
  0.92160611603204  -0.256668007675497  0.0  0.472480043657393  0.412055523426511  0.0  
  0.926278288634398  -0.25253279554918  0.0  0.461984483350521  0.414947835070852  0.0  
  0.930845799739442  -0.24836904936675  0.0  0.451546793120226  0.417763240229868  0.0  
  0.935309218632021  -0.244177529196738  0.0  0.441165112805796  0.420503499493367  0.0  
  0.939669096221591  -0.239958977886073  0.0  0.430837626496115  0.423170298337878  0.0  
  0.943925965474951  -0.235714121793895  0.0  0.420562560619863  0.425765250486094  0.0  
  0.948080341830294  -0.231443671492809  0.0  0.410338182115652  0.428289901068202  0.0  
  0.952132723593346  -0.227148322439474  0.0  0.400162796677751  0.43074572959793  0.0  
  0.95608359231633  -0.222828755616335  0.0  0.390034747073326  0.433134152775171  0.0  
  0.959933413160452  -0.218485638146162  0.0  0.379952411527307  0.43545652712615  0.0  
  0.963682635242562  -0.214119623880975  0.0  0.369914202171225  0.437714151491289  0.0  
  0.967331691966617  -0.209731353966832  0.0  0.359918563552559  0.439908269370173  0.0  
  0.970881001340531  -0.205321457385851  0.0  0.349963971201307  0.442040071132309  0.0  
  0.974330966278968  -0.200890551476783  0.0  0.340048930250676  0.444110696101766  0.0  
  0.977681974892609  -0.196439242435345  0.0  0.330171974108948  0.446121234523166  0.0  
  0.980934400764379  -0.191968125795471  0.0  0.320331663179734  0.448072729415983  0.0  
  0.984088603213119  -0.187477786892559  0.0  0.310526583627956  0.449966178323585  0.0  
  0.987144927545139  -0.182968801309743  0.0  0.300755346189059  0.451802534963013  0.0  
  0.990103705294069  -0.178441735308143  0.0  0.291016585019049  0.453582710781043  0.0  
  0.992965254449414  -0.173897146242018  0.0  0.2813089565831  0.455307576421717  0.0  
  0.995729879674179  -0.169335582959665  0.0  0.271631138580558  0.456977963110115  0.0  
  0.998397872511923  -0.164757586190893  0.0  0.2619818289043  0.458594663956854  0.0  
  1.00096951158357  -0.16016368892184  0.0  0.252359744632464  0.460158435187443  0.0  
  1.0034450627743  -0.155554416757854  0.0  0.242763621050712  0.46166999730036  0.0  
  1.00582477941081  -0.150930288275148  0.0  0.233192210703209  0.46313003615742  0.0  
  1.00810890242922  -0.14629181536188  0.0  0.223644282470642  0.464539204009785  0.0  
  1.01029766053388  -0.141639503549281  0.0  0.214118620673619  0.46589812046268  0.0  
  1.01239127034737  -0.136973852333445  0.0  0.204614024199906  0.467207373381712  0.0  
  1.01438993655184  -0.132295355488331  0.0  0.195129305653994  0.468467519743453  0.0  
  1.016293852022  -0.127604501370536  0.0  0.185663290527556  0.469679086432748  0.0  
  1.01810319794988  -0.122901773216359  0.0  0.176214816389411  0.470842570989057  0.0  
  1.01981814396159  -0.118187649431642  0.0  0.166782732093666  0.471958442303945  0.0  
  1.02143884822628  -0.113462603874884  0.0  0.157365897004747  0.473027141271686  0.0  
  1.02296545755737  -0.108727106134075  0.0  0.147963180238077  0.474049081394789  0.0  
  1.02439810750636  -0.103981621797695  0.0  0.13857345991521  0.475024649346122  0.0  
  1.02573692244913  -0.0992266127203035  0.0  0.129195622432244  0.47595420548917  0.0  
  1.02698201566511  -0.0944625372831399  0.0  0.119828561740397  0.476838084357818  0.0  
  1.02813348940923  -0.0896898506501151  0.0  0.110471178637639  0.47767659509698  0.0  
  1.02919143497691  -0.084909005019596  0.0  0.101122380070317  0.478470021865202  0.0  
  1.03015593276202  -0.0801204498723489  0.0  0.0917810784437236  0.479218624200337  0.0  
  1.03102705230809  -0.075324632216009  0.0  0.0824461909405879  0.479922637349227  0.0  
  1.03180485235268  -0.0705219968264309  0.0  0.0731166388464894  0.480582272562247  0.0  
  1.03248938086502  -0.0657129864862667  0.0  0.0637913468812076  0.481197717353471  0.0  
  1.03308067507709  -0.0608980422211131  0.0  0.0544692425350369  0.481769135727121  0.0  
  1.03357876150794  -0.0560776035335615  0.0  0.0451492554091106  0.482296668370862  0.0  
  1.03398365598157  -0.0512521086354787  0.0  0.0358303165587852  0.48278043281643  0.0  
  1.03429536363814  -0.0464219946788439  0.0  0.0265113578391448  0.483220523567975  0.0  
  1.03451387893876  -0.0415876979854638  0.0  0.0171913112516897  0.483617012198434  0.0  
  1.03463918566363  -0.0367496542758814  0.0  0.00786910829127767  0.483969947414152  0.0  
  1.03467125690375  -0.0319082988977987  0.0  -0.00145632070761445  0.484279355087888  0.0  
  1.034610055046  -0.0270640670543261  0.0  -0.0107860472262431  0.484545238260253  0.0  
  1.03445553175176  -0.0222173940323755  0.0  -0.0201211452195019  0.484767577109569  0.0  
  1.03420762792881  -0.0173687154315133  0.0  -0.0294626917773222  0.484946328890018  0.0  
  1.03386627369671  -0.0125184673935904  0.0  -0.0388117677905232  0.485081427837893  0.0  
  1.03343138834544  -0.00766708683346977  0.0  -0.0481694586220779  0.485172785045672  0.0  
  1.03290288028727  -0.00281501167117559  0.0  -0.0575368547847721  0.485220288303544  0.0  
  1.03228064700192  0.0020373189342097  0.0  -0.0669150526262532  0.485223801907933  0.0  
  1.0315645749747  0.00688946434856704  0.0  -0.0763051550224817  0.485183166436476  0.0  
  1.03075453962778  0.0117409822243429  0.0  -0.0857082720806227  0.485098198488822  0.0  
  1.02985040524431  0.016591428259387  0.0  -0.0951255218524358  0.484968690392513  0.0  
  1.02885202488542  0.0214403559526718  0.0  -0.104558031059252  0.484794409873125  0.0  
  1.02775924029981  0.026287316356533  0.0  -0.114006935829655  0.484575099687727  0.0  
  1.026571881826  0.0311318578250588  0.0  -0.123473382451017  0.484310477220638  0.0  
  1.02528976828693  0.0359735257582444  0.0  -0.132958528136074  0.484000234040307  0.0  
  1.02391270687684  0.0408118623415193  0.0  -0.142463541805779  0.483644035416078  0.0  
  1.02244049304021  0.0456464062802376  0.0  -0.151989604889679  0.483241519793428  0.0  
  1.02087291034266  0.0504766925287088  0.0  -0.161537912145162  0.482792298226186  0.0  
  1.01920973033349  0.0553022520133331  0.0  -0.171109672496921  0.482295953764056  0.0  
  1.01745071239979  0.0601226113493828  0.0  -0.180706109898066  0.481752040793675  0.0  
  1.01559560361175  0.0649372925509582  0.0  -0.190328464214364  0.481160084331235  0.0  
  1.01364413855912  0.0697458127336213  0.0  -0.199977992133151  0.480519579264583  0.0  
  1.01159603917828  0.074547683809194  0.0  -0.209655968098541  0.479829989542501  0.0  
  1.00945101457005  0.079342412172177  0.0  -0.219363685274597  0.479090747308709  0.0  
  1.0072087608075  0.0841294983772277  0.0  -0.229102456538257  0.478301251977942  0.0  
  1.00486896073383  0.0889084368071012  0.0  -0.238873615503848  0.477460869251216  0.0  
  1.00243128374977  0.093678715330433  0.0  -0.248678517581137  0.47656893006721  0.0  
  0.999895385590272  0.0984398149487073  0.0  -0.258518541068965  0.475624729486421  0.0  
  0.997260908090021  0.103191209431723  0.0  -0.268395088286589  0.474627525504511  0.0  
  0.994527478937505  0.107932364940827  0.0  -0.278309586745016  0.473576537790986  0.0  
  0.991694711417124  0.112662739639158  0.0  -0.288263490360675  0.472470946349038  0.0  
  0.988762204138956  0.117381783288073  0.0  -0.298258280713957  0.471309890092075  0.0  
  0.985729540755711  0.12208893682892  0.0  -0.308295468355241  0.470092465332111  0.0  
  0.982596289666369  0.126783631949235  0.0  -0.318376594161207  0.468817724174825  0.0  
  0.979362003706014  0.131465290632415  0.0  -0.328503230744378  0.467484672815674  0.0  
  0.976026219821276  0.13613332468984  0.0  -0.338676983918995  0.466092269731042  0.0  
  0.972588458730847  0.14078713527436  0.0  -0.348899494226528  0.464639423757905  0.0  
  0.969048224570418  0.145426112374018  0.0  -0.359172438524297  0.463124992054996  0.0  
  0.965405004521415  0.150049634284759  0.0  -0.369497531640895  0.46154777793791  0.0  
  0.96165826842283  0.15465706706085  0.0  -0.379876528102323  0.459906528579961  0.0  
  0.957807468365435  0.159247763941611  0.0  -0.390311223932989  0.458199932569977  0.0  
  0.953852038267595  0.163821064752988  0.0  -0.400803458535956  0.456426617317486  0.0  
  0.949791393431867  0.168376295282388  0.0  -0.411355116657112  0.454585146294999  0.0  
  0.945624930081539  0.172912766625095  0.0  -0.421968130438231  0.452674016106215  0.0  
  0.941352024876162  0.177429774500471  0.0  -0.43264448156417  0.45069165336809  0.0  
  0.936972034405145  0.181926598536013  0.0  -0.443386203509824  0.448636411393693  0.0  
  0.932484294658351  0.18640250151721  0.0  -0.454195383892777  0.446506566661657  0.0  
  0.92788812047263  0.190856728600986  0.0  -0.465074166938  0.444300315056875  0.0  
  0.923182804953128  0.195288506490371  0.0  -0.47602475606132  0.442015767865725  0.0  
  0.918367618868146  0.199697042567851  0.0  -0.48704941657887  0.439650947507715  0.0  
  0.91344181001626  0.204081523984668  0.0  -0.498150478550141  0.437203782983818  0.0  
  0.908404602564317  0.208441116703134  0.0  -0.509330339762811  0.434672105020066  0.0  
  0.903255196354856  0.212774964488805  0.0  -0.520591468868026  0.432053640883031  0.0  
  0.897992766181401  0.217082187849103  0.0  -0.531936408675409  0.429346008841756  0.0  
  0.892616461029977  0.221361882914725  0.0  -0.543367779617677  0.426546712248345  0.0  
  0.88712540328511  0.225613120259876  0.0  -0.554888283395406  0.423653133206911  0.0  
  0.881518687898445  0.229834943657056  0.0  -0.566500706813207  0.420662525797732  0.0  
  0.875795381518021  0.234026368761776  0.0  -0.578207925819301  0.417572008820368  0.0  
  0.869954521576096  0.238186381722199  0.0  -0.590012909761335  0.414378558016045  0.0  
  0.863995115333305  0.242313937708308  0.0  -0.601918725872099  0.411078997725794  0.0  
  0.857916138876765  0.246407959354705  0.0  -0.613928543999758  0.407669991936594  0.0  
  0.851716536069622  0.250467335110696  0.0  -0.626045641598197  0.404148034663093  0.0  
  0.845395217449357  0.254490917490726  0.0  -0.638273408994098  0.400509439607216  0.0  
  0.83895105907198  0.25847752121765  0.0  -0.650615354948532  0.396750329032194  0.0  
  0.832382901299099  0.262425921250642  0.0  -0.663075112531979  0.392866621781034  0.0  
  0.825689547524614  0.266334850688835  0.0  -0.675656445333008  0.388854020362235  0.0  
  0.818869762837605  0.27020299854094  0.0  -0.688363254022124  0.384707997017456  0.0  
  0.811922272617749  0.274029007350229  0.0  -0.701199583293723  0.380423778676803  0.0  
  0.804845761059355  0.277811470663255  0.0  -0.714169629210565  0.375996330697246  0.0  
  0.797638869619888  0.281548930329599  0.0  -0.727277746976712  0.37142033926832  0.0  
  0.790300195388546  0.285239873618694  0.0  -0.74052845916647  0.366690192356452  0.0  
  0.782828289370187  0.288882730138446  0.0  -0.753926464438565  0.36179995904486  0.0  
  0.775221654679616  0.292475868538854  0.0  -0.767476646766437  0.356743367109758  0.0  
  0.767478744640901  0.296017592982135  0.0  -0.781184085217299  0.35151377865524  0.0  
  0.759597960786066  0.299506139359032  0.0  -0.795054064314292  0.346104163608531  0.0  
  0.75157765074715  0.30293967122883  0.0  -0.809092085017791  0.340507070853758  0.0  
  0.74341610603526  0.306316275458319  0.0  -0.823303876363485  0.334714596755812  0.0  
  0.735111559699857  0.309633957532274  0.0  -0.837695407796384  0.328718350795519  0.0  
  0.726662183861109  0.312890636505092  0.0  -0.852272902241111  0.322509418002891  0.0  
  0.718066087107752  0.316084139559912  0.0  -0.867042849949874  0.316078317835863  0.0  
  0.709321311752461  0.319212196137803  0.0  -0.882012023169995  0.309414959106922  0.0  
  0.700425830936341  0.322272431595381  0.0  -0.897187491672856  0.302508590508554  0.0  
  0.691377545573685  0.325262360344462  0.0  -0.912576639185284  0.295347746229296  0.0  
  0.682174281127809  0.328179378421958  0.0  -0.928187180762519  0.287920186084229  0.0  
  0.672813784208318  0.331020755432092  0.0  -0.944027181138613  0.280212829505415  0.0  
  0.663293718979883  0.333783625796037  0.0  -0.960105074085074  0.272211682647356  0.0  
  0.653611663372302  0.33646497923617  0.0  -0.976429682801103  0.263901757757874  0.0  
  0.643765105081411  0.339061650413047  0.0  -0.993010241348313  0.255266983843447  0.0  
  0.633751437350388  0.341570307622871  0.0  -1.00985641712839  0.246290107516839  0.0  
  0.62356795452105  0.343987440451303  0.0  -1.02697833438263  0.236952582750436  0.0  
  0.613211847345082  0.346309346265859  0.0  -1.04438659866632  0.227234448066486  0.0  
  0.602680198045759  0.348532115413379  0.0  -1.06209232221633  0.217114189470396  0.0  
  0.591969975121716  0.350651614970899  0.0  -1.08010715008504  0.206568587168934  0.0  
  0.581078027885872  0.352663470877258  0.0  -1.09844328685446  0.195572543804003  0.0  
  0.570001080734778  0.354563048248389  0.0  -1.11711352366707  0.184098891565263  0.0  
  0.558735727146763  0.356345429650858  0.0  -1.13613126520929  0.172118175109906  0.0  
  0.547278423411425  0.358005391075173  0.0  -1.15551055615306  0.159598406701417  0.0  
  0.535625482098723  0.359537375311642  0.0  -1.17526610639138  0.146504789364106  0.0  
  0.52377306528351  0.360935462386216  0.0  -1.19541331418365  0.132799403115573  0.0  
  0.511717177551417  0.362193336660328  0.0  -1.21596828604052  0.118440848459001  0.0  
  0.499453658825341  0.363304250135756  0.0  -1.2369478518065  0.103383840259251  0.0  
  0.486978177069271  0.364260981430983  0.0  -1.25836957291353  0.0875787438509931  0.0  
  0.474286220949228  0.365055789806982  0.0  -1.28025174114633  0.0709710436838705  0.0  
  0.461373092561222  0.365680363514944  0.0  -1.30261336443228  0.0535007329365714  0.0  
  0.448233900375743  0.366125761612442  0.0  -1.32547413508071  0.0351016102506312  0.0  
  0.434863552600156  0.366382348243451  0.0  -1.34885437446502  0.0157004669476831  0.0  
  0.421256751228647  0.366439718195861  0.0  -1.37277494624652  -0.00478385532291564  0.0  
  0.407407987139089  0.366286612330665  0.0  -1.39725712772601  -0.0264415607615777  0.0  
  0.393311536714717  0.365910821211115  0.0  -1.42232242555678  -0.0493731788617566  0.0  
  0.37896146062531  0.365299074936881  0.0  -1.44799231756343  -0.0736910629766884  0.0  
  0.364351605610846  0.364436916793947  0.0  -1.47428789636501  -0.0995211518309707  0.0  
  0.349475610388362  0.36330855784827  0.0  -1.5012293823173  -0.12700504770541  0.0  
  0.334326917174704  0.361896709018554  0.0  -1.52883546214545  -0.156302477371842  0.0  
  0.318898790818518  0.360182386433577  0.0  -1.55712239437349  -0.187594217263801  0.0  
  0.303184348212186  0.358144684978178  0.0  -1.58610280161191  -0.22108558359995  0.0  
  0.287176601576073  0.355760513816873  0.0  -1.61578404055529  -0.257010612144291  0.0  
  0.270868520469245  0.353004286302571  0.0  -1.64616599971739  -0.295637082047143  0.0  
  0.254253119119329  0.349847554966209  0.0  -1.67723811746107  -0.337272574903375  0.0  
  0.237323578076064  0.346258580165922  0.0  -1.70897533137748  -0.382271804844919  0.0  
  0.220073412562804  0.342201818366383  0.0  -1.74133255361806  -0.431045508744463  0.0  
  0.202496704643105  0.337637312832417  0.0  -1.77423709916454  -0.484071246768544  0.0  
  0.184588423045085  0.332519965683661  0.0  -1.80757825102299  -0.541906529002847  0.0  
  0.166344864095155  0.32679866575155  0.0  -1.84119279173315  -0.605204743967847  0.0  
  0.147764261041006  0.320415241626711  0.0  -1.87484481028757  -0.674734397372823  0.0  
  0.128847629077851  0.313303204107673  0.0  -1.90819732729686  -0.751402127485294  0.0  
  0.109599942580314  0.305386238016592  0.0  -1.9407721519826  -0.836279751559754  0.0  
  0.0900317837253625  0.296576402363401  0.0  -1.97189272767224  -0.930635026195304  0.0  
  0.0701616641355097  0.286772004962562  0.0  -2.00060232319904  -1.03596450231024  0.0  
  0.0500193120568701  0.275855142587654  0.0  -2.02554655375608  -1.15402410728583  0.0  
  0.029650347907876  0.26368895976644  0.0  -2.04480475747171  -1.28684753783222  0.0  
  0.00912295179483823  0.250114815314899  0.0  -2.05564966569224  -1.43673170550046  0.0  
  -0.0114626400395489  0.234949824973684  0.0  -2.05421128763492  -1.6061480074541  0.0  
  -0.0319607196860543  0.217985795433303  0.0  -2.03502585904358  -1.79750139522703  0.0  
  -0.0521615453288113  0.198991584783221  0.0  -1.9904820251906  -2.01259858815402  0.0  
  -0.0717667769005306  0.17772269514226  0.0  -1.910274402004  -2.25160419865453  0.0  
  -0.0903598865366258  0.153944598481344  0.0  -1.78121118249665  -2.511205391258  0.0  
  -0.107377673165652  0.12747926627195  0.0  -1.58816564643084  -2.7818460027119  0.0  
  -0.122099848008586  0.0982842643437909  0.0  -1.31746875006251  -3.04462162309717  0.0  
  -0.133689182694387  0.0665619184724339  0.0  -0.963769933678774  -3.27010602480629  0.0  
  -0.141320040980932  0.0328616809709745  0.0  -0.538731850831569  -3.42302719323684  0.0  
  -0.144393925512853  -0.00190654247026686  0.0  -0.0751096850686006  -3.47465548198658  0.0  
  -0.142747522474766  -0.0366214412814455  0.0  0.380958994274663  -3.41686348140943  0.0  
  -0.136707909818902  -0.0702179705736442  0.0  0.787184208731219  -3.26629925789847  0.0  
  -0.126953050047915  -0.10191377931903  0.0  1.11921881394457  -3.05480422113924  0.0  
  -0.114289706971109  -0.131280826197316  0.0  1.37265309163484  -2.81504716426407  0.0  
  -0.0994795432449008  -0.158186564483445  0.0  1.55609088190324  -2.57155186730293  0.0  
  -0.0831563659799827  -0.18268996835643  0.0  1.68311541925673  -2.33902063593549  0.0  
  -0.0658110973367181  -0.20495069350743  0.0  1.76721069977603  -2.12452002339567  0.0  
  -0.0478090822904607  -0.225168485202866  0.0  1.81966210324017  -1.93033754467075  0.0  
  -0.0294164721734227  -0.243548802452477  0.0  1.84917547752542  -1.75618078100761  0.0  
  -0.0108250925379067  -0.260285782755427  0.0  1.8621982866503  -1.60055354492488  0.0  
  0.00782750463875809  -0.275555207205524  0.0  1.86341355000222  -1.4615214789466  0.0  
  0.0264429573362804  -0.289512722798167  0.0  1.85619676736944  -1.337101483709  0.0  
  0.0449511147486616  -0.302294591910398  0.0  1.84297827207798  -1.22544064062506  0.0  
  0.0633021617388458  -0.314019503426873  0.0  1.82551208631456  -1.12488458819202  0.0  
  0.0814609951588432  -0.324790701559442  0.0  1.80506931995096  -1.03399111905601  0.0  
  0.0994032041185574  -0.334698078476604  0.0  1.78257543248454  -0.951518667514162  0.0  
  0.117112184883965  -0.343820079778021  0.0  1.75870726623531  -0.876404890844198  0.0  
  0.134577058157494  -0.352225373500945  0.0  1.73396173493439  -0.807742813779791  0.0  
  0.151791155734271  -0.35997428168609  0.0  1.70870466254537  -0.744757975256844  0.0  
  0.16875091344097  -0.36711999446312  0.0  1.68320572128787  -0.686787968495051  0.0  
  0.185455055927741  -0.373709593855638  0.0  1.6576636004989  -0.633264759412004  0.0  
  0.201903992633371  -0.379784915203999  0.0  1.63222427155682  -0.583699701666402  0.0  
  0.218099367678233  -0.385383271929636  0.0  1.60699434082899  -0.537670973864527  0.0  
  0.234043722777572  -0.390538066153647  0.0  1.58205088223774  -0.494813106780771  0.0  
  0.249740243724167  -0.395279304318455  0.0  1.55744872770488  -0.454808273958761  0.0  
  0.265192569076969  -0.399634033837471  0.0  1.53322590800886  -0.417379051155226  0.0  
  0.280404645443342  -0.403626714060575  0.0  1.50940773795407  -0.382282390606777  0.0  
  0.295380617862606  -0.407279532519853  0.0  1.48600990074963  -0.349304596470833  0.0  
  0.310124746772442  -0.410612675483805  0.0  1.46304078852886  -0.318257124353948  0.0  
  0.324641345202176  -0.413644560251896  0.0  1.44050328638636  -0.288973059380419  0.0  
  0.338934731420726  -0.416392035312981  0.0  1.41839613756134  -0.261304153723083  0.0  
  0.353009193435032  -0.418870553422267  0.0  1.39671499155004  -0.235118326373893  0.0  
  0.366868962601989  -0.421094321778956  0.0  1.37545321091662  -0.210297545804701  0.0  
  0.380518194264857  -0.423076432774382  0.0  1.35460249356054  -0.186736030704016  0.0  
  0.393960953812208  -0.42482897819806  0.0  1.33415335321017  -0.164338715763225  0.0  
  0.407201206925728  -0.426363149312018  0.0  1.31409549055325  -0.143019939035728  0.0  
  0.420242813063121  -0.427689324812112  0.0  1.2944180796951  -0.12270231513159  0.0  
  0.433089521436255  -0.428817148372538  0.0  1.2751099888481  -0.103315764789226  0.0  
  0.445744968908876  -0.429755597203492  0.0  1.2561599497926  -0.0847966764688652  0.0  
  0.458212679364859  -0.430513042831419  0.0  1.23755668734223  -0.0670871797695758  0.0  
  0.470496064195976  -0.431097305128082  0.0  1.21928901752593  -0.0501345138662889  0.0  
  0.48259842363444  -0.431515700461988  0.0  1.20134592126988  -0.0338904769431771  0.0  
  0.494522948714861  -0.431775084718079  0.0  1.18371659887779  -0.0183109448826545  0.0  
  0.506272723696864  -0.431881891824513  0.0  1.16639050946158  -0.00335544934970737  0.0  
  0.517850728816069  -0.431842168335311  0.0  1.1493573985847  0.0110131930351636  0.0  
  0.529259843259914  -0.431661604541634  0.0  1.13260731668753  0.0248292074536613  0.0  
  0.540502848287438  -0.431345562520119  0.0  1.11613063032314  0.0381241495271936  0.0  
  0.55158243043007  -0.430899101472098  0.0  1.09991802780651  0.0509271608910636  0.0  
  0.56250118472462  -0.430327000661023  0.0  1.08396052054687  0.0632651960161611  0.0  
  0.573261617940893  -0.429633780215723  0.0  1.06824944106888  0.0751632239632225  0.0  
  0.583866151775264  -0.428823720033137  0.0  1.05277643851997  0.0866444082284092  0.0  
  0.594317125988585  -0.427900876984982  0.0  1.03753347229604  0.0977302673949906  0.0  
  0.604616801472386  -0.42686910060773  0.0  1.02251280428617  0.108440818930395  0.0  
  0.614767363231778  -0.425732047433565  0.0  1.00770699013246  0.118794708149381  0.0  
  0.624770923276946  -0.424493194101285  0.0  0.993108869817837  0.128809324093216  0.0  
  0.634629523417886  -0.423155849369844  0.0  0.978711557827996  0.138500903843807  0.0  
  0.6443451379592  -0.421723165143108  0.0  0.964508433080494  0.147884626594292  0.0  
  0.653919676293475  -0.420198146602103  0.0  0.950493128771388  0.156974698628467  0.0  
  0.663354985393067  -0.418583661530283  0.0  0.936659522255852  0.165784430216081  0.0  
  0.672652852201133  -0.416882448907957  0.0  0.923001725051926  0.174326305305932  0.0  
  0.681815005923529  -0.415097126843771  0.0  0.909514073034798  0.182612044790743  0.0  
  0.690843120223766  -0.413230199903897  0.0  0.896191116871621  0.190652664024374  0.0  
  0.699738815323636  -0.411284065893232  0.0  0.883027612733002  0.198458525191034  0.0  
  0.70850366001242  -0.409261022137243  0.0  0.870018513306312  0.206039385055802  0.0  
  0.717139173567805  -0.4071632713082  0.0  0.857158959127155  0.213404438564607  0.0  
  0.725646827591748  -0.404992926835059  0.0  0.844444270238514  0.22056235870841  0.0  
  0.734028047764588  -0.402752017932435  0.0  0.831869938181597  0.227521333019704  0.0  
  0.742284215520745  -0.400442494280588  0.0  0.819431618318248  0.234289097028615  0.0  
  0.750416669649302  -0.398066230385299  0.0  0.807125122481493  0.240872964970041  0.0  
  0.758426707822719  -0.39562502964373  0.0  0.794946411948309  0.247279858001809  0.0  
  0.766315588056884  -0.393120628139951  0.0  0.782891590726868  0.253516330166099  0.0  
  0.774084530105586  -0.390554698191599  0.0  0.770956899149117  0.259588592301948  0.0  
  0.781734716792425  -0.38792885166716  0.0  0.759138707758611  0.265502534095065  0.0  
  0.789267295283052  -0.385244643091645  0.0  0.747433511482876  0.27126374443208  0.0  
  0.796683378300528  -0.382503572556801  0.0  0.735837924079181  0.276877530209411  0.0  
  0.803984045286493  -0.379707088450616  0.0  0.724348672842406  0.282348933731932  0.0  
  0.811170343510687  -0.37685659001957  0.0  0.712962593563675  0.287682748823238  0.0  
  0.818243289131293  -0.373953429775937  0.0  0.701676625728508  0.292883535757435  0.0  
  0.825203868208429  -0.370998915761409  0.0  0.690487807943412  0.297955635111761  0.0  
  0.832053037673028  -0.367994313677354  0.0  0.679393273580104  0.302903180629885  0.0  
  0.83879172625322  -0.364940848891176  0.0  0.668390246626859  0.307730111177278  0.0  
  0.845420835360238  -0.361839708327472  0.0  0.657476037736815  0.312440181862436  0.0  
  0.851941239935771  -0.358692042251971  0.0  0.646648040463438  0.317036974390979  0.0  
  0.858353789262585  -0.355498965955617  0.0  0.635903727673724  0.32152390671354  0.0  
  0.864659307740139  -0.352261561345547  0.0  0.625240648130131  0.325904242022844  0.0  
  0.870858595626851  -0.348980878449239  0.0  0.6146564232326  0.330181097150505  0.0  
  0.876952429750555  -0.345657936837559  0.0  0.604148743912439  0.334357450409549  0.0  
  0.882941564188644  -0.342293726972056  0.0  0.593715367670212  0.338436148924741  0.0  
  0.888826730919292  -0.33888921148141  0.0  0.583354115750179  0.34241991548909  0.0  
  0.894608640445081  -0.335445326371597  0.0  0.573062870444161  0.346311354981704  0.0  
  0.900287982390309  -0.331962982173981  0.0  0.56283957251811  0.350112960379149  0.0  
  0.905865426073148  -0.328443065035251  0.0  0.552682218754962  0.353827118389814  0.0  
  0.911341621053802  -0.324886437752832  0.0  0.542588859607703  0.357456114738319  0.0  
  0.916717197659739  -0.321293940759137  0.0  0.532557596956896  0.361002139124819  0.0  
  0.921992767488998  -0.317666393057787  0.0  0.522586581967201  0.364467289882022  0.0  
  0.927168923892546  -0.314004593114723  0.0  0.512674013037722  0.367853578350915  0.0  
  0.9322462424366  -0.31030931970692  0.0  0.502818133841289  0.371162932994528  0.0  
  0.937225281345766  -0.306581332731222  0.0  0.493017231448018  0.374397203267542  0.0  
  0.942106581927836  -0.30282137397566  0.0  0.48326963452878  0.377558163258164  0.0  
  0.946890668980996  -0.299030167855454  0.0  0.473573711634399  0.380647515117408  0.0  
  0.951578051184206  -0.295208422115748  0.0  0.463927869546653  0.383666892289788  0.0  
  0.956169221471434  -0.291356828502995  0.0  0.45433055169734  0.386617862558345  0.0  
  0.960664657390409  -0.287476063406794  0.0  0.444780236651882  0.389501930915964  0.0  
  0.965064821446535  -0.28356678847385  0.0  0.435275436654119  0.392320542274058  0.0  
  0.969370161432541  -0.279629651195635  0.0  0.425814696229113  0.395075084018861  0.0  
  0.973581110744444  -0.275665285471225  0.0  0.416396590840974  0.397766888424833  0.0  
  0.977698088684361  -0.271674312146694  0.0  0.407019725602845  0.400397234933972  0.0  
  0.981721500750676  -0.267657339532363  0.0  0.397682734036357  0.402967352309231  0.0  
  0.985651738916033  -0.263614963899127  0.0  0.388384276877978  0.405478420669601  0.0  
  0.989489181893634  -0.259547769955002  0.0  0.37912304092984  0.407931573413926  0.0  
  0.993234195392253  -0.255456331302977  0.0  0.369897737952728  0.410327899039988  0.0  
  0.996887132360388  -0.25134121088118  0.0  0.360707103599048  0.412668442864971  0.0  
  1.00044833321994  -0.247202961386319  0.0  0.351549896383673  0.414954208652954  0.0  
  1.00391812608977  -0.243042125681302  0.0  0.342424896690718  0.417186160154719  0.0  
  1.00729682699953  -0.238859237187878  0.0  0.333330905814337  0.419365222564788  0.0  
  1.01058474009403  -0.234654820265116  0.0  0.324266745031759  0.42149228390026  0.0  
  1.01378215782853  -0.230429390574476  0.0  0.315231254706866  0.423568196305713  0.0  
  1.01688936115518  -0.226183455432182  0.0  0.306223293422675  0.425593777288157  0.0  
  1.01990661970095  -0.221917514149601  0.0  0.297241737141184  0.427569810885732  0.0  
  1.02283419193727  -0.217632058362238  0.0  0.288285478389101  0.429497048773621  0.0  
  1.0256723253417  -0.213327572347995  0.0  0.279353425468044  0.431376211310393  0.0  
  1.02842125655175  -0.209004533335248  0.0  0.270444501687869  0.433207988527793  0.0  
  1.03108121151122  -0.2046634118013  0.0  0.261557644621826  0.434993041066793  0.0  
  1.03365240560914  -0.200304671761743  0.0  0.252691805382319  0.436732001062507  0.0  
  1.03613504381157  -0.195928771051214  0.0  0.243845947916082  0.43842547298043  0.0  
  1.03852932078652  -0.191536161596025  0.0  0.235019048317631  0.440074034406285  0.0  
  1.04083542102199  -0.187127289679131  0.0  0.226210094159919  0.441678236791585  0.0  
  1.04305351893746  -0.182702596197843  0.0  0.217418083841127  0.443238606156918  0.0  
  1.04518377898893  -0.178262516914732  0.0  0.208642025946593  0.444755643754791  0.0  
  1.04722635576762  -0.173807482702088  0.0  0.199880938624914  0.446229826693755  0.0  
  1.04918139409252  -0.169337919780335  0.0  0.191133848977268  0.44766160852542  0.0  
  1.05104902909691  -0.164854249950758  0.0  0.182399792459064  0.449051419795847  0.0  
  1.0528293863089  -0.160356890822883  0.0  0.173677812293041  0.450399668562699  0.0  
  1.05452258172625  -0.155846256036865  0.0  0.164966958892967  0.451706740879449  0.0  
  1.05612872188537  -0.151322755481185  0.0  0.156266289297104  0.452973001247818  0.0  
  1.0576479039248  -0.146786795505982  0.0  0.14757486661066  0.454198793039559  0.0  
  1.05908021564307  -0.142238779132325  0.0  0.138891759456429  0.455384438888588  0.0  
  1.06042573555118  -0.137679106257695  0.0  0.130216041432865  0.45653024105442  0.0  
  1.06168453291966  -0.13310817385799  0.0  0.121546790578846  0.457636481757733  0.0  
  1.06285666782029  -0.128526376186298  0.0  0.112883088844402  0.45870342348888  0.0  
  1.06394219116263  -0.123934104968727  0.0  0.104224021566692  0.459731309290035  0.0  
  1.0649411447252  -0.11933174959754  0.0  0.0955686769505198  0.460720363011632  0.0  
  1.06585356118165  -0.114719697321855  0.0  0.0869161455527096  0.461670789543665  0.0  
  1.06667946412167  -0.110098333436152  0.0  0.0782655197696491  0.462582775022381  0.0  
  1.06741886806683  -0.105468041466842  0.0  0.0696158933273252  0.4634564870128  0.0  
  1.06807177848134  -0.10082920335712  0.0  0.0609663607731838  0.464292074667475  0.0  
  1.06863819177774  -0.0961821996503633  0.0  0.0523160169691461  0.465089668861815  0.0  
  1.06911809531748  -0.091527409672276  0.0  0.0436639565851169  0.465849382306257  0.0  
  1.06951146740648  -0.0868652117120406  0.0  0.0350092735923225  0.466571309635517  0.0  
  1.06981827728563  -0.0821959832026844  0.0  0.0263510607558141  0.467255527475064  0.0  
  1.07003848511615  -0.077520100900896  0.0  0.0176884091254716  0.467902094484964  0.0  
  1.07017204195992  -0.072837941066517  0.0  0.00902040752483748  0.468511051381129  0.0  
  1.07021888975463  -0.0681498796419336  0.0  0.000346142037107685  0.46908242093398  0.0  
  1.07017896128382  -0.0634562924315947  0.0  -0.00833530451240352  0.469616207944486  0.0  
  1.07005218014169  -0.0587575552818828  0.0  -0.0170248530780128  0.470112399197464  0.0  
  1.06983846069267  -0.0540540442615661  0.0  -0.0257234289203317  0.470570963391985  0.0  
  1.06953770802575  -0.0493461358430615  0.0  -0.0344319621385557  0.470991851048674  0.0  
  1.06914981790336  -0.0446342070847408  0.0  -0.0431513882091042  0.47137499439363  0.0  
  1.06867467670496  -0.039918635814515  0.0  -0.0518826485313497  0.471720307218641  0.0  
  1.06811216136499  -0.0351998008149365  0.0  -0.0606266909811944  0.472027684717301  0.0  
  1.06746213930536  -0.0304780820100608  0.0  -0.069384470473268  0.472297003296587  0.0  
  1.06672446836221  -0.0257538606543177  0.0  -0.078156949532545  0.472528120363376  0.0  
  1.06589899670693  -0.0210275195236424  0.0  -0.0869450988761988  0.472720874085339  0.0  
  1.0649855627613  -0.0162994431091285  0.0  -0.0957498980065374  0.472875083125554  0.0  
  1.06398399510666  -0.0115700178134678  0.0  -0.104572335815892  0.472990546350135  0.0  
  1.06289411238691  -0.00683963215044975  0.0  -0.113413411204359  0.473067042508088  0.0  
  1.06171572320537  -0.00210867694780483  0.0  -0.122274133711325  0.473104329882528  0.0  
  1.06044862601513  0.00262245444632029  0.0  -0.131155524161751  0.473102145912322  0.0  
  1.05909260900298  0.00735336595295269  0.0  -0.140058615328201  0.473060206783123  0.0  
  1.05764744996655  0.0120836585476381  0.0  -0.148984452609683  0.472978206986686  0.0  
  1.0561129161846  0.0168129300412175  0.0  -0.15793409472837  0.472855818847253  0.0  
  1.05448876428029  0.0215407748556994  0.0  -0.166908614445337  0.472692692013706  0.0  
  1.05277474007714  0.0262667837948796  0.0  -0.17590909929651  0.472488452916067  0.0  
  1.05097057844755  0.0309905438093433  0.0  -0.184936652350033  0.47224270418483  0.0  
  1.04907600315363  0.0357116377554715  0.0  -0.193992392986386  0.471955024031481  0.0  
  1.04709072668015  0.0404296441480533  0.0  -0.203077457702555  0.471624965588439  0.0  
  1.04501445005923  0.0451441369060914  0.0  -0.212193000941724  0.47125205620652  0.0  
  1.04284686268672  0.0498546850913633  0.0  -0.221340195949927  0.470835796707879  0.0  
  1.0405876421298  0.0545608526392852  0.0  -0.23052023566126  0.470375660592241  0.0  
  1.03823645392559  0.0592621980815986  0.0  -0.239734333613258  0.46987109319405  0.0  
  1.03579295137044  0.0639582742603765  0.0  -0.248983724894192  0.469321510788021  0.0  
  1.03325677529966  0.0686486280328207  0.0  -0.258269667124078  0.468726299640357  0.0  
  1.03062755385715  0.073332799966293  0.0  -0.267593441471313  0.46808481500273  0.0  
  1.0279049022548  0.0780103240229912  0.0  -0.276956353706969  0.467396380045868  0.0  
  1.02508842252101  0.0826807272336524  0.0  -0.286359735298838  0.466660284729399  0.0  
  1.02217770323824  0.0873435293596256  0.0  -0.295804944547507  0.465875784604318  0.0  
  1.01917231926882  0.0919982425426239  0.0  -0.305293367766799  0.465042099544202  0.0  
  1.01607183146885  0.0966443709414219  0.0  -0.314826420511105  0.464158412400993  0.0  
  1.01287578638951  0.101281410354723  0.0  -0.32440554885224  0.463223867580845  0.0  
  1.00958371596535  0.105908847829372  0.0  -0.334032230708642  0.462237569535225  0.0  
  1.00619513718909  0.110526161253049  0.0  -0.343707977229852  0.461198581162063  0.0  
  1.00270955177223  0.115132818930499  0.0  -0.353434334239446  0.460105922111358  0.0  
  0.999126445790894  0.119728279142338  0.0  -0.363212883739736  0.458958566989228  0.0  
  0.995445289316419  0.124311989685371  0.0  -0.373045245481767  0.457755443453906  0.0  
  0.991665536029813  0.128883387393309  0.0  -0.382933078604378  0.456495430196711  0.0  
  0.987786622819507  0.133441897636708  0.0  -0.392878083346281  0.455177354800439  0.0  
  0.983807969361609  0.137986933800857  0.0  -0.402882002835419  0.453799991467049  0.0  
  0.979728977681858  0.142517896740269  0.0  -0.412946624960065  0.45236205860587  0.0  
  0.975549031698452  0.147034174208328  0.0  -0.423073784326469  0.450862216272824  0.0  
  0.971267496744852  0.151535140260572  0.0  -0.433265364308116  0.449299063450436  0.0  
  0.966883719071627  0.156020154629933  0.0  -0.443523299192028  0.447671135157518  0.0  
  0.962397025326325  0.160488562072216  0.0  -0.453849576427857  0.445976899376525  0.0  
  0.957806722010339  0.164939691679886  0.0  -0.464246238985927  0.444214753785582  0.0  
  0.953112094911619  0.169372856162186  0.0  -0.474715387830756  0.44238302228107  0.0  
  0.948312408512059  0.173787351089375  0.0  -0.485259184517059  0.440479951275483  0.0  
  0.943406905368296  0.178182454098802  0.0  -0.495879853915661  0.438503705753935  0.0  
  0.938394805464575  0.182557424060276  0.0  -0.506579687077297  0.436452365071278  0.0  
  0.933275305536267  0.186911500198076  0.0  -0.517361044242758  0.434323918470187  0.0  
  0.928047578362536  0.191243901166687  0.0  -0.528226358008488  0.432116260298869  0.0  
  0.922710772026541  0.19555382407716  0.0  -0.539178136657299  0.429827184905099  0.0  
  0.917264009141485  0.19984044347073  0.0  -0.55021896766458  0.427454381181215  0.0  
  0.911706386040697  0.204102910236072  0.0  -0.561351521391081  0.424995426732379  0.0  
  0.906036971929819  0.208340350466284  0.0  -0.572578554974135  0.422447781637835  0.0  
  0.900254807999061  0.212551864251366  0.0  -0.583902916429994  0.4198087817721  0.0  
  0.894358906493342  0.216736524401625  0.0  -0.595327548980881  0.417075631649864  0.0  
  0.888348249738003  0.220893375097051  0.0  -0.606855495621294  0.414245396754931  0.0  
  0.882221789117616  0.225021430457297  0.0  -0.61848990393914  0.411314995309706  0.0  
  0.875978444005274  0.229119673026443  0.0  -0.630234031208403  0.408281189437442  0.0  
  0.869617100639541  0.23318705216622  0.0  -0.642091249771214  0.405140575664762  0.0  
  0.8631366109461  0.237222482350816  0.0  -0.654065052728497  0.401889574706682  0.0  
  0.856535791300888  0.241224841355802  0.0  -0.666159059959717  0.398524420470511  0.0  
  0.849813421231339  0.245192968333013  0.0  -0.678377024493751  0.395041148208443  0.0  
  0.842968242052104  0.249125661762515  0.0  -0.690722839254446  0.391435581741371  0.0  
  0.835998955431374  0.253021677271963  0.0  -0.703200544206143  0.387703319668255  0.0  
  0.828904221883686  0.256879725312749  0.0  -0.715814333926234  0.383839720466249  0.0  
  0.821682659184787  0.260698468681356  0.0  -0.728568565633707  0.379839886376495  0.0  
  0.814332840703865  0.264476519873213  0.0  -0.741467767704719  0.375698645958984  0.0  
  0.806853293648093  0.26821243825514  0.0  -0.754516648708356  0.371410535186907  0.0  
  0.799242497214136  0.271904727041083  0.0  -0.767720106998028  0.366969776936298  0.0  
  0.791498880640862  0.275551830054339  0.0  -0.781083240896346  0.362370258710292  0.0  
  0.783620821157133  0.279152128257767  0.0  -0.794611359513837  0.357605508418678  0.0  
  0.775606641818138  0.28270393603159  0.0  -0.808309994244454  0.352668668012346  0.0  
  0.767454609223263  0.286205497176277  0.0  -0.822184910983527  0.347552464748297  0.0  
  0.759162931108041  0.289654980615637  0.0  -0.836242123116521  0.342249179833719  0.0  
  0.750729753802237  0.293050475772557  0.0  -0.850487905329755  0.336750614166731  0.0  
  0.742153159545569  0.29638998758689  0.0  -0.86492880829691  0.331048050856145  0.0  
  0.733431163652037  0.299671431141565  0.0  -0.879571674297779  0.325132214162365  0.0  
  0.724561711513246  0.302892625859261  0.0  -0.894423653828089  0.318993224455481  0.0  
  0.715542675430517  0.306051289227651  0.0  -0.909492223261326  0.312620548733848  0.0  
  0.706371851264944  0.309145030006406  0.0  -0.924785203625014  0.306002946185764  0.0  
  0.697046954893942  0.312171340863627  0.0  -0.940310780554787  0.29912840820706  0.0  
  0.687565618462186  0.315127590383154  0.0  -0.956077525489438  0.291984092206896  0.0  
  0.677925386414218  0.318011014377051  0.0  -0.972094418168622  0.284556248440891  0.0  
  0.668123711295383  0.320818706429509  0.0  -0.988370870491529  0.276830139002877  0.0  
  0.658157949307204  0.323547607589087  0.0  -1.00491675178908  0.268789947981209  0.0  
  0.648025355602809  0.32619449511564  0.0  -1.02174241555305  0.260418681639702  0.0  
  0.637723079307653  0.328755970176076  0.0  -1.03885872765234  0.251698057313006  0.0  
  0.627248158250532  0.331228444369055  0.0  -1.05627709604733  0.242608379507042  0.0  
  0.616597513389923  0.333608124942593  0.0  -1.07400950198729  0.233128401461504  0.0  
  0.605767942920936  0.335890998549837  0.0  -1.09206853263952  0.223235170156622  0.0  
  0.594756116048937  0.338072813366578  0.0  -1.11046741505036  0.212903852422397  0.0  
  0.583558566417134  0.340149059368946  0.0  -1.12922005127365  0.202107539425285  0.0  
  0.57217168517745  0.342114946540345  0.0  -1.14834105441515  0.19081702635288  0.0  
  0.560591713697016  0.343965380742461  0.0  -1.16784578522809  0.179000563576559  0.0  
  0.548814735896894  0.34569493694499  0.0  -1.18775038874331  0.166623574927155  0.0  
  0.536836670225686  0.347297829461606  0.0  -1.20807183021946  0.153648337946853  0.0  
  0.524653261278927  0.348767878784048  0.0  -1.22882792943699  0.140033620053899  0.0  
  0.512260071086419  0.350098474540554  0.0  -1.25003739201539  0.125734263440583  0.0  
  0.499652470104833  0.351282534026896  0.0  -1.27171983598025  0.110700710176183  0.0  
  0.486825627973163  0.352312455665608  0.0  -1.29389581120865  0.0948784573511488  0.0  
  0.473774504115783  0.353180066638358  0.0  -1.31658680859187  0.0782074301089397  0.0  
  0.460493838313906  0.353876563803869  0.0  -1.33981525470882  0.0606212579826311  0.0  
  0.446978141414281  0.354392446854591  0.0  -1.36360448641453  0.0420464369769989  0.0  
  0.433221686407836  0.354717442473203  0.0  -1.38797869789826  0.0224013561776457  0.0  
  0.419218500195981  0.354840418017584  0.0  -1.4129628502913  0.00159516315453121  0.0  
  0.404962356475634  0.354749282980437  0.0  -1.43858253058245  -0.0204735631604837  0.0  
  0.390446770325496  0.354430876125463  0.0  -1.46486374211805  -0.0439183703815273  0.0  
  0.375664995279074  0.353870835780625  0.0  -1.49183260289001  -0.0688667682647282  0.0  
  0.360610023942871  0.353053450251737  0.0  -1.51951491953947  -0.0954623996902048  0.0  
  0.34527459358668  0.351961484682121  0.0  -1.54793559366361  -0.123867618241032  0.0  
  0.329651198632666  0.350575979896187  0.0  -1.57711780138078  -0.154266560532251  0.0  
  0.313732112651152  0.348876017787991  0.0  -1.60708186542149  -0.186868822696805  0.0  
  0.297509423404649  0.346838446602218  0.0  -1.63784370872342  -0.221913877076608  0.0  
  0.280975085768864  0.344437557944457  0.0  -1.66941273590888  -0.259676398465018  0.0  
  0.264120999145455  0.341644705476651  0.0  -1.7017889286736  -0.300472710615077  0.0  
  0.246939118476128  0.338427852913655  0.0  -1.73495885498117  -0.344668614563381  0.0  
  0.229421611477521  0.334751036036037  0.0  -1.76889016809015  -0.392688921615714  0.0  
  0.211561079690583  0.330573719863846  0.0  -1.80352399196638  -0.445029085336827  0.0  
  0.193350868041068  0.325850027798438  0.0  -1.8387643276942  -0.502269405304934  0.0  
  0.174785497827252  0.3205278143902  0.0  -1.87446323063816  -0.565092350875798  0.0  
  0.155861272862718  0.314547547526795  0.0  -1.91039993944906  -0.634303602246999  0.0  
  0.136577130115687  0.30784095968222  0.0  -1.946251294593  -0.710857377647032  0.0  
  0.116935837904851  0.300329422536747  0.0  -1.98154953230655  -0.795886403633299  0.0  
  0.0969456914318383  0.291921997306953  0.0  -2.01562169048176  -0.890736276714736  0.0  
  0.0766229242691045  0.282513119895629  0.0  -2.04750216778439  -0.997002535791866  0.0  
  0.055995155293222  0.271979906482228  0.0  -2.07580616776326  -1.11656569151496  0.0  
  0.0351063360435375  0.260179133331892  0.0  -2.09854671677196  -1.25161316441307  0.0  
  0.0140238660615407  0.246944097039947  0.0  -2.11287223215697  -1.40462465194768  0.0  
  -0.00715119500335279  0.232081878727969  0.0  -2.11469793978001  -1.57827379770794  0.0  
  -0.0282696112111364  0.215372162980266  0.0  -2.09821123380573  -1.77515642247413  0.0  
  -0.0491138144188148  0.196569937411703  0.0  -2.05527028617333  -1.99718592128679  0.0  
  -0.0693712783226824  0.175416432990538  0.0  -1.9748354146456  -2.24440498404095  0.0  
  -0.0886028825910448  0.151665697983656  0.0  -1.84285674090423  -2.5129134566262  0.0  
  -0.106213978327104  0.12513725892256  0.0  -1.6435497185436  -2.79182754181123  0.0  
  -0.121448491205605  0.0958040295921107  0.0  -1.36348265360599  -3.06012321448781  0.0  
  -0.13344273364992  0.0639086309630414  0.0  -0.999286234559467  -3.28614363558102  0.0  
  -0.141375638252474  0.0300606359869259  0.0  -0.566393850264424  -3.43391215446091  0.0  
  -0.144698505183891  -0.00477626651338303  0.0  -0.101319553041848  -3.476969681358  0.0  
  -0.14332755650971  -0.0394672665352233  0.0  0.34877624932732  -3.41164995441886  0.0  
  -0.137658581803818  -0.0729831384969589  0.0  0.744104026737112  -3.25834102209959  0.0  
  -0.128397856458679  -0.104601797183315  0.0  1.06428876722709  -3.04981483087087  0.0  
  -0.116341626473643  -0.133948538840636  0.0  1.30791033783189  -2.81732018814462  0.0  
  -0.102220918169378  -0.16092250136031  0.0  1.48477358845719  -2.58325321794196  0.0  
  -0.0866355502511244  -0.18559380750039  0.0  1.60837796729992  -2.36059803554385  0.0  
  -0.0700476248599874  -0.20811978867428  0.0  1.69157348791008  -2.15539619775297  0.0  
  -0.0528011279607144  -0.228691017520211  0.0  1.74492787865171  -1.96946615597987  0.0  
  -0.0351476598042516  -0.247501298829375  0.0  1.77653960229697  -1.80238647629376  0.0  
  -0.0172697703492406  -0.264733012117789  0.0  1.79240183974528  -1.65270642770824  0.0  
  0.000700493166539633  -0.280551172383817  0.0  1.79687932879342  -1.51861119207198  0.0  
  0.0186677003434542  -0.295102038555788  0.0  1.79313324538909  -1.39825802233849  0.0  
  0.0365629298574899  -0.308513897643032  0.0  1.78345367528705  -1.28992991228528  0.0  
  0.054336498781379  -0.320898757069088  0.0  1.76950525787394  -1.19209372792084  0.0  
  0.0719527483835691  -0.332354302249153  0.0  1.75250391634432  -1.1034109992679  0.0  
  0.0893862973564202  -0.342965813256526  0.0  1.73334260630074  -1.02272698679482  0.0  
  0.106619336687358  -0.352807909801238  0.0  1.71268055550934  -0.949051172402412  0.0  
  0.123639664416282  -0.361946081879771  0.0  1.69100673250243  -0.881535659866588  0.0  
  0.140439248057621  -0.370438005568696  0.0  1.66868520856852  -0.819454486636681  0.0  
  0.157013165573148  -0.378334661792766  0.0  1.6459877876777  -0.762185070651869  0.0  
  0.173358819811364  -0.3856812823203  0.0  1.62311764748918  -0.709192136844449  0.0  
  0.189475351968315  -0.392518147917122  0.0  1.60022659674517  -0.660014056806694  0.0  
  0.205363200984036  -0.398881261718822  0.0  1.57742776784061  -0.614251363012968  0.0  
  0.221023770744944  -0.404802918070813  0.0  1.55480502084242  -0.571557145754861  0.0  
  0.236459177497615  -0.4103121841186  0.0  1.53241996029856  -0.531629043924017  0.0  
  0.25167205735149  -0.415435308659707  0.0  1.51031720592836  -0.49420256781155  0.0  
  0.266665419086465  -0.420196070329203  0.0  1.4885283765872  -0.459045527091231  0.0  
  0.281442531324134  -0.424616075111154  0.0  1.46707511919041  -0.425953372422687  0.0  
  0.296006835908474  -0.428715011428513  0.0  1.44597142387764  -0.394745291293163  0.0  
  0.31036188137808  -0.432510869624272  0.0  1.42522540222914  -0.365260926640518  0.0  
  0.324511271910622  -0.436020131462807  0.0  1.40484065902943  -0.337357610350661  0.0  
  0.338458628230719  -0.439257934310007  0.0  1.38481735455406  -0.31090802325274  0.0  
  0.35220755780098  -0.442238213856312  0.0  1.36515302992218  -0.285798209269061  0.0  
  0.365761632237974  -0.444973828596323  0.0  1.34584325012356  -0.261925884463095  0.0  
  0.379124370364889  -0.447476668745379  0.0  1.32688210607471  -0.239198992376935  0.0  
  0.392299225669686  -0.449757751835573  0.0  1.30826260720071  -0.21753446570301  0.0  
  0.405289577210364  -0.451827306873234  0.0  1.28997698866088  -0.196857161367957  0.0  
  0.418098723218494  -0.453694848642442  0.0  1.27201695178002  -0.177098941828341  0.0  
  0.430729876813896  -0.455369243492992  0.0  1.25437385204014  -0.158197880040537  0.0  
  0.443186163368683  -0.4568587677469  0.0  1.23703884578328  -0.140097569374527  0.0  
  0.455470619156586  -0.458171159687499  0.0  1.22000300432465  -0.122746522857923  0.0  
  0.467586190999774  -0.459313665953111  0.0  1.2032574022885  -0.10609764869444  0.0  
  0.479535736685339  -0.460293083038331  0.0  1.18679318552205  -0.0901077911061222  0.0  
  0.491322025970775  -0.461115794506021  0.0  1.17060162281103  -0.0747373272861397  0.0  
  0.502947742035101  -0.461787804428849  0.0  1.15467414473832  -0.0599498126873417  0.0  
  0.514415483261799  -0.462314767508022  0.0  1.13900237233675  -0.0457116680658928  0.0  
  0.525727765263232  -0.462702016256492  0.0  1.12357813764498  -0.0319919026937754  0.0  
  0.536887023074911  -0.462954585582595  0.0  1.10839349784727  -0.0187618689844566  0.0  
  0.547895613462887  -0.463077235066312  0.0  1.09344074434008  -0.00599504447169505  0.0  
  0.558755817299508  -0.463074469182927  0.0  1.07871240779988  0.00633316233414801  0.0  
  0.569469841972302  -0.462950555696785  0.0  1.06420126011264  0.0182455851956186  0.0  
  0.58003982379844  -0.462709542420273  0.0  1.04990031385536  0.0297634550709369  0.0  
  0.590467830423348  -0.462355272509379  0.0  1.03580281988339  0.0409065389251641  0.0  
  0.600755863187008  -0.461891398446671  0.0  1.0219022634679  0.051693264345688  0.0  
  0.610905859445396  -0.461321394844729  0.0  1.00819235934018  0.0621408316231414  0.0  
  0.620919694837731  -0.46064857018766  0.0  0.994667045928501  0.0722653147413199  0.0  
  0.630799185492712  -0.459876077614867  0.0  0.981320479016401  0.0820817525334772  0.0  
  0.640546090168984  -0.459006924839545  0.0  0.968147025005198  0.0916042311026297  0.0  
  0.650162112326669  -0.458043983284147  0.0  0.955141253926232  0.100845958466118  0.0  
  0.659648902128114  -0.456989996506069  0.0  0.942297932318379  0.109819332266256  0.0  
  0.669008058367009  -0.455847587978966  0.0  0.929612016061914  0.118536001286576  0.0  
  0.678241130325841  -0.454619268288184  0.0  0.917078643240136  0.127006921424613  0.0  
  0.687349619562274  -0.453307441792669  0.0  0.90469312708419  0.135242406695276  0.0  
  0.69633498162552  -0.45191441280037  0.0  0.892450949043602  0.14325217577205  0.0  
  0.705198627704148  -0.450442391299374  0.0  0.880347752014623  0.151045394515011  0.0  
  0.713941926207048  -0.448893498282777  0.0  0.868379333750031  0.158630714883817  0.0  
  0.722566204279448  -0.447269770701588  0.0  0.856541640467274  0.166016310589354  0.0  
  0.731072749256052  -0.445573166076596  0.0  0.844830760666381  0.173209909798743  0.0  
  0.739462810053436  -0.443805566797196  0.0  0.833242919164705  0.180218825174216  0.0  
  0.747737598503888  -0.441968784132497  0.0  0.82177447135208  0.187049981496244  0.0  
  0.755898290632915  -0.440064561977705  0.0  0.810421897667244  0.193709941094805  0.0  
  0.763946027882625  -0.438094580356619  0.0  0.799181798294198  0.200204927289273  0.0  
  0.77188191828317  -0.43606045869923  0.0  0.788050888075497  0.206540846016692  0.0  
  0.779707037574398  -0.433963758911667  0.0  0.777025991638185  0.212723305809929  0.0  
  0.787422430279819  -0.431805988254236  0.0  0.766104038727097  0.218757636270884  0.0  
  0.795029110734938  -0.42958860204192  0.0  0.755282059739558  0.224648905169561  0.0  
  0.802528064071915  -0.42731300618044  0.0  0.744557181454978  0.230401934286918  0.0  
  0.80992024716249  -0.424980559549904  0.0  0.733926622952523  0.236021314107989  0.0  
  0.81720658952101  -0.422592576247019  0.0  0.723387691709819  0.241511417461577  0.0  
  0.824387994169328  -0.420150327695943  0.0  0.712937779875574  0.246876412193662  0.0  
  0.831465338465282  -0.41765504463704  0.0  0.702574360708956  0.252120272953535  0.0  
  0.838439474896393  -0.415107919002015  0.0  0.692294985178664  0.257246792164357  0.0  
  0.845311231840322  -0.412510105683256  0.0  0.682097278714696  0.26225959024325  0.0  
  0.852081414293606  -0.409862724204576  0.0  0.671978938105996  0.26716212513019  0.0  
  0.858750804570078  -0.407166860299982  0.0  0.661937728537324  0.27195770117961  0.0  
  0.865320162970333  -0.404423567406581  0.0  0.651971480758905  0.276649477463911  0.0  
  0.871790228423547  -0.401633868077286  0.0  0.642078088382616  0.281240475533722  0.0  
  0.87816171910287  -0.398798755318524  0.0  0.632255505298704  0.28573358667591  0.0  
  0.88443533301558  -0.395919193857775  0.0  0.622501743207264  0.2901315787068  0.0  
  0.890611748569106  -0.392996121345421  0.0  0.612814869258936  0.294437102334917  0.0  
  0.896691625113999  -0.390030449495034  0.0  0.603193003799498  0.298652697124652  0.0  
  0.902675603464848  -0.387023065165954  0.0  0.59363431821331  0.3027807970897  0.0  
  0.908564306400117  -0.383974831391705  0.0  0.584137032860731  0.306823735942683  0.0  
  0.914358339141818  -0.380886588357586  0.0  0.574699415104903  0.310783752025288  0.0  
  0.92005828981588  -0.377759154330486  0.0  0.565319777423494  0.314662992941245  0.0  
  0.925664729894055  -0.37459332654381  0.0  0.555996475601186  0.318463519912717  0.0  
  0.931178214618144  -0.371389882040175  0.0  0.546727906998936  0.322187311879048  0.0  
  0.936599283407285  -0.368149578474362  0.0  0.537512508896185  0.32583626935531  0.0  
  0.941928460249025  -0.364873154878835  0.0  0.528348756902415  0.329412218066793  0.0  
  0.947166254074841  -0.361561332394008  0.0  0.519235163434608  0.332916912374273  0.0  
  0.952313159120759  -0.358214814965262  0.0  0.510170276257349  0.336352038503843  0.0  
  0.957369655273676  -0.354834290008609  0.0  0.50115267708246  0.339719217593984  0.0  
  0.96233620840398  -0.351420429046778  0.0  0.492180980225221  0.343020008571669  0.0  
  0.967213270684993  -0.347973888317349  0.0  0.483253831314382  0.346255910868365  0.0  
  0.972001280899786  -0.344495309354521  0.0  0.474369906053296  0.349428366986057  0.0  
  0.976700664735852  -0.340985319545932  0.0  0.465527909029643  0.352538764922641  0.0  
  0.981311835068114  -0.337444532665912  0.0  0.456726572571362  0.355588440465375  0.0  
  0.985835192230718  -0.333873549386437  0.0  0.447964655646484  0.358578679360467  0.0  
  0.990271124278036  -0.330272957766991  0.0  0.439240942804714  0.361510719366284  0.0  
  0.99462000723529  -0.32664333372446  0.0  0.430554243158698  0.364385752197176  0.0  
  0.998882205339183  -0.32298524148411  0.0  0.421903389403014  0.367204925364362  0.0  
  1.0030580712689  -0.319299234012669  0.0  0.413287236869017  0.369969343919967  0.0  
  1.00714794636786  -0.315585853434423  0.0  0.404704662613787  0.372680072109778  0.0  
  1.01115216085643  -0.311845631431243  0.0  0.396154564541463  0.375338134940009  0.0  
  1.01507103403618  -0.308079089627349  0.0  0.38763586055539  0.377944519662921  0.0  
  1.01890487448563  -0.304286739959617  0.0  0.379147487739526  0.380500177185886  0.0  
  1.02265398024806  -0.30046908503417  0.0  0.37068840156767  0.383006023408123  0.0  
  1.02631863901152  -0.296626618469948  0.0  0.362257575139117  0.385462940489097  0.0  
  1.02989912828133  -0.292759825229929  0.0  0.353853998439416  0.387871778052282  0.0  
  1.03339571554531  -0.288869181940627  0.0  0.345476677624979  0.390233354327758  0.0  
  1.03680865843195  -0.284955157200458  0.0  0.337124634330326  0.392548457236882  0.0  
  1.0401382048618  -0.281018211877546  0.0  0.328796904996828  0.394817845422062  0.0  
  1.04338459319221  -0.277058799397498  0.0  0.320492540221839  0.397042249224482  0.0  
  1.04654805235573  -0.273077366021648  0.0  0.312210604127182  0.399222371612413  0.0  
  1.04962880199218  -0.26907435111627  0.0  0.303950173745968  0.401358889062608  0.0  
  1.05262705257479  -0.265050187413195  0.0  0.295710338426797  0.403452452397103  0.0  
  1.05554300553042  -0.261005301262286  0.0  0.287490199254426  0.405503687577602  0.0  
  1.05837685335401  -0.256940112876168  0.0  0.279288868486  0.407513196459476  0.0  
  1.06112877971757  -0.252855036567624  0.0  0.271105469002026  0.409481557507304  0.0  
  1.0637989595737  -0.248750480980014  0.0  0.262939133771249  0.411409326473729  0.0  
  1.06638755925381  -0.244626849311092  0.0  0.254789005328676  0.413297037043312  0.0  
  1.06889473656123  -0.240484539530552  0.0  0.246654235265963  0.41514520144295  0.0  
  1.07132064085923  -0.236323944591633  0.0  0.238533983733476  0.416954311020332  0.0  
  1.07366541315414  -0.232145452637096  0.0  0.230427418953289  0.4187248367918  0.0  
  1.07592918617371  -0.227949447199873  0.0  0.222333716742482  0.420457229960911  0.0  
  1.07811208444065  -0.223736307398676  0.0  0.21425206004605  0.422151922408897  0.0  
  1.08021422434161  -0.219506408128831  0.0  0.20618163847882  0.423809327158153  0.0  
  1.0822357141916  -0.21526012024862  0.0  0.198121647875753  0.425429838809803  0.0  
  1.08417665429401  -0.210997810761365  0.0  0.190071289850032  0.427013833956321  0.0  
  1.08603713699612  -0.206719842993516  0.0  0.182029771358365  0.428561671570135  0.0  
  1.08781724674046  -0.202426576768963  0.0  0.173996304272951  0.430073693369045  0.0  
  1.08951706011178  -0.198118368579816  0.0  0.165970104959538  0.431550224159275  0.0  
  1.09113664587993  -0.193795571753855  0.0  0.157950393861062  0.43299157215687  0.0  
  1.09267606503854  -0.189458536618885  0.0  0.14993639508633  0.434398029288136  0.0  
  1.09413537083963  -0.185107610664175  0.0  0.141927336003242  0.435769871469747  0.0  
  1.09551460882419  -0.180743138699209  0.0  0.13392244683605  0.437107358869102  0.0  
  1.09681381684876  -0.176365463009923  0.0  0.125920960266152  0.438410736145469  0.0  
  1.09803302510796  -0.171974923512629  0.0  0.117922111035945  0.439680232672397  0.0  
  1.09917225615317  -0.167571857905805  0.0  0.10992513555525  0.440916062741848  0.0  
  1.10023152490723  -0.163156601819936  0.0  0.101929271509836  0.442118425750452  0.0  
  1.10121083867522  -0.15872948896558  0.0  0.0939337574715724  0.443287506368242  0.0  
  1.10211019715142  -0.154290851279833  0.0  0.0859378325097448  0.444423474690194  0.0  
  1.10292959242232  -0.149841019071367  0.0  0.0779407358030638  0.445526486370862  0.0  
  1.10366900896577  -0.145380321164197  0.0  0.0699417062519082  0.446596682742344  0.0  
  1.10432842364626  -0.140909085040364  0.0  0.0619399820903384  0.447634190915794  0.0  
  1.10490780570633  -0.136427636981673  0.0  0.0539348004974143  0.44863912386666  0.0  
  1.10540711675405  -0.131936302210667  0.0  0.0459253972073541  0.449611580503772  0.0  
  1.10582631074664  -0.127435405030985  0.0  0.0379110061180662  0.450551645722396  0.0  
  1.10616533397014  -0.122925268967275  0.0  0.0298908588975817  0.451459390441317  0.0  
  1.10642412501511  -0.118406216904813  0.0  0.0218641845879115  0.452334871623984  0.0  
  1.10660261474843  -0.113878571228988  0.0  0.0138302092058481  0.45317813228371  0.0  
  1.106700726281  -0.10934265396482  0.0  0.0057881553402217  0.453989201472911  0.0  
  1.10671837493146  -0.104798786916661  0.0  -0.00226275825488409  0.454768094256283  0.0  
  1.1066554681858  -0.100247291808247  0.0  -0.0103233170714616  0.45551481166784  0.0  
  1.10651190565281  -0.0956884904232626  0.0  -0.0183943112639688  0.456229340651649  0.0  
  1.10628757901539  -0.0911227047465723  0.0  -0.0264765360713041  0.456911653986093  0.0  
  1.10598237197752  -0.086550257106303  0.0  -0.0345707922449054  0.457561710191453  0.0  
  1.10559616020708  -0.0819714703169262  0.0  -0.0426778864835234  0.458179453420534  0.0  
  1.10512881127407  -0.0773866678235233  0.0  -0.0507986318752361  0.458764813332073  0.0  
  1.10458018458458  -0.0727961738474026  0.0  -0.0589338483472876  0.459317704946562  0.0  
  1.10395013131007  -0.0682003135332471  0.0  -0.0670843631243487  0.459838028484146  0.0  
  1.10323849431211  -0.0635994130979739  0.0  -0.075251011195821  0.46032566918415  0.0  
  1.10244510806237  -0.0589937999814916  0.0  -0.0834346357928214  0.460780497105793  0.0  
  1.10156979855778  -0.0543838029995452  0.0  -0.0916360888755089  0.461202366909577  0.0  
  1.10061238323078  -0.0497697524988456  0.0  -0.0998562316314403  0.46159111761878  0.0  
  1.09957267085455  -0.045151980514685  0.0  -0.108095934985663  0.461946572360477  0.0  
  1.098450461443  -0.0405308209312461  0.0  -0.116356080123282  0.462268538085398  0.0  
  1.09724554614557  -0.0359066096448201  0.0  -0.124637559025276  0.462556805265924  0.0  
  1.09595770713657  -0.0312796847301558  0.0  -0.132941275018347  0.462811147571451  0.0  
  1.09458671749886  -0.0266503866101709  0.0  -0.141268143339653  0.463031321520275  0.0  
  1.09313234110198  -0.0220190582292633  0.0  -0.149619091717269  0.463217066107105  0.0  
  1.09159433247422  -0.0173860452304717  0.0  -0.157995060967311  0.463368102405237  0.0  
  1.08997243666875  -0.012751696136744  0.0  -0.166397005608645  0.463484133142339  0.0  
  1.08826638912347  -0.00811636253658216  0.0  -0.174825894496182  0.46356484224874  0.0  
  1.08647591551443  -0.0034803992743446  0.0  -0.183282711473793  0.463609894377011  0.0  
  1.0846007316026  0.00115583535450029  0.0  -0.191768456047943  0.463618934391557  0.0  
  1.08264054307388  0.00579197940286352  0.0  -0.200284144083158  0.463591586826836  0.0  
  1.08059504537192  0.0104276670659465  0.0  -0.208830808520546  0.463527455312729  0.0  
  1.07846392352375  0.0150625284692375  0.0  -0.217409500120609  0.463426121965474  0.0  
  1.07624685195778  0.0196961894502416  0.0  -0.226021288231688  0.463287146742466  0.0  
  1.07394349431403  0.0243282713335727  0.0  -0.234667261585393  0.463110066759103  0.0  
  1.07155350324623  0.0289583906990206  0.0  -0.243348529120525  0.462894395565746  0.0  
  1.06907652021559  0.0335861591421821  0.0  -0.252066220836985  0.46263962238268  0.0  
  1.06651217527579  0.0382111830272269  0.0  -0.260821488681324  0.462345211290879  0.0  
  1.06386008684905  0.0428330632313444  0.0  -0.269615507465623  0.462010600376158  0.0  
  1.06111986149276  0.0474513948803925  0.0  -0.278449475821515  0.461635200824156  0.0  
  1.05829109365646  0.0520657670752433  0.0  -0.287324617191259  0.461218395963419  0.0  
  1.05537336542863  0.056675762608294  0.0  -0.296242180857866  0.460759540253625  0.0  
  1.05236624627308  0.0612809576695774  0.0  -0.305203443016411  0.460257958215807  0.0  
  1.04926929275433  0.0658809215418763  0.0  -0.314209707888778  0.459712943301196  0.0  
  1.04608204825169  0.070475216284211  0.0  -0.323262308884219  0.459123756695042  0.0  
  1.04280404266142  0.0750633964030299  0.0  -0.332362609808248  0.458489626051536  0.0  
  1.03943479208663  0.0796450085103959  0.0  -0.341512006122529  0.457809744155642  0.0  
  1.03597379851427  0.0842195909684127  0.0  -0.350711926258606  0.457083267507354  0.0  
  1.03242054947873  0.0887866735190962  0.0  -0.359963832988455  0.456309314823539  0.0  
  1.02877451771144  0.0933457768988383  0.0  -0.369269224855049  0.455486965452202  0.0  
  1.02503516077584  0.0978964124365624  0.0  -0.378629637666322  0.454615257693557  0.0  
  1.02120192068708  0.102438081634609  0.0  -0.388046646056106  0.453693187021917  0.0  
  1.01727422351582  0.106970275731328  0.0  -0.397521865115865  0.452719704201924  0.0  
  1.01325147897528  0.111492475244289  0.0  -0.407056952101276  0.451693713292134  0.0  
  1.00913307999086  0.116004149492946  0.0  -0.416653608217966  0.450614069528444  0.0  
  1.00491840225156  0.120504756099516  0.0  -0.426313580491007  0.449479577079234  0.0  
  1.00060680374215  0.124993740466743  0.0  -0.436038663723034  0.448288986663466  0.0  
  0.996197624255407  0.12947053523114  0.0  -0.445830702546214  0.447040993022261  0.0  
  0.991690184883319  0.133934559690187  0.0  -0.455691593573596  0.445734232233715  0.0  
  0.987083787486242  0.138385219201865  0.0  -0.465623287655773  0.444367278859873  0.0  
  0.982377714138975  0.142821904554796  0.0  -0.475627792249157  0.442938642913857  0.0  
  0.977571226552563  0.147243991307115  0.0  -0.485707173902607  0.441446766634152  0.0  
  0.972663565470633  0.151650839092097  0.0  -0.495863560869609  0.439890021051939  0.0  
  0.967653950038952  0.156041790888378  0.0  -0.506099145853689  0.438266702336175  0.0  
  0.962541577146855  0.16041617225248  0.0  -0.516416188895279  0.436575027899787  0.0  
  0.957325620739066  0.164773290511156  0.0  -0.526817020408817  0.434813132248918  0.0  
  0.952005231096378  0.169112433910894  0.0  -0.537304044379502  0.43297906255554  0.0  
  0.946579534083545  0.173432870721721  0.0  -0.547879741729731  0.431070773932036  0.0  
  0.941047630362624  0.177733848292198  0.0  -0.558546673866041  0.429086124384392  0.0  
  0.935408594569931  0.182014592052277  0.0  -0.569307486418058  0.427022869418538  0.0  
  0.929661474454606  0.186274304460428  0.0  -0.580164913181862  0.424878656272023  0.0  
  0.923805289976692  0.190512163891131  0.0  -0.591121780281026  0.422651017740629  0.0  
  0.917839032362481  0.194727323458529  0.0  -0.602181010559559  0.420337365566658  0.0  
  0.911761663114736  0.198918909771685  0.0  -0.613345628222045  0.417934983352467  0.0  
  0.905572112975226  0.203086021616502  0.0  -0.62461876373737  0.415441018959318  0.0  
  0.899269280836871  0.207227728558959  0.0  -0.636003659023654  0.412852476347701  0.0  
  0.892852032602582  0.211343069463833  0.0  -0.647503672933323  0.410166206810988  0.0  
  0.886319199987695  0.215431050922605  0.0  -0.659122287058641  0.407378899549446  0.0  
  0.8796695792627  0.219490645583657  0.0  -0.670863111879578  0.404487071526291  0.0  
  0.872901929932714  0.223520790377301  0.0  -0.682729893277522  0.401487056541486  0.0  
  0.866014973349928  0.227520384627444  0.0  -0.694726519440109  0.39837499345233  0.0  
  0.859007391254986  0.231488288041026  0.0  -0.706857028184358  0.39514681346243  0.0  
  0.851877824242957  0.235423318565462  0.0  -0.719125614727389  0.391798226392293  0.0  
  0.844624870149298  0.239324250103479  0.0  -0.731536639936152  0.388324705835441  0.0  
  0.837247082350828  0.243189810073683  0.0  -0.744094639090052  0.384721473093443  0.0  
  0.829742967976422  0.247018676804087  0.0  -0.756804331192861  0.380983479771457  0.0  
  0.82211098602175  0.250809476744578  0.0  -0.76967062887306  0.377105388902586  0.0  
  0.814349545361949  0.254560781482928  0.0  -0.782698648914724  0.373081554454364  0.0  
  0.806457002655737  0.258271104547379  0.0  -0.79589372346413  0.368905999053755  0.0  
  0.798431660133945  0.26193889797714  0.0  -0.809261411960675  0.364572389747913  0.0  
  0.790271763264991  0.265562548640181  0.0  -0.822807513844161  0.360074011596228  0.0  
  0.781975498289266  0.269140374275553  0.0  -0.836538082094281  0.355403738864564  0.0  
  0.773540989613797  0.272670619235049  0.0  -0.850459437662037  0.350554003564582  0.0  
  0.764966297057982  0.276151449896292  0.0  -0.864578184856896  0.345516761049111  0.0  
  0.756249412940503  0.279580949716286  0.0  -0.878901227757733  0.340283452338138  0.0  
  0.747388258996813  0.282957113890995  0.0  -0.893435787719873  0.334844962808332  0.0  
  0.738380683115883  0.286277843582658  0.0  -0.908189422054913  0.329191576831291  0.0  
  0.729224455884069  0.2895409396721  0.0  -0.923170043964193  0.323312927890977  0.0  
  0.719917266923157  0.292744095988356  0.0  -0.93838594381089  0.317197943647746  0.0  
  0.710456721008755  0.295884891962221  0.0  -0.953845811819313  0.310834785343817  0.0  
  0.700840333954306  0.298960784643932  0.0  -0.969558762293068  0.304210780861087  0.0  
  0.691065528245073  0.301969100017817  0.0  -0.985534359445856  0.297312350645093  0.0  
  0.681129628405488  0.30490702353838  0.0  -1.00178264493947  0.290124925596171  0.0  
  0.671029856082313  0.3077715898027  0.0  -1.01831416722243  0.2826328558978  0.0  
  0.660763324825144  0.310559671262985  0.0  -1.03514001275903  0.274819309599167  0.0  
  0.650327034544916  0.313267965870507  0.0  -1.05227183923123  0.266666159590368  0.0  
  0.639717865630275  0.315892983527531  0.0  -1.06972191078396  0.258153857399156  0.0  
  0.628932572701071  0.318431031207027  0.0  -1.08750313536572  0.249261291992129  0.0  
  0.617967777977796  0.320878196580434  0.0  -1.10562910418954  0.239965631473312  0.0  
  0.606819964245711  0.323230329971124  0.0  -1.12411413330108  0.230242145230547  0.0  
  0.59548546739276  0.325483024424825  0.0  -1.14297330718695  0.220064003674275  0.0  
  0.583960468501334  0.327631593657541  0.0  -1.16222252428359  0.209402052231003  0.0  
  0.57224098547578  0.329671047605457  0.0  -1.18187854414702  0.198224555678882  0.0  
  0.560322864190505  0.331596065259101  0.0  -1.20195903590962  0.186496908225537  0.0  
  0.548201769148037  0.333400964414244  0.0  -1.2224826274699  0.174181303903855  0.0  
  0.535873173642966  0.335079667913275  0.0  -1.24346895461934  0.161236360869413  0.0  
  0.523332349437033  0.3366256658812  0.0  -1.26493870898836  0.147616691985425  0.0  
  0.51057435596364  0.338031973377674  0.0  -1.28691368326262  0.133272412629928  0.0  
  0.497594029098003  0.339291082787842  0.0  -1.30941681154673  0.118148574895753  0.0  
  0.48438596955367  0.340394910156754  0.0  -1.3324722019847  0.102184515201399  0.0  
  0.470944530999404  0.341334734530411  0.0  -1.35610515772001  0.0853130996954848  0.0  
  0.457263808035475  0.342101129195737  0.0  -1.38034218090148  0.0674598485988577  0.0  
  0.443337624229218  0.342683883505255  0.0  -1.40521095259051  0.0485419166341958  0.0  
  0.429159520491723  0.34307191372158  0.0  -1.43074027892943  0.0284669017490084  0.0  
  0.414722744188299  0.343253161011348  0.0  -1.45695999055161  0.00713144819671143  0.0  
  0.400020239524913  0.343214474344616  0.0  -1.48390077762002  -0.0155803976141248  0.0  
