  1  0  0  0  0.5  0  
  0.99995  0.005  0.0  -0.0100003125058588  0.49997499718733  0.0  
  0.999799993749883  0.0099994999437466  0.0  -0.0200018752429968  0.49989997436894  0.0  
  0.99954996249514  0.0149979994873788  0.0  -0.0300059392743917  0.499774888381903  0.0  
  0.999199874964395  0.0199949977113847  0.0  -0.0400137573277041  0.499599667215328  0.0  
  0.998749687348586  0.0249899928316854  0.0  -0.0500265846308391  0.499374209901111  0.0  
  0.998199343271778  0.0299824819094069  0.0  -0.0600456797513819  0.499098386360561  0.0  
  0.997548773753558  0.0349719605588966  0.0  -0.0700723054412139  0.49877203720643  0.0  
  0.996797897162954  0.0399579226535355  0.0  -0.0801077294876323  0.498394973499796  0.0  
  0.995946619163806  0.0449398600288925  0.0  -0.090153225572311  0.497966976461072  0.0  
  0.994994832651508  0.0499172621827569  0.0  -0.100210074139465  0.497487797134317  0.0  
  0.993942417681016  0.0548896159715788  0.0  -0.1102795632746  0.496957156003845  0.0  
  0.992789241386016  0.0598564053028338  0.0  -0.12036298959527  0.496374742562018  0.0  
  0.991535157889111  0.0648171108228192  0.0  -0.130461659155279  0.495740214826932  0.0  
  0.99018000820291  0.0697712095993725  0.0  -0.14057688836382  0.495053198808563  0.0  
  0.988723620121835  0.0747181747989905  0.0  -0.150710004921075  0.494313287921781  0.0  
  0.987165808104489  0.0796574753578081  0.0  -0.160862348771846  0.493520042344437  0.0  
  0.985506373146398  0.0845885756458792  0.0  -0.171035273078841  0.492672988318596  0.0  
  0.983745102642912  0.08951093512418  0.0  -0.181230145217288  0.491771617392758  0.0  
  0.981881770242052  0.0944240079937344  0.0  -0.191448347792623  0.490815385602728  0.0  
  0.979916135687059  0.0993272428362346  0.0  -0.201691279683047  0.489803712588575  0.0  
  0.977847944648391  0.104220082245506  0.0  -0.211960357108827  0.4887359806449  0.0  
  0.975676928544883  0.109101962449133  0.0  -0.222257014730296  0.487611533701397  0.0  
  0.973402804353785  0.113972312919534  0.0  -0.23258270677659  0.486429676230412  0.0  
  0.971025274409351  0.118830555973741  0.0  -0.24293890820723  0.485189672077957  0.0  
  0.968544026189641  0.123676106361093  0.0  -0.253327115908791  0.483890743214341  0.0  
  0.965958732091175  0.128508370838028  0.0  -0.263748849928967  0.482532068400237  0.0  
  0.963269049191061  0.133326747729098  0.0  -0.274205654750478  0.481112781763705  0.0  
  0.960474618996166  0.138130626473302  0.0  -0.284699100607374  0.479631971283311  0.0  
  0.957575067178914  0.142919387154764  0.0  -0.29523078484641  0.478088677172079  0.0  
  0.954570003299237  0.147692400016743  0.0  -0.305802333336346  0.476481890156624  0.0  
  0.951459020512187  0.152449024957896  0.0  -0.316415401928102  0.474810549645332  0.0  
  0.948241695260675  0.15718861100965  0.0  -0.32707167796894  0.473073541778975  0.0  
  0.944917586952808  0.161910495793476  0.0  -0.337772881873946  0.471269697356621  0.0  
  0.941486237623197  0.166614004956782  0.0  -0.348520768758301  0.469397789629118  0.0  
  0.937947171577642  0.171298451586058  0.0  -0.359317130134031  0.467456531951811  0.0  
  0.934299895020516  0.175963135595819  0.0  -0.370163795675103  0.465444575287478  0.0  
  0.93054389566414  0.180607343091808  0.0  -0.381062635054989  0.463360505549735  0.0  
  0.926678642319416  0.185230345706813  0.0  -0.392015559861041  0.461202840776354  0.0  
  0.922703584466919  0.189831399907335  0.0  -0.403024525590281  0.458970028121085  0.0  
  0.918618151807611  0.194409746269235  0.0  -0.414091533731473  0.456660440651605  0.0  
  0.91442175379229  0.198964608720367  0.0  -0.425218633938661  0.454272373940201  0.0  
  0.910113779128837  0.203495193748039  0.0  -0.436407926301633  0.451804042432655  0.0  
  0.905693595266257  0.20800068956902  0.0  -0.447661563719129  0.449253575579563  0.0  
  0.901160547854455  0.21248026525963  0.0  -0.45898175438097  0.446619013712976  0.0  
  0.896513960178637  0.21693306984328  0.0  -0.470370764365633  0.443898303649769  0.0  
  0.891753132567142  0.221358231332626  0.0  -0.481830920360249  0.44108929400152  0.0  
  0.886877341771433  0.22575485572331  0.0  -0.493364612510394  0.438189730168893  0.0  
  0.881885840316934  0.230122025936004  0.0  -0.504974297407521  0.435197248996585  0.0  
  0.876777855823282  0.234458800703242  0.0  -0.516662501222389  0.432109373062706  0.0  
  0.871552590292486  0.238764213397258  0.0  -0.52843182299333  0.428923504574135  0.0  
  0.866209219363415  0.243037270794724  0.0  -0.540284938078804  0.42563691883675  0.0  
  0.86074689153091  0.247276951773993  0.0  -0.552224601784241  0.422246757266546  0.0  
  0.855164727327731  0.251482205940055  0.0  -0.564253653173833  0.418750019904496  0.0  
  0.849461818467434  0.255651952172083  0.0  -0.576375019078597  0.415143557394458  0.0  
  0.843637226946159  0.259785077087945  0.0  -0.588591718312741  0.411424062379541  0.0  
  0.837689984101179  0.263880433419673  0.0  -0.600906866111127  0.407588060268009  0.0  
  0.831619089623936  0.267936838293305  0.0  -0.613323678801401  0.403631899315017  0.0  
  0.825423510525151  0.271953071405974  0.0  -0.625845478725235  0.399551739961109  0.0  
  0.819102180049431  0.275927873092527  0.0  -0.63847569942396  0.395343543362491  0.0  
  0.812653996536671  0.279859942273224  0.0  -0.65121789110483  0.391003059041467  0.0  
  0.806077822227335  0.283747934273356  0.0  -0.664075726405108  0.386525811578031  0.0  
  0.799372482008569  0.287590458504784  0.0  -0.67705300647215  0.38190708625539  0.0  
  0.792536762097892  0.291386075998464  0.0  -0.690153667378724  0.377141913562927  0.0  
  0.785569408660995  0.295133296776043  0.0  -0.703381786893816  0.372225052449809  0.0  
  0.778469126360015  0.29883057704746  0.0  -0.7167415916303  0.367150972210839  0.0  
  0.771234576828389  0.30247631622026  0.0  -0.730237464591855  0.361913832873111  0.0  
  0.763864377068178  0.306068853704922  0.0  -0.743873953142634  0.356507463937383  0.0  
  0.756357097765536  0.309606465499007  0.0  -0.757655777424175  0.35092534131157  0.0  
  0.748711261519695  0.313087360531154  0.0  -0.77158783924498  0.345160562255087  0.0  
  0.740925340980636  0.316509676744109  0.0  -0.785675231469094  0.339205818131725  0.0  
  0.732997756890313  0.319871476893788  0.0  -0.799923247930637  0.333053364744857  0.0  
  0.724926876022024  0.323170744039006  0.0  -0.814337393901778  0.326694990001698  0.0  
  0.716711009012277  0.326405376693822  0.0  -0.828923397141784  0.320121978622604  0.0  
  0.708348408079188  0.329573183611458  0.0  -0.843687219554594  0.313325073576338  0.0  
  0.699837264621185  0.332671878165349  0.0  -0.858635069481614  0.306294433882348  0.0  
  0.691175706689556  0.335699072289105  0.0  -0.873773414655039  0.299019588375447  0.0  
  0.682361796328085  0.338652269932858  0.0  -0.88910899583471  0.291489384976087  0.0  
  0.673393526772862  0.341528859988627  0.0  -0.904648841148084  0.283691934949502  0.0  
  0.664268819505123  0.344326108631848  0.0  -0.920400281148039  0.275614551568192  0.0  
  0.654985521149901  0.347041151019991  0.0  -0.93637096459648  0.267243682512913  0.0  
  0.645541400213194  0.349670982282106  0.0  -0.952568874972615  0.258564835255865  0.0  
  0.635934143650449  0.352212447725108  0.0  -0.969002347692675  0.249562494563937  0.0  
  0.62616135325934  0.354662232173385  0.0  -0.98568008801185  0.240220031137182  0.0  
  0.616220541890211  0.357016848347852  0.0  -1.00261118955846  0.230519600255159  0.0  
  0.606109129468171  0.359272624178488  0.0  -1.01980515342329  0.220442029137736  0.0  
  0.595824438821746  0.361425688930606  0.0  -1.03727190769221  0.209966691533115  0.0  
  0.585363691314327  0.36347195800915  0.0  -1.05502182726531  0.199071367818938  0.0  
  0.57472400227644  0.365407116286985  0.0  -1.07306575374794  0.187732088636081  0.0  
  0.563902376239368  0.367226599781872  0.0  -1.09141501512557  0.175922959761474  0.0  
  0.552895701973928  0.368925575482215  0.0  -1.11008144483909  0.163615965556696  0.0  
  0.541700747342586  0.370498919093006  0.0  -1.12907739975648  0.150780747891837  0.0  
  0.530314153978799  0.371941190440051  0.0  -1.14841577638075  0.137384356925387  0.0  
  0.518732431814971  0.373246606231514  0.0  -1.16811002443496  0.123390969503664  0.0  
  0.506951953490099  0.374409009830125  0.0  -1.18817415670883  0.108761570206636  0.0  
  0.494968948680794  0.375421837635646  0.0  -1.20862275372191  0.0934535891852438  0.0  
  0.482779498415661  0.376278081613829  0.0  -1.22947096133309  0.0774204898765074  0.0  
  0.470379529454133  0.376970247433177  0.0  -1.25073447887726  0.0606112984073127  0.0  
  0.457764808838116  0.377490307581976  0.0  -1.27242953469753  0.0429700649566408  0.0  
  0.444930938760182  0.377829648732309  0.0  -1.29457284501605  0.0244352454776388  0.0  
  0.431873351937795  0.377979012491528  0.0  -1.31718155087814  0.00493898990861347  0.0  
  0.418587307742619  0.377928428530482  0.0  -1.34027312632324  -0.0155936797706084  0.0  
  0.40506788941133  0.377667138896116  0.0  -1.3638652488554  -0.037245821674442  0.0  
  0.391310002765511  0.377183512096993  0.0  -1.38797562053943  -0.060109680544406  0.0  
  0.377308377000542  0.376464945285228  0.0  -1.41262172440324  -0.0842879780168321  0.0  
  0.363057568277446  0.375497752536656  0.0  -1.43782049596507  -0.109895422302657  0.0  
  0.34855196708124  0.374267036839175  0.0  -1.46358788318706  -0.13706048080631  0.0  
  0.333785810613705  0.37275654292053  0.0  -1.48993825936782  -0.165927468951267  0.0  
  0.318753201893884  0.37094848746015  0.0  -1.51688364156844  -0.196659020585225  0.0  
  0.303448137782336  0.368823362508826  0.0  -1.54443265089836  -0.229439020392644  0.0  
  0.287864548875917  0.366359707052297  0.0  -1.57258912864105  -0.264476097455749  0.0  
  0.271996355209515  0.363533840559711  0.0  -1.60135029129007  -0.302007802313438  0.0  
  0.255837543050115  0.360319551006028  0.0  -1.63070426451079  -0.342305618511149  0.0  
  0.2393822699193  0.356687728189488  0.0  -1.66062677563042  -0.385680994675891  0.0  
  0.222625007537507  0.35260593111251  0.0  -1.69107669885861  -0.432492625373586  0.0  
  0.205560735942127  0.348037875682016  0.0  -1.72199002581003  -0.483155258582574  0.0  
  0.188185207021306  0.342942825940859  0.0  -1.75327165938137  -0.538150363215315  0.0  
  0.1704953027545  0.33727486841771  0.0  -1.78478417684557  -0.598039047130929  0.0  
  0.152489523484395  0.33098204499824  0.0  -1.81633234122914  -0.663477663151159  0.0  
  0.134168655929917  0.324005315154686  0.0  -1.84764160368392  -0.735236552910278  0.0  
  0.115536691410716  0.316277313940035  0.0  -1.8783280525577  -0.814222304728715  0.0  
  0.0966020948787632  0.307720869060112  0.0  -1.90785610974566  -0.901503639666148  0.0  
  0.0773795692158031  0.298247241146712  0.0  -1.93547858804273  -0.998340388363136  0.0  
  0.0578925231179086  0.287754061292849  0.0  -1.9601512949166  -1.10621359048831  0.0  
  0.038176543317471  0.276122969336946  0.0  -1.9804109810988  -1.22685179270954  0.0  
  0.0182843034959326  0.263217025438658  0.0  -1.99420101629466  -1.36224273685737  0.0  
  -0.00170747700842221  0.248878114599798  0.0  -1.998624274496  -1.51460825375148  0.0  
  -0.0216881819939873  0.232924860363629  0.0  -1.9895997454557  -1.68629888481934  0.0  
  -0.0414994719175363  0.215152136903411  0.0  -1.96140571491443  -1.87952678666827  0.0  
  -0.060916296292276  0.195334324630263  0.0  -1.90612694292969  -2.09579355137959  0.0  
  -0.0796220107761301  0.17323626587582  0.0  -1.81312831414932  -2.33478681951075  0.0  
  -0.0971788625752625  0.148638588240048  0.0  -1.66892750230052  -2.59246677216401  0.0  
  -0.113000560822141  0.121386930432539  0.0  -1.45830190038973  -2.85822659921232  0.0  
  -0.126344900583057  0.091474056255802  0.0  -1.16797769626306  -3.11180222305889  0.0  
  -0.136360114747402  0.0591508859713616  0.0  -0.793897188638211  -3.32238117253792  0.0  
  -0.142222844355821  0.0250264328050437  0.0  -0.350134929655449  -3.45399766075043  0.0  
  -0.143362813340511  -0.00992906724364703  0.0  0.12753787524778  -3.47882171282435  0.0  
  -0.139672086850866  -0.0445500014514434  0.0  0.590705552377957  -3.3914010842407  0.0  
  -0.131548702292952  -0.077757088928461  0.0  0.996666766591193  -3.21175417342574  0.0  
  -0.119738751519042  -0.108785084919958  0.0  1.32239860108355  -2.97433162919238  0.0  
  -0.105100730271281  -0.137243721512309  0.0  1.56553496962046  -2.71301782466821  0.0  
  -0.0884280521266327  -0.163045441413322  0.0  1.73655600509351  -2.45241701468237  0.0  
  -0.0703696101694104  -0.186292061805956  0.0  1.85039768261939  -2.20671395180435  0.0  
  -0.0514200984742448  -0.207179720449409  0.0  1.92138259784534  -1.98226945351139  0.0  
  -0.0319419582125036  -0.225937450876184  0.0  1.96125636821955  -1.78069031558402  0.0  
  -0.0121949711098539  -0.24279352676109  0.0  1.97894293199531  -1.6011080392106  0.0  
  0.00763690042740261  -0.257959611660396  0.0  1.98096557719777  -1.44156796480482  0.0  
  0.0274243404341015  -0.271624886057186  0.0  1.97200507728002  -1.29978164856987  0.0  
  0.0470770019730031  -0.283955244631793  0.0  1.95539506648316  -1.17349623254911  0.0  
  0.0665322417637647  -0.295094810708168  0.0  1.93350639354814  -1.06065422322132  0.0  
  0.0857471298439658  -0.30516832909622  0.0  1.90802808630877  -0.95944602597439  0.0  
  0.10469280348994  -0.314283731227656  0.0  1.88016711594104  -0.868311225787611  0.0  
  0.123350472162787  -0.322534553611972  0.0  1.85078876861134  -0.785917780567319  0.0  
  0.141708578862167  -0.330002086839002  0.0  1.82051498398539  -0.711133684678819  0.0  
  0.159760771842495  -0.336757227305548  0.0  1.78979337722106  -0.642997989920035  0.0  
  0.177504446406588  -0.342862046637403  0.0  1.75894591087926  -0.580694157330848  0.0  
  0.19493969006008  -0.348371110452165  0.0  1.72820342940311  -0.52352677772775  0.0  
  0.21206851499465  -0.353332582191958  0.0  1.69773033256531  -0.47090178508314  0.0  
  0.228894296711386  -0.357789146153828  0.0  1.66764233025921  -0.422309890732262  0.0  
  0.245421361599834  -0.361778780006603  0.0  1.63801930958601  -0.377312825768897  0.0  
  0.261654682903106  -0.365335402669206  0.0  1.60891472354067  -0.335531959187815  0.0  
  0.277599656070648  -0.36848941919036  0.0  1.58036248563177  -0.296638892159608  0.0  
  0.293261932615741  -0.371268180512398  0.0  1.55238206290683  -0.260347680568358  0.0  
  0.308647297328785  -0.373696372801727  0.0  1.52498225819033  -0.226408392613508  0.0  
  0.323761577779548  -0.375796348364668  0.0  1.49816403204059  -0.194601758875302  0.0  
  0.338610577969596  -0.377588407979233  0.0  1.47192261660873  -0.164734716228874  0.0  
  0.353200030111723  -0.379091042689246  0.0  1.44624910416227  -0.136636683949311  0.0  
  0.367535560052842  -0.380321141658219  0.0  1.42113164365464  -0.110156440795913  0.0  
  0.381622662984816  -0.381294171505164  0.0  1.3965563433358  -0.0851594966565109  0.0  
  0.395466686919558  -0.382024331591349  0.0  1.37250795186014  -0.0615258723881609  0.0  
  0.409072822022018  -0.382524688952927  0.0  1.34897037178678  -0.0391482176579034  0.0  
  0.422446094355293  -0.382807295944507  0.0  1.32592704578783  -0.0179302096029272  0.0  
  0.435591362937775  -0.382883293144986  0.0  1.3033612458817  0.00221481439107894  0.0  
  0.448513319272927  -0.382762999656686  0.0  1.28125628860112  0.0213650280477224  0.0  
  0.461216488709797  -0.382455992584031  0.0  1.25959569348704  0.0395911231272845  0.0  
  0.473705233142668  -0.38197117719414  0.0  1.23836329816431  0.0569571778364425  0.0  
  0.485983754673084  -0.381316849027302  0.0  1.21754334014162  0.073521408152943  0.0  
  0.498056099945501  -0.380500749031081  0.0  1.19712051312148  0.0893368198515661  0.0  
  0.509926164935513  -0.379530112630271  0.0  1.17708000381478  0.104451776041089  0.0  
  0.521597700021796  -0.378411713510259  0.0  1.15740751388678  0.118910492584349  0.0  
  0.533074315213249  -0.377151902778584  0.0  1.13808927061286  0.132753471770926  0.0  
  0.544359485434054  -0.375756644074841  0.0  1.1191120290162  0.146017882961492  0.0  
  0.555456555793573  -0.374231545119354  0.0  1.10046306763647  0.158737897558249  0.0  
  0.566368746786783  -0.372581886123676  0.0  1.08213017959727  0.170944984523919  0.0  
  0.577099159385518  -0.370812645428876  0.0  1.06410166026503  0.182668171729989  0.0  
  0.587650779992084  -0.368928522689076  0.0  1.0463662925016  0.193934277628752  0.0  
  0.59802648523555  -0.366933959876301  0.0  1.028913330285  0.204768117085618  0.0  
  0.608229046597784  -0.364833160347364  0.0  1.01173248129562  0.215192684655514  0.0  
  0.618261134861463  -0.36263010618319  0.0  0.994813888926471  0.225229318121839  0.0  
  0.628125324376313  -0.360328573984927  0.0  0.978148114067111  0.234897844723353  0.0  
  0.637824097142805  -0.357932149288723  0.0  0.961726116925909  0.244216712161529  0.0  
  0.647359846714831  -0.355444239741696  0.0  0.945539239088687  0.253203106198191  0.0  
  0.656734881924579  -0.35286808716476  0.0  0.929579185959434  0.261873056412544  0.0  
  0.66595143043402  -0.350206778613445  0.0  0.913838009688088  0.270241531481241  0.0  
  0.675011642118341  -0.347463256535135  0.0  0.898308092658511  0.278322525169235  0.0  
  0.68391759228719  -0.344640328110061  0.0  0.882982131585045  0.286129134068299  0.0  
  0.692671284750041  -0.341740673853769  0.0  0.867853122246854  0.293673627990324  0.0  
  0.701274654732127  -0.338766855550254  0.0  0.852914344874496  0.300967513810667  0.0  
  0.709729571647531  -0.335721323577556  0.0  0.838159350191896  0.308021593460165  0.0  
  0.718037841735965  -0.332606423681051  0.0  0.823581946108348  0.314846016680766  0.0  
  0.726201210569698  -0.32942440324394  0.0  0.809176185048812  0.32145032908711  0.0  
  0.734221365436942  -0.326177417099309  0.0  0.794936351906118  0.327843516013277  0.0  
  0.742099937607821  -0.322867532923675  0.0  0.780856952595352  0.334034042568862  0.0  
  0.749838504488849  -0.319496736247932  0.0  0.766932703188457  0.340029890280563  0.0  
  0.75743859167159  -0.316066935118063  0.0  0.753158519605605  0.3458385906534  0.0  
  0.764901674880961  -0.312579964434863  0.0  0.739529507839103  0.35146725594889  0.0  
  0.772229181828372  -0.309037589999086  0.0  0.726040954685269  0.356922607445166  0.0  
  0.779422493974666  -0.30544151228596  0.0  0.71268831895975  0.362211001415584  0.0  
  0.786482948207567  -0.301793369970774  0.0  0.699467223172111  0.367338453037309  0.0  
  0.793411838438108  -0.298094743225214  0.0  0.686373445636049  0.372310658419246  0.0  
  0.800210417120288  -0.294347156802389  0.0  0.67340291299229  0.377133014919135  0.0  
  0.806879896697954  -0.290552082926831  0.0  0.660551693122014  0.381810639902308  0.0  
  0.813421450982728  -0.286710944004343  0.0  0.647815988429547  0.386348388079246  0.0  
  0.819836216466545  -0.282825115165246  0.0  0.635192129473952  0.390750867545438  0.0  
  0.826125293572207  -0.278895926653434  0.0  0.622676568930099  0.395022454634886  0.0  
  0.832289747845147  -0.274924666072549  0.0  0.610265875860728  0.399167307687816  0.0  
  0.838330611089422  -0.270912580499678  0.0  0.597956730281948  0.403189379823462  0.0  
  0.844248882450786  -0.266860878476079  0.0  0.585745918005552  0.407092430800222  0.0  
  0.850045529449532  -0.262770731883673  0.0  0.573630325742376  0.410880038037706  0.0  
  0.855721488965633  -0.258643277715325  0.0  0.561606936451832  0.41455560686835  0.0  
  0.861277668178569  -0.254479619746306  0.0  0.549672824923547  0.418122380080002  0.0  
  0.866714945464104  -0.250280830113725  0.0  0.537825153577845  0.421583446805381  0.0  
  0.872034171250126  -0.246047950810199  0.0  0.526061168472549  0.424941750809237  0.0  
  0.877236168833555  -0.24178199509754  0.0  0.514378195504316  0.428200098219577  0.0  
  0.882321735160212  -0.237483948845807  0.0  0.50277363679339  0.431361164745226  0.0  
  0.887291641569423  -0.233154771802636  0.0  0.491244967241303  0.434427502418326  0.0  
  0.892146634505039  -0.228795398797441  0.0  0.479789731251663  0.437401545897055  0.0  
  0.896887436194456  -0.224406740884695  0.0  0.468405539604751  0.440285618360858  0.0  
  0.901514745297133  -0.219989686430223  0.0  0.457090066477179  0.443081937027731  0.0  
  0.906029237524  -0.21554510214414  0.0  0.44584104659838  0.445792618320667  0.0  
  0.910431566229101  -0.21107383406381  0.0  0.434656272536175  0.448419682708115  0.0  
  0.914722362974723  -0.206576708489978  0.0  0.423533592104118  0.450965059241252  0.0  
  0.918902238071183  -0.202054532878985  0.0  0.412470905883737  0.453430589809069  0.0  
  0.922971781092398  -0.197508096693797  0.0  0.401466164855193  0.455818033130502  0.0  
  0.926931561368287  -0.192938172216375  0.0  0.390517368130241  0.4581290685014  0.0  
  0.930782128455003  -0.188345515323769  0.0  0.379622560781736  0.460365299312631  0.0  
  0.934524012583922  -0.183730866230122  0.0  0.368779831764257  0.462528256354395  0.0  
  0.938157725090288  -0.179094950196681  0.0  0.357987311920701  0.464619400920638  0.0  
  0.941683758822336  -0.17443847821171  0.0  0.347243172070038  0.466640127726362  0.0  
  0.945102588531689  -0.169762147642153  0.0  0.336545621171623  0.46859176764967  0.0  
  0.948414671245768  -0.165066642858716  0.0  0.325892904561771  0.470475590309467  0.0  
  0.951620446622924  -0.160352635835964  0.0  0.315283302258491  0.472292806488924  0.0  
  0.954720337290938  -0.155620786728938  0.0  0.304715127330533  0.474044570414023  0.0  
  0.957714749169535  -0.150871744427684  0.0  0.294186724327069  0.475731981895849  0.0  
  0.96060407177748  -0.146106147091021  0.0  0.283696467764562  0.477356088344594  0.0  
  0.963388678524826  -0.141324622660792  0.0  0.273242760667521  0.478917886662688  0.0  
  0.96606892699083  -0.136527789357767  0.0  0.262824033160037  0.480418325023896  0.0  
  0.968645159188027  -0.131716256160314  0.0  0.252438741105133  0.481858304544736  0.0  
  0.971117701812933  -0.126890623266872  0.0  0.242085364789113  0.483238680854073  0.0  
  0.973486866483809  -0.122051482543232  0.0  0.231762407648241  0.484560265566344  0.0  
  0.975752949965897  -0.117199417955545  0.0  0.221468395035194  0.485823827663441  0.0  
  0.977916234384513  -0.112335005989963  0.0  0.211201873022863  0.487030094789914  0.0  
  0.979976987426355  -0.107458816059747  0.0  0.200961407243185  0.488179754465814  0.0  
  0.981935462529376  -0.102571410900647  0.0  0.190745581758788  0.48927345522116  0.0  
  0.98379189906153  -0.0976733469553239  0.0  0.180552997965327  0.490311807655716  0.0  
  0.985546522488683  -0.0927651747475328  0.0  0.170382273522496  0.491295385427494  0.0  
  0.98719954453198  -0.087847439246774  0.0  0.160232041311742  0.492224726173117  0.0  
  0.988751163314918  -0.0829206802240705  0.0  0.150100948418847  0.493100332362941  0.0  
  0.990201563500357  -0.0779854325995152  0.0  0.139987655139535  0.493922672093594  0.0  
  0.991550916417709  -0.0730422267821986  0.0  0.129890834006414  0.494692179820383  0.0  
  0.992799380180486  -0.0680915890031075  0.0  0.119809168835541  0.4954092570318  0.0  
  0.99394709979442  -0.0631340416415626  0.0  0.109741353791014  0.496074272868184  0.0  
  0.994994207256306  -0.0581701035457438  0.0  0.0996860924660121  0.496687564686371  0.0  
  0.99594082164374  -0.0532002903478352  0.0  0.0896420969787609  0.497249438572055  0.0  
  0.996787049195881  -0.0482251147743027  0.0  0.0796080870819403  0.497760169801332  0.0  
  0.997532983385379  -0.0432450869518085  0.0  0.0695827892840898  0.498220003252821  0.0  
  0.998178704981563  -0.0382607147092463  0.0  0.0595649359815977  0.498629153771545  0.0  
  0.998724282105011  -0.0332725038763776  0.0  0.0495532645998885  0.498987806485628  0.0  
  0.999169770273561  -0.0282809585795338  0.0  0.0395465167424512  0.499296117076734  0.0  
  0.99951521243986  -0.0232865815348429  0.0  0.0295434373463684  0.49955421200501  0.0  
  0.999760639020488  -0.0182898743394336  0.0  0.019542773843027  0.499762188689175  0.0  
  0.99990606791672  -0.0132913377610594  0.0  0.0095432753227016  0.499920115642275  0.0  
  0.999951504526942  -0.00829147202658806  0.0  -0.000456308298282916  0.500028032563472  0.0  
  0.999896941750755  -0.00329077710979  0.0  -0.010457227109102  0.500085950386121  0.0  
  0.99974235998476  0.00171024698113437  0.0  -0.0204607320359797  0.500093851282269  0.0  
  0.999487727110035  0.00671109991585538  0.0  -0.0304680756750216  0.500051688623564  0.0  
  0.99913299847126  0.0117112807536056  0.0  -0.0404805131276215  0.499959386898461  0.0  
  0.998678116847482  0.0167102876538246  0.0  -0.0504993028397406  0.499816841585467  0.0  
  0.998123012414465  0.021707617585315  0.0  -0.0605257074463634  0.499623918982039  0.0  
  0.997467602698555  0.0267027660334654  0.0  -0.0705609946224555  0.499380455988648  0.0  
  0.996711792522016  0.0316952267050879  0.0  -0.0806064379417599  0.499086259847335  0.0  
  0.99585547393972  0.0366844912304121  0.0  -0.0906633177447936  0.498741107834022  0.0  
  0.99489852616712  0.0416700488617684  0.0  -0.100732922017431  0.498344746903627  0.0  
  0.993840815499371  0.0466513861684846  0.0  -0.110816547281486  0.497896893286957  0.0  
  0.99268219522149  0.0516279867275075  0.0  -0.120915499498748  0.497397232038155  0.0  
  0.991422505509396  0.0565993308092477  0.0  -0.131031094989945  0.496845416531345  0.0  
  0.990061573321691  0.0615648950581344  0.0  -0.141164661370176  0.496241067904967  0.0  
  0.988599212281993  0.0665241521673471  0.0  -0.151317538502372  0.495583774452097  0.0  
  0.987035222551644  0.0714765705471764  0.0  -0.161491079470412  0.494873090954904  0.0  
  0.985369390692585  0.0764216139864452  0.0  -0.171686651573583  0.494108537961186  0.0  
  0.983601489520172  0.0813587413064001  0.0  -0.181905637344103  0.493289601000746  0.0  
  0.981731277945703  0.0862874060064601  0.0  -0.192149435589538  0.492415729739141  0.0  
  0.979758500808381  0.0912070559011829  0.0  -0.202419462461964  0.49148633706616  0.0  
  0.977682888696463  0.0961171327477833  0.0  -0.212717152555841  0.49050079811609  0.0  
  0.975504157757265  0.101017071863505  0.0  -0.223043960036644  0.489458449216642  0.0  
  0.97322200949573  0.105906301732116  0.0  -0.233401359802355  0.488358586763106  0.0  
  0.970836130561218  0.110784243598767  0.0  -0.243790848680071  0.487200466014024  0.0  
  0.968346192522129  0.115650311052397  0.0  -0.254213946660031  0.485983299804378  0.0  
  0.965751851628017  0.120503909594854  0.0  -0.264672198169521  0.484706257171962  0.0  
  0.963052748558739  0.125344436195836  0.0  -0.275167173389209  0.483368461892236  0.0  
  0.960248508160233  0.130171278832699  0.0  -0.285700469614617  0.481968990916605  0.0  
  0.957338739166446  0.134983816014168  0.0  -0.296273712665545  0.480506872708659  0.0  
  0.954323033906922  0.139781416286872  0.0  -0.306888558346436  0.478981085472449  0.0  
  0.951200967999518  0.144563437723617  0.0  -0.317546693960826  0.477390555266428  0.0  
  0.947972100027705  0.149329227392201  0.0  -0.328249839883188  0.475734153996145  0.0  
  0.944635971201854  0.15407812080354  0.0  -0.338999751191661  0.474010697278264  0.0  
  0.941192105003872  0.158809441337766  0.0  -0.349798219365362  0.47221894216783  0.0  
  0.937640006814547  0.163522499646896  0.0  -0.360647074050191  0.470357584740091  0.0  
  0.933979163522868  0.168216593032568  0.0  -0.371548184897237  0.468425257517471  0.0  
  0.930209043116602  0.172891004797246  0.0  -0.382503463478171  0.466420526731481  0.0  
  0.926329094253305  0.177545003567198  0.0  -0.393514865282252  0.464341889408579  0.0  
  0.922338745810957  0.182177842585417  0.0  -0.404584391799841  0.462187770268023  0.0  
  0.918237406417308  0.186788758972558  0.0  -0.415714092697629  0.459956518418792  0.0  
  0.914024463957004  0.191376972953793  0.0  -0.426906068091088  0.457646403841548  0.0  
  0.909699285055486  0.195941687049389  0.0  -0.43816247092001  0.455255613640439  0.0  
  0.905261214538604  0.200482085226602  0.0  -0.449485509433335  0.452782248048233  0.0  
  0.90070957486682  0.204997332010354  0.0  -0.460877449789872  0.450224316166841  0.0  
  0.896043665542807  0.209486571549939  0.0  -0.472340618781939  0.447579731423742  0.0  
  0.891262762491181  0.213948926638829  0.0  -0.483877406689365  0.444846306723101  0.0  
  0.886366117409019  0.218383497684401  0.0  -0.495490270271786  0.442021749268494  0.0  
  0.881352957085745  0.222789361624198  0.0  -0.507181735907678  0.439103655032072  0.0  
  0.876222482690866  0.227165570785042  0.0  -0.518954402889081  0.43608950284274  0.0  
  0.870973869027963  0.231511151681053  0.0  -0.530810946881571  0.432976648063398  0.0  
  0.865606263753234  0.23582510374631  0.0  -0.542754123559635  0.429762315824532  0.0  
  0.860118786556771  0.240106397997544  0.0  -0.55478677242826  0.426443593778378  0.0  
  0.854510528304669  0.244353975621878  0.0  -0.566911820842233  0.42301742433451  0.0  
  0.848780550139926  0.248566746484234  0.0  -0.579132288235407  0.419480596333951  0.0  
  0.842927882539961  0.252743587548557  0.0  -0.591451290572949  0.415829736114764  0.0  
  0.836951524328467  0.256883341206529  0.0  -0.603872045040441  0.412061297917468  0.0  
  0.830850441639152  0.260984813506906  0.0  -0.616397874984553  0.408171553573526  0.0  
  0.824623566828776  0.265046772278  0.0  -0.629032215120986  0.404156581414442  0.0  
  0.818269797336732  0.269067945135195  0.0  -0.641778617026297  0.400012254332698  0.0  
  0.81178799448825  0.273047017364654  0.0  -0.654640754931314  0.395734226918662  0.0  
  0.805176982238106  0.276982629673568  0.0  -0.667622431834871  0.39131792158974  0.0  
  0.798435545851553  0.280873375796449  0.0  -0.680727585957736  0.386758513619203  0.0  
  0.791562430518951  0.284717799945952  0.0  -0.693960297557776  0.382050914962254  0.0  
  0.784556339900397  0.288514394095694  0.0  -0.707324796128561  0.377189756765814  0.0  
  0.77741593459638  0.292261595081269  0.0  -0.720825468004861  0.372169370436061  0.0  
  0.7701398305403  0.295957781504415  0.0  -0.734466864399684  0.366983767123801  0.0  
  0.762726597308386  0.299601270423745  0.0  -0.748253709898752  0.36162661547193  0.0  
  0.755174756342325  0.303190313813853  0.0  -0.762190911439457  0.356091217451534  0.0  
  0.747482779079597  0.306723094772775  0.0  -0.776283567802495  0.350370482093044  0.0  
  0.739649084986275  0.310197723455714  0.0  -0.790536979645373  0.344456896896149  0.0  
  0.73167203948669  0.313612232710698  0.0  -0.804956660107854  0.338342496676384  0.0  
  0.723549951784118  0.316964573389242  0.0  -0.81954834602004  0.332018829577057  0.0  
  0.715281072566289  0.320252609302239  0.0  -0.834318009744133  0.325476919941866  0.0  
  0.706863591589235  0.323474111788079  0.0  -0.849271871680819  0.318707227705626  0.0  
  0.698295635132673  0.326626753856352  0.0  -0.864416413470616  0.311699603917169  0.0  
  0.689575263319823  0.329708103866423  0.0  -0.879758391919117  0.304443241958937  0.0  
  0.68070046729429  0.332715618695531  0.0  -0.895304853672809  0.296926623970947  0.0  
  0.671669166246367  0.335646636345842  0.0  -0.911063150668588  0.289137461921558  0.0  
  0.662479204280919  0.338498367933962  0.0  -0.92704095637497  0.281062632692357  0.0  
  0.653128347118867  0.341267888999689  0.0  -0.943246282835904  0.272688106457847  0.0  
  0.643614278624201  0.343952130063119  0.0  -0.959687498518306  0.263998867540496  0.0  
  0.633934597148501  0.346547866350499  0.0  -0.976373346951454  0.254978826805714  0.0  
  0.624086811685171  0.349051706599233  0.0  -0.993312966129054  0.245610724526626  0.0  
  0.61406833782592  0.351460080841031  0.0  -1.01051590862216  0.235876022491766  0.0  
  0.603876493512728  0.353769227049068  0.0  -1.02799216232157  0.225754783945939  0.0  
  0.593508494579489  0.35597517651995  0.0  -1.04575217169007  0.215225539740608  0.0  
  0.582961450078927  0.358073737843881  0.0  -1.06380685935525  0.20426513881936  0.0  
  0.572232357392384  0.360060479296337  0.0  -1.08216764781001  0.192848580869165  0.0  
  0.561318097122727  0.361930709461264  0.0  -1.10084648090562  0.180948828620586  0.0  
  0.550215427774271  0.363679455868749  0.0  -1.1198558447166  0.168536596869238  0.0  
  0.538920980228395  0.365301441398649  0.0  -1.13920878722111  0.155580114803821  0.0  
  0.527431252029849  0.366791058164825  0.0  -1.15891893606577  0.142044857647048  0.0  
  0.515742601507079  0.36814233855159  0.0  -1.17900051345931  0.127893242925484  0.0  
  0.503851241760663  0.369348923023335  0.0  -1.19946834694982  0.113084285858662  0.0  
  0.491753234568083  0.370404024268763  0.0  -1.22033787446636  0.0975732073673397  0.0  
  0.479444484271336  0.371300387170682  0.0  -1.24162514152203  0.0813109870087762  0.0  
  0.466920731737642  0.372030244008938  0.0  -1.26334678784796  0.064243851707721  0.0  
  0.454177548514377  0.372585264204836  0.0  -1.28552001991126  0.0463126894087095  0.0  
  0.441210331339417  0.372956497797113  0.0  -1.30816256470463  0.0274523746570034  0.0  
  0.428014297220284  0.373134311697976  0.0  -1.33129259879986  0.00759099053303395  0.0  
  0.41458447936342  0.373108317607773  0.0  -1.35492864482295  -0.0133510717935476  0.0  
  0.400915724323825  0.372867290262105  0.0  -1.37908942508659  -0.0354621585001217  0.0  
  0.387002690861688  0.372399074437771  0.0  -1.40379365890359  -0.0588405709185317  0.0  
  0.372839851145753  0.371690478843735  0.0  -1.42905978582436  -0.0835959889845471  0.0  
  0.358421495145201  0.37072715465808  0.0  -1.454905591308  -0.109851140891522  0.0  
  0.343741739319593  0.369493456025904  0.0  -1.48134770361456  -0.137743768558055  0.0  
  0.32879454107291  0.367972279286919  0.0  -1.50840092024552  -0.16742894976782  0.0  
  0.313573720914683  0.366144877030548  0.0  -1.53607730800337  -0.199081851840808  0.0  
  0.298072994912842  0.363990642250103  0.0  -1.56438500118677  -0.232901009125964  0.0  
  0.282286020890947  0.361486856848029  0.0  -1.5933265954362  -0.26911223827818  0.0  
  0.266206463004118  0.358608397484539  0.0  -1.62289699719969  -0.307973332138762  0.0  
  0.249828080946953  0.355327390205253  0.0  -1.65308053620467  -0.349779706098214  0.0  
  0.233144852280025  0.351612803362575  0.0  -1.68384707413081  -0.394871211046216  0.0  
  0.216151139464337  0.347429965984329  0.0  -1.71514673721381  -0.44364037499857  0.0  
  0.198841917535749  0.342739995862603  0.0  -1.74690274946346  -0.496542390795075  0.0  
  0.181213084475068  0.337499118168428  0.0  -1.7790016252699  -0.554107227078327  0.0  
  0.163261885030351  0.331657851321037  0.0  -1.81127966364952  -0.616954296275378  0.0  
  0.144987491202077  0.32516003224292  0.0  -1.8435042238835  -0.685810148541233  0.0  
  0.126391800552681  0.317941648350212  0.0  -1.87534758351045  -0.761529636495535  0.0  
  0.107480539531868  0.309929439513009  0.0  -1.90635018154353  -0.845120834682605  0.0  
  0.0882647969218101  0.30103923165656  0.0  -1.93586858572266  -0.93777354642696  0.0  
  0.0687631678174152  0.29117396858447  0.0  -1.96300139580325  -1.04089018910439  0.0  
  0.0490047690057452  0.280221427874472  0.0  -1.98648327505385  -1.15611563800465  0.0  
  0.0290335023163383  0.268051655824377  0.0  -2.00453321788072  -1.28535812873299  0.0  
  0.00891410464813082  0.254514265299812  0.0  -2.01463820656255  -1.43078452538398  0.0  
  -0.0112592618149127  0.239435965316698  0.0  -2.01324900438331  -1.5947565220323  0.0  
  -0.0313508754395354  0.222619134859166  0.0  -1.99536581234174  -1.77964373711121  0.0  
  -0.0511665780617476  0.203843090574473  0.0  -1.95401116922506  -1.98739740080733  0.0  
  -0.0704310988240367  0.18287118684302  0.0  -1.87965736870613  -2.21869073087856  0.0  
  -0.0887597254358701  0.159469275956902  0.0  -1.75985832262714  -2.47135360577934  0.0  
  -0.105628265276579  0.133444114727433  0.0  -1.57971501814513  -2.73786876197156  0.0  
  -0.120354025798773  0.104711900717471  0.0  -1.32435588493935  -3.00217774738796  0.0  
  -0.132115382975366  0.073400559779674  0.0  -0.984789943050818  -3.2374418276063  0.0  
  -0.140049824659789  0.0399630641653451  0.0  -0.566765391163845  -3.40843210240218  0.0  
  -0.143450690798643  0.0052319177316303  0.0  -0.0975938713660292  -3.48195881186112  0.0  
  -0.14200170208711  -0.0296761120718773  0.0  0.377459054183163  -3.44220157660974  0.0  
  -0.13590150971498  -0.0636121138005645  0.0  0.811143973317339  -3.2994586903494  0.0  
  -0.125778822620763  -0.0956652858788654  0.0  1.17163387141997  -3.08410670940095  0.0  
  -0.112468832286581  -0.125294247988583  0.0  1.44881961314006  -2.83163992748686  0.0  
  -0.0968024303579617  -0.152298084428603  0.0  1.6490011336742  -2.57080617914835  0.0  
  -0.0794888096130968  -0.17671037157155  0.0  1.78599410958107  -2.3197770625684  0.0  
  -0.0610825481663403  -0.198693625679971  0.0  1.87462836009516  -2.08772060364809  0.0  
  -0.0419962424111936  -0.218464783644512  0.0  1.92770261203118  -1.87790291234787  0.0  
  -0.0225284959257167  -0.236251683926928  0.0  1.95520179563213  -1.69031627723921  0.0  
  -0.00289220649855112  -0.252271109189296  0.0  1.96452949956389  -1.52339195425021  0.0  
  0.0167620940655611  -0.266719523011932  0.0  1.96103903019205  -1.37497108955841  0.0  
  0.0363285741052898  -0.279770530980465  0.0  1.94855853834876  -1.24280289090059  0.0  
  0.0557332648325363  -0.291575580829944  0.0  1.92981650864211  -1.12477475688704  0.0  
  0.0749249042781319  -0.302266026118205  0.0  1.90675933605317  -1.0190011987091  0.0  
  0.0938684515535998  -0.311955604804126  0.0  1.8807794964295  -0.923842929936341  0.0  
  0.112540494206722  -0.320742884716932  0.0  1.85287669315724  -0.837894095389455  0.0  
  0.130925985416745  -0.328713486711915  0.0  1.82377098368302  -0.759956999321084  0.0  
  0.149015913880382  -0.335942024703354  0.0  1.79398221026763  -0.689013765882232  0.0  
  0.166805629622097  -0.34249376202956  0.0  1.76388597919942  -0.624199225428367  0.0  
  0.184293633464371  -0.348426009211921  0.0  1.73375333723802  -0.564776733168142  0.0  
  0.201480696366858  -0.353789296692923  0.0  1.70377908225681  -0.510117371465755  0.0  
  0.218369215109507  -0.358628356641236  0.0  1.67410210859859  -0.459682414510685  0.0  
  0.234962738538829  -0.362982944983136  0.0  1.64482013374189  -0.413008703919028  0.0  
  0.251265617784345  -0.366888530719617  0.0  1.61600043293156  -0.369696519960212  0.0  
  0.267282747197461  -0.370376875382341  0.0  1.58768771623175  -0.329399545402746  0.0  
  0.28301937210898  -0.373476521627672  0.0  1.55990994470554  -0.291816562186549  0.0  
  0.298480946091571  -0.376213206626071  0.0  1.5326826493724  -0.256684573215705  0.0  
  0.313673025096428  -0.378610213091986  0.0  1.50601215473032  -0.223773092378562  0.0  
  0.328601189186178  -0.380688668473643  0.0  1.47989799540451  -0.192879391289864  0.0  
  0.343270985004518  -0.382467800917783  0.0  1.45433473469677  -0.163824529990734  0.0  
  0.357687883880113  -0.383965159073457  0.0  1.42931333716181  -0.136450031070961  0.0  
  0.371857251747754  -0.385196801539202  0.0  1.40482220682065  -0.11061508308694  0.0  
  0.385784328016526  -0.386177460735196  0.0  1.38084797343133  -0.0861941805983045  0.0  
  0.399474211216381  -0.386920685151168  0.0  1.35737608805869  -0.0630751254824668  0.0  
  0.4129318497777  -0.387438963244846  0.0  1.3343912737153  -0.0411573281653432  0.0  
  0.426162036690687  -0.387743831714475  0.0  1.31187786547063  -0.0203503586718677  0.0  
  0.439169407087113  -0.387845970418283  0.0  1.28982006601093  -0.000572706483929658  0.0  
  0.451958438010905  -0.387755285844154  0.0  1.26820213636849  0.0182492844708705  0.0  
  0.464533449814482  -0.387480984728865  0.0  1.24700853685195  0.03618233344018  0.0  
  0.476898608747944  -0.38703163917535  0.0  1.22622402968173  0.0532870160028239  0.0  
  0.489057930408117  -0.386415244408809  0.0  1.20583375216714  0.0696184517681372  0.0  
  0.501015283791287  -0.385639270139988  0.0  1.18582326723496  0.0852269024317479  0.0  
  0.512774395752816  -0.384710706360174  0.0  1.16617859657202  0.100158293386042  0.0  
  0.524338855722728  -0.383636104272267  0.0  1.14688624045875  0.114454669937095  0.0  
  0.535712120561991  -0.382421612961432  0.0  1.12793318745824  0.128154597412258  0.0  
  0.546897519471893  -0.381073012324022  0.0  1.1093069164211  0.141293512982391  0.0  
  0.557898258890413  -0.379595742701784  0.0  1.09099539272049  0.153904035812571  0.0  
  0.568717427326302  -0.37799493160777  0.0  1.07298706020791  0.166016241149081  0.0  
  0.579358000094572  -0.376275417878803  0.0  1.05527083004978  0.177657903111561  0.0  
  0.589822843927298  -0.374441773545539  0.0  1.03783606734695  0.188854710257395  0.0  
  0.600114721441511  -0.372498323673655  0.0  1.02067257623745  0.199630457396727  0.0  
  0.610236295452047  -0.370449164397604  0.0  1.00377058402449  0.210007216641052  0.0  
  0.620190133122  -0.368298179340834  0.0  0.987120724747414  0.22000549025033  0.0  
  0.629978709946995  -0.366049054592598  0.0  0.970714022516004  0.229644347489793  0.0  
  0.639604413572321  -0.363705292391038  0.0  0.954541874851586  0.238941547407465  0.0  
  0.649069547444027  -0.361270223644449  0.0  0.938596036218167  0.247913649188027  0.0  
  0.658376334296684  -0.358747019407277  0.0  0.922868601879547  0.256576111520785  0.0  
  0.667526919481618  -0.356138701414033  0.0  0.907351992181092  0.264943382233232  0.0  
  0.676523374140306  -0.353448151762613  0.0  0.8920389373258  0.273028979281954  0.0  
  0.685367698228134  -0.350678121828394  0.0  0.876922462691537  0.280845564055358  0.0  
  0.694061823394137  -0.347831240481506  0.0  0.861995874718628  0.28840500782451  0.0  
  0.702607615722507  -0.344910021671904  0.0  0.847252747383327  0.29571845207624  0.0  
  0.711006878341803  -0.341916871439981  0.0  0.832686909262117  0.302796363374383  0.0  
  0.719261353907749  -0.338854094404416  0.0  0.818292431183835  0.309648583318407  0.0  
  0.72737272696548  -0.335723899773613  0.0  0.804063614460545  0.316284374102135  0.0  
  0.73534262619696  -0.332528406922373  0.0  0.789994979683638  0.322712460117287  0.0  
  0.743172626559153  -0.329269650571267  0.0  0.77608125606844  0.328941065996027  0.0  
  0.750864251318329  -0.325949585602453  0.0  0.762317371328327  0.334977951442448  0.0  
  0.758418973985719  -0.322570091542418  0.0  0.748698442057893  0.340830443164239  0.0  
  0.765838220159487  -0.319132976739168  0.0  0.735219764603834  0.346505464181777  0.0  
  0.773123369277796  -0.315639982258782  0.0  0.721876806401769  0.352009560762007  0.0  
  0.780275756287522  -0.312092785523928  0.0  0.708665197757181  0.357348927198183  0.0  
  0.787296673232939  -0.308493003714819  0.0  0.695580724048844  0.362529428633311  0.0  
  0.794187370768499  -0.304842196951261  0.0  0.68261931833352  0.367556622104644  0.0  
  0.80094905959961  -0.301141871272726  0.0  0.669777054331281  0.372435775968404  0.0  
  0.807582911855125  -0.297393481431893  0.0  0.657050139771444  0.377171887847847  0.0  
  0.814090062395039  -0.293598433515769  0.0  0.644434910079877  0.381769701233448  0.0  
  0.820471610056722  -0.289758087407224  0.0  0.631927822389209  0.386233720851332  0.0  
  0.826728618842823  -0.285873759098742  0.0  0.619525449854277  0.390568226904707  0.0  
  0.832862119053808  -0.28194672286913  0.0  0.607224476255976  0.394777288283011  0.0  
  0.838873108367942  -0.277978213333082  0.0  0.595021690877502  0.398864774824423  0.0  
  0.844762552871358  -0.273969427372642  0.0  0.582913983637782  0.402834368709373  0.0  
  0.850531388040698  -0.269921525958895  0.0  0.570898340467653  0.406689575055424  0.0  
  0.856180519680711  -0.265835635871533  0.0  0.55897183891517  0.410433731777445  0.0  
  0.861710824819001  -0.261712851323346  0.0  0.547131643967108  0.414070018771187  0.0  
  0.867123152560053  -0.25755423549611  0.0  0.535375004074466  0.417601466473122  0.0  
  0.872418324900491  -0.253360821993883  0.0  0.523699247370448  0.421030963844716  0.0  
  0.877597137507462  -0.249133616219215  0.0  0.512101778070057  0.424361265825062  0.0  
  0.882660360461892  -0.244873596677382  0.0  0.500580073041026  0.427595000291976  0.0  
  0.887608738968282  -0.240581716213376  0.0  0.489131678536426  0.430734674568183  0.0  
  0.89244299403262  -0.236258903186018  0.0  0.477754207079819  0.433782681506116  0.0  
  0.897163823109879  -0.231906062583253  0.0  0.466445334494366  0.436741305182002  0.0  
  0.901771900722508  -0.227524077082378  0.0  0.455202797067775  0.439612726227347  0.0  
  0.906267879051234  -0.223113808058706  0.0  0.444024388845447  0.442399026823599  0.0  
  0.910652388499417  -0.218676096545906  0.0  0.432907959044627  0.445102195383663  0.0  
  0.914926038232127  -0.214211764151033  0.0  0.421851409582748  0.447724130941993  0.0  
  0.919089416691072  -0.209721613927066  0.0  0.410852692713583  0.450266647273262  0.0  
  0.923143092086398  -0.205206431205568  0.0  0.399909808765143  0.452731476757981  0.0  
  0.927087612866374  -0.200666984391907  0.0  0.389020803973639  0.455120274012022  0.0  
  0.930923508165871  -0.196104025725328  0.0  0.378183768408111  0.457434619295616  0.0  
  0.934651288234537  -0.191518292005995  0.0  0.367396833980655  0.459676021716245  0.0  
  0.938271444845484  -0.186910505291003  0.0  0.356658172537443  0.461845922238659  0.0  
  0.941784451685285  -0.182281373561221  0.0  0.345965994026005  0.463945696514299  0.0  
  0.945190764726004  -0.177631591360717  0.0  0.335318544734487  0.465976657541432  0.0  
  0.948490822579975  -0.172961840410393  0.0  0.324714105598823  0.467940058166446  0.0  
  0.951685046837981  -0.168272790197388  0.0  0.314150990573993  0.46983709343598  0.0  
  0.954773842391455  -0.163565098541673  0.0  0.303627545065726  0.471668902808841  0.0  
  0.957757597739295  -0.158839412141211  0.0  0.293142144419199  0.473436572235962  0.0  
  0.960636685279839  -0.154096367096954  0.0  0.282693192461475  0.475141136116079  0.0  
  0.963411461588525  -0.149336589418889  0.0  0.272279120094571  0.476783579134214  0.0  
  0.96608226768173  -0.14456069551427  0.0  0.261898383936217  0.478364837989519  0.0  
  0.968649429267249  -0.139769292659099  0.0  0.251549465005496  0.479885803018585  0.0  
  0.97111325698184  -0.134962979453898  0.0  0.241230867450716  0.48134731971983  0.0  
  0.973474046616263  -0.130142346264702  0.0  0.230941117316957  0.482750190184196  0.0  
  0.975732079328179  -0.125307975650214  0.0  0.220678761350893  0.484095174436971  0.0  
  0.977887621843281  -0.120460442775963  0.0  0.210442365840567  0.485382991695229  0.0  
  0.979940926644991  -0.115600315816309  0.0  0.200230515487906  0.486614321545005  0.0  
  0.981892232153039  -0.110728156345063  0.0  0.190041812311889  0.487789805042046  0.0  
  0.983741762891229  -0.105844519715468  0.0  0.179874874580314  0.488910045739663  0.0  
  0.985489729644646  -0.10094995543027  0.0  0.169728335768242  0.48997561064696  0.0  
  0.987136329606593  -0.0960450075025293  0.0  0.15960084354125  0.490987031120442  0.0  
  0.988681746515471  -0.0911302148078608  0.0  0.149491058761691  0.491944803691774  0.0  
  0.990126150781827  -0.0862061114286938  0.0  0.139397654516236  0.492849390834241  0.0  
  0.991469699605795  -0.081273226991176  0.0  0.129319315163029  0.493701221670245  0.0  
  0.992712537085088  -0.0763320869952889  0.0  0.119254735396837  0.49450069262197  0.0  
  0.993854794313732  -0.0713832131387366  0.0  0.109202619330621  0.495248168007166  0.0  
  0.9948965894717  -0.0664271236351456  0.0  0.0991616795920232  0.495943980581821  0.0  
  0.995838027905573  -0.0614643335271001  0.0  0.0891306364332738  0.496588432031313  0.0  
  0.996679202200366  -0.0564953549945193  0.0  0.0791082168530857  0.497181793411481  0.0  
  0.997420192242634  -0.0515206976588705  0.0  0.069093153729119  0.497724305540889  0.0  
  0.998061065274948  -0.0465408688837015  0.0  0.0590841849596363  0.498216179345409  0.0  
  0.998601875941827  -0.0415563740719623  0.0  0.0490800526129904  0.49865759615612  0.0  
  0.999042666327208  -0.0365677169605791  0.0  0.0390795020836077  0.499048707961342  0.0  
  0.999383465983499  -0.0315753999127355  0.0  0.0290812812531483  0.499389637613534  0.0  
  0.999624291952271  -0.0265799242083085  0.0  0.0190841396555382  0.499680478991626  0.0  
  0.99976514877661  -0.021581790332903  0.0  0.00908682764457674  0.499921297119211  0.0  
  0.999806028505162  -0.0165814982659242  0.0  -0.000911904437166659  0.500112128238945  0.0  
  0.999746910687867  -0.0115795477681241  0.0  -0.0109133070894536  0.500252979843312  0.0  
  0.999587762363373  -0.00657643866905798  0.0  -0.0209186324867594  0.500343830661843  0.0  
  0.999328538038131  -0.00157267115488722  0.0  -0.0309291353132269  0.500384630604708  0.0  
  0.998969179657109  0.00343125394303618  0.0  -0.0409460736014877  0.500375300662507  0.0  
  0.998509616566102  0.00843483485836291  0.0  -0.0509707095766557  0.500315732761935  0.0  
  0.997949765465576  0.0134375685982749  0.0  -0.0610043105068162  0.500205789576884  0.0  
  0.997289530355965  0.0184389506499006  0.0  -0.0710481495613474  0.500045304294404  0.0  
  0.996528802474349  0.023438474684163  0.0  -0.0811035066784353  0.499834080334816  0.0  
  0.995667460222397  0.0284356322565969  0.0  -0.0911716694431661  0.499571891025134  0.0  
  0.994705369085485  0.0334299125046656  0.0  -0.101253933977613  0.499258479224813  0.0  
  0.993642381542844  0.0384208018410932  0.0  -0.111351605844362  0.498893556902687  0.0  
  0.992478336968598  0.0434077836427194  0.0  -0.121466000964967  0.498476804663818  0.0  
  0.991213061523545  0.0483903379343695  0.0  -0.131598446554852  0.498007871224816  0.0  
  0.989846368037501  0.0533679410672157  0.0  -0.141750282076241  0.49748637283603  0.0  
  0.98837805588202  0.0583400653910901  0.0  -0.151922860210739  0.496911892648829  0.0  
  0.986807910833286  0.0633061789201923  0.0  -0.16211754785324  0.496283980026015  0.0  
  0.985135704924956  0.0682657449916105  0.0  -0.172335727128892  0.495602149793229  0.0  
  0.983361196290709  0.0732182219160569  0.0  -0.182578796434954  0.494865881428982  0.0  
  0.981484128996256  0.0781630626201901  0.0  -0.192848171509385  0.494074618190767  0.0  
  0.979504232860521  0.0830997142798722  0.0  -0.203145286528152  0.493227766174445  0.0  
  0.977421223265693  0.088027617943679  0.0  -0.213471595233273  0.492324693303872  0.0  
  0.975234800955855  0.0929462081459497  0.0  -0.223828572093745  0.491364728247486  0.0  
  0.972944651823819  0.0978549125086287  0.0  -0.234217713501559  0.490347159258268  0.0  
  0.970550446685824  0.102753151331115  0.0  -0.244640539005166  0.489271232933237  0.0  
  0.968051841043715  0.107640337167293  0.0  -0.255098592582807  0.488136152888269  0.0  
  0.965448474834168  0.11251587438888  0.0  -0.2655934439583  0.48694107834375  0.0  
  0.962739972164549  0.117379158734168  0.0  -0.276126689961963  0.485685122616157  0.0  
  0.959925941034929  0.122229576841204  0.0  -0.286699955939522  0.4843673515103  0.0  
  0.957005973045759  0.127066505764374  0.0  -0.297314897211982  0.482986781606512  0.0  
  0.953979643090689  0.131889312473334  0.0  -0.307973200589616  0.481542378436636  0.0  
  0.950846509033967  0.136697353333107  0.0  -0.318676585943388  0.480033054542144  0.0  
  0.947606111371821  0.141489973564177  0.0  -0.32942680783732  0.478457667407198  0.0  
  0.94425797287722  0.146266506681251  0.0  -0.340225657225494  0.476815017258889  0.0  
  0.940801598227312  0.151026273909354  0.0  -0.35107496321763  0.475103844726231  0.0  
  0.937236473612868  0.155768583575776  0.0  -0.361976594917347  0.473322828348848  0.0  
  0.933562066328965  0.160492730476331  0.0  -0.372932463337531  0.471470581925507  0.0  
  0.929777824346117  0.165197995214286  0.0  -0.383944523397425  0.469545651691865  0.0  
  0.925883175861016  0.169883643510169  0.0  -0.395014776006382  0.467546513315914  0.0  
  0.921877528825989  0.174548925480604  0.0  -0.406145270239512  0.465471568698646  0.0  
  0.917760270456226  0.179193074884142  0.0  -0.41733810561075  0.463319142566402  0.0  
  0.913530766713774  0.183815308331932  0.0  -0.42859543444924  0.46108747884025  0.0  
  0.909188361767241  0.188414824460947  0.0  -0.439919464385298  0.458774736766456  0.0  
  0.904732377426068  0.192990803067261  0.0  -0.45131246095258  0.456378986790755  0.0  
  0.900162112548189  0.197542404196762  0.0  -0.462776750313539  0.453898206157645  0.0  
  0.895476842419797  0.202068767190414  0.0  -0.474314722115677  0.451330274214232  0.0  
  0.890675818105876  0.206569009681046  0.0  -0.485928832486584  0.4486729673964  0.0  
  0.885758265770066  0.211042226538342  0.0  -0.49762160717629  0.445923953873055  0.0  
  0.88072338596235  0.215487488758507  0.0  -0.509395644855968  0.443080787822011  0.0  
  0.875570352872946  0.219903842294782  0.0  -0.521253620582654  0.440140903308691  0.0  
  0.870298313550697  0.224290306824681  0.0  -0.533198289440245  0.437101607736131  0.0  
  0.864906387084141  0.228645874449505  0.0  -0.54523249036773  0.433960074831862  0.0  
  0.859393663743342  0.232969508321318  0.0  -0.557359150186308  0.430713337133999  0.0  
  0.853759204080415  0.237260141192185  0.0  -0.569581287837817  0.427358277935247  0.0  
  0.848002037986586  0.241516673880023  0.0  -0.581902018847706  0.423891622639612  0.0  
  0.842121163703461  0.245737973644977  0.0  -0.594324560026644  0.420309929482129  0.0  
  0.836115546786053  0.249922872469666  0.0  -0.606852234425796  0.416609579557074  0.0  
  0.829984119014945  0.254070165236119  0.0  -0.619488476561724  0.412786766094645  0.0  
  0.823725777254818  0.258178607791559  0.0  -0.632236837927949  0.408837482920054  0.0  
  0.817339382256386  0.26224691489452  0.0  -0.645100992811278  0.404757512022193  0.0  
  0.810823757398593  0.266273758032003  0.0  -0.658084744432112  0.400542410151505  0.0  
  0.804177687367744  0.27025776309755  0.0  -0.671192031429218  0.396187494358251  0.0  
  0.797399916770009  0.274197507919168  0.0  -0.68442693471062  0.391687826372922  0.0  
  0.790489148673531  0.278091519625008  0.0  -0.697793684693643  0.387038195719961  0.0  
  0.783444043076136  0.281938271833567  0.0  -0.711296668958409  0.382233101444097  0.0  
  0.776263215294363  0.28573618165389  0.0  -0.724940440340543  0.377266732315212  0.0  
  0.768945234269325  0.289483606479871  0.0  -0.738729725490146  0.372132945362664  0.0  
  0.76148862078456  0.293178840561144  0.0  -0.752669433925586  0.366825242573012  0.0  
  0.753891845590813  0.296820111331332  0.0  -0.766764667611924  0.361336745565958  0.0  
  0.746153327432322  0.300405575472463  0.0  -0.781020731095185  0.355660168041666  0.0  
  0.738271430968909  0.303933314692165  0.0  -0.795443142224842  0.349787785768089  0.0  
  0.730244464587825  0.307401331187824  0.0  -0.810037643497944  0.343711403849057  0.0  
  0.722070678098951  0.310807542769146  0.0  -0.824810214059154  0.337422320982259  0.0  
  0.713748260306642  0.31414977760747  0.0  -0.839767082391448  0.330911290380143  0.0  
  0.705275336451122  0.317425768576749  0.0  -0.854914739732304  0.324168476985623  0.0  
  0.696649965511996  0.320633147147182  0.0  -0.870259954249683  0.317183410567408  0.0  
  0.687870137366128  0.323769436788097  0.0  -0.88580978601081  0.309944934225886  0.0  
  0.67893376979178  0.3268320458317  0.0  -0.901571602774443  0.302441147778581  0.0  
  0.669838705310639  0.329818259743669  0.0  -0.91755309663367  0.294659345423069  0.0  
  0.660582707859106  0.332725232740161  0.0  -0.933762301530928  0.286585946993199  0.0  
  0.651163459280021  0.335549978683533  0.0  -0.950207611659338  0.278206422029704  0.0  
  0.641578555625919  0.338289361180755  0.0  -0.966897800754057  0.269505205776625  0.0  
  0.631825503264939  0.340940082799065  0.0  -0.983842042263251  0.260465606087696  0.0  
  0.621901714780654  0.343498673302509  0.0  -1.00104993036958  0.251069700078818  0.0  
  0.611804504657548  0.345961476800641  0.0  -1.01853150180831  0.241298219190224  0.0  
  0.601531084744488  0.348324637686314  0.0  -1.03629725839588  0.231130421120285  0.0  
  0.59107855948963  0.350584085223047  0.0  -1.05435819014048  0.22054394685663  0.0  
  0.580443920941679  0.352735516623446  0.0  -1.07272579875152  0.209514660752738  0.0  
  0.5696240435146  0.354774378438102  0.0  -1.09141212129419  0.198016471271291  0.0  
  0.558615678515795  0.356695846048872  0.0  -1.11042975364363  0.186021129629481  0.0  
  0.547415448441727  0.358494801030692  0.0  -1.12979187327552  0.173498003124244  0.0  
  0.536019841050285  0.360165806111357  0.0  -1.14951226077747  0.160413819372275  0.0  
  0.524425203226178  0.361703077418137  0.0  -1.16960531926925  0.14673237705264  0.0  
  0.5126277346649  0.36310045365241  0.0  -1.19008609066614  0.132414217966714  0.0  
  0.500623481412855  0.364351361777471  0.0  -1.21097026739154  0.117416254303474  0.0  
  0.488408329317069  0.365448778738479  0.0  -1.23227419771969  0.101691343884018  0.0  
  0.475977997458461  0.366385188655152  0.0  -1.2540148823773  0.0851878048152108  0.0  
  0.463328031669523  0.367152534834783  0.0  -1.27620995931412  0.0678488593559773  0.0  
  0.450453798272179  0.367742165842271  0.0  -1.29887767261374  0.0496119948251666  0.0  
  0.437350478217248  0.368144774731287  0.0  -1.32203682028677  0.0304082269745605  0.0  
  0.424013061866444  0.368350330381762  0.0  -1.34570667407181  0.0101612483109355  0.0  
  0.410436344735812  0.368347999697506  0.0  -1.36990686223641  -0.011213559753415  0.0  
  0.396614924621715  0.368126059186694  0.0  -1.39465720354135  -0.0338102764761108  0.0  
  0.382543200664985  0.367671794167983  0.0  -1.4199774767653  -0.0577337841112623  0.0  
  0.368215375086409  0.366971383504469  0.0  -1.44588710514495  -0.0831013407822271  0.0  
  0.353625458562086  0.366009767352339  0.0  -1.47240472830253  -0.110044430094839  0.0  
  0.338767280520359  0.364770494902572  0.0  -1.49954762505445  -0.138710944129282  0.0  
  0.323634506060997  0.363235548469753  0.0  -1.52733093800188  -0.16926776945599  0.0  
  0.308220661760321  0.361385139513452  0.0  -1.55576663369389  -0.201903862033213  0.0  
  0.292519173387119  0.359197471229089  0.0  -1.5848621085645  -0.236833917042039  0.0  
  0.276523419589031  0.356648461172612  0.0  -1.61461831810064  -0.274302764823431  0.0  
  0.260226807025106  0.35371141593262  0.0  -1.64502726092144  -0.314590655144852  0.0  
  0.243622874370602  0.350356648069715  0.0  -1.67606858498383  -0.358019630115682  0.0  
  0.22670543532543  0.346551023330307  0.0  -1.70770499166407  -0.404961232074873  0.0  
  0.209468774537321  0.342257423428217  0.0  -1.7398759827143  -0.455845846901733  0.0  
  0.191907915671144  0.337434106392272  0.0  -1.77248930679158  -0.511174043988759  0.0  
  0.174018988401489  0.332033942548442  0.0  -1.80540918914862  -0.571530336429364  0.0  
  0.155799731888171  0.326003499663685  0.0  -1.83844002941944  -0.637599836075748  0.0  
  0.137250187813101  0.319281945826927  0.0  -1.87130366748684  -0.710188290022571  0.0  
  0.118373658538434  0.311799733863233  0.0  -1.90360745642963  -0.790245899719747  0.0  
  0.0991780386845081  0.303477027832532  0.0  -1.93479911461258  -0.878895024662892  0.0  
  0.0796776762461829  0.294221833369976  0.0  -1.96410247601162  -0.977461129488918  0.0  
  0.0598959891642757  0.283927805242754  0.0  -1.99042559144135  -1.08750469915943  0.0  
  0.0398691644173559  0.272471739386787  0.0  -2.01222892961197  -1.21084846400165  0.0  
  0.0196514105720364  0.259710835962721  0.0  -2.02733665968104  -1.34958753044285  0.0  
  -0.000677568776265021  0.24547998877793  0.0  -2.03266891655384  -1.50605696552536  0.0  
  -0.0210019677590405  0.229589696652214  0.0  -2.0238706187997  -1.68270701926195  0.0  
  -0.041154981152259  0.211825848392691  0.0  -1.99482189943151  -1.8817930805042  0.0  
  -0.0608984057476707  0.19195383504213  0.0  -1.9370594401866  -2.10471867330494  0.0  
  -0.0798961699559909  0.169731474926592  0.0  -1.83926646081855  -2.3507834095891  0.0  
  -0.0976837349640418  0.144938166850348  0.0  -1.68728351960557  -2.61505377333903  0.0  
  -0.113641840348102  0.117430399459812  0.0  -1.46560338617084  -2.88532470002174  0.0  
  -0.126995802687459  0.0872316728499129  0.0  -1.16177116508592  -3.13913333641327  0.0  
  -0.136877263649821  0.0546477327315462  0.0  -0.774370167173966  -3.34374324752652  0.0  
  -0.142483206030938  0.0203568078993824  0.0  -0.321659597614255  -3.46322946477797  0.0  
  -0.143310455602106  -0.0146168565640133  0.0  0.156977457566942  -3.47291815470056  0.0  
  -0.139343656879599  -0.0491015551946288  0.0  0.612726607510675  -3.37233987671309  0.0  
  -0.131055923451892  -0.082063654098275  0.0  1.00601043414473  -3.18522884519849  0.0  
  -0.119223448196704  -0.112806132098599  0.0  1.3180657172444  -2.94668632638664  0.0  
  -0.104694609107004  -0.140997380626008  0.0  1.54953281595601  -2.68896301497655  0.0  
  -0.0882327918775843  -0.16658539239813  0.0  1.71203878825647  -2.43446163366898  0.0  
  -0.0704538333418749  -0.189686613299387  0.0  1.82041428500883  -2.1956474493618  0.0  
  -0.0518245061774076  -0.210498341385366  0.0  1.88836721063688  -1.97786417652569  0.0  
  -0.0326864891291374  -0.229243896829901  0.0  1.92696406713221  -1.7822424418011  0.0  
  -0.0132852248347635  -0.246143190221388  0.0  1.94456129492585  -1.60776197253577  0.0  
  0.00620473676937956  -0.261399136280617  0.0  1.94726070290827  -1.45248157792678  0.0  
  0.025659989223402  -0.275192821779923  0.0  1.93944843388108  -1.31419724781609  0.0  
  0.0449937054470011  -0.287683081236939  0.0  1.92425916243446  -1.19076222807796  0.0  
  0.0641451724720911  -0.299008066341482  0.0  1.90393234852277  -1.08022361319453  0.0  
  0.0830723524174564  -0.309287553500829  0.0  1.88007177478856  -0.980865441499087  0.0  
  0.101746607967862  -0.318625375171464  0.0  1.85383011491226  -0.891207261638816  0.0  
  0.120148954715702  -0.327111698733606  0.0  1.826038903995  -0.809983641303684  0.0  
  0.138267386047762  -0.334825047997538  0.0  1.79729988235859  -0.736117332409275  0.0  
  0.156094952362873  -0.341834045381791  0.0  1.76804935291984  -0.668692107997159  0.0  
  0.173628373106159  -0.348198890157481  0.0  1.73860375306106  -0.60692786181357  0.0  
  0.190867027424095  -0.353972602618062  0.0  1.7091921309807  -0.550158863973029  0.0  
  0.207812215725773  -0.359202067436942  0.0  1.67997945303779  -0.497815262791239  0.0  
  0.22446661648485  -0.363928907873887  0.0  1.65108345228886  -0.449407574185713  0.0  
  0.24083388477155  -0.368190218920656  0.0  1.6225868955117  -0.404513776658339  0.0  
  0.256918354395084  -0.372019183407054  0.0  1.59454657623989  -0.362768613463686  0.0  
  0.272724816296348  -0.37544559118993  0.0  1.56699995053831  -0.323854733954501  0.0  
  0.28825835340585  -0.378496278086144  0.0  1.53997006291431  -0.287495353379999  0.0  
  0.303524217554634  -0.38119549825753  0.0  1.51346922298939  -0.253448160330168  0.0  
  0.318527737865638  -0.383565241292747  0.0  1.48750176314484  -0.221500247283957  0.0  
  0.333274252817531  -0.385625503203209  0.0  1.46206611563076  -0.191463880023782  0.0  
  0.347769060178253  -0.387394518893223  0.0  1.43715638263174  -0.163172955624235  0.0  
  0.362017380470166  -0.388888962315693  0.0  1.41276352638403  -0.136480026756657  0.0  
  0.376024330705934  -0.390124119428356  0.0  1.38887627307219  -0.111253792935914  0.0  
  0.38979490593161  -0.391114038174412  0.0  1.36548180006777  -0.087376977892431  0.0  
  0.403333966707289  -0.391871658986205  0.0  1.3425662584484  -0.0647445272468866  0.0  
  0.416646231100578  -0.392408928719349  0.0  1.32011516979787  -0.0432620727635803  0.0  
  0.429736270103247  -0.392736900441476  0.0  1.29811372672856  -0.0228446192208777  0.0  
  0.442608505635149  -0.392865821103767  0.0  1.27654701946216  -0.0034154178225711  0.0  
  0.45526721049249  -0.392805208797928  0.0  1.25540020549238  0.0150950035456573  0.0  
  0.467716509744997  -0.392563921032854  0.0  1.23465863535968  0.0327496777363803  0.0  
  0.479960383199684  -0.3921502152432  0.0  1.2143079445503  0.0496059237521838  0.0  
  0.492002668636003  -0.39157180255781  0.0  1.19433411924009  0.0657159770342315  0.0  
  0.503847065584485  -0.390835895702516  0.0  1.17472354185526  0.0811275387081038  0.0  
  0.515497139473108  -0.389949251783648  0.0  1.15546302108257  0.0958842555667744  0.0  
  0.526956326006137  -0.38891821059118  0.0  1.13653980993076  0.110026140677578  0.0  
  0.538227935671723  -0.387748728970097  0.0  1.11794161464912  0.123589942937483  0.0  
  0.549315158299119  -0.38644641173243  0.0  1.09965659669231  0.136609472607163  0.0  
  0.560221067605569  -0.385016539517953  0.0  1.081673369441  0.149115888779673  0.0  
  0.570948625687939  -0.383464093956837  0.0  1.06398099101414  0.161137953844122  0.0  
  0.581500687425852  -0.381793780441071  0.0  1.04656895421605  0.172702259256409  0.0  
  0.59188000477226  -0.380010048771709  0.0  1.029427174433  0.183833426301775  0.0  
  0.602089230914512  -0.378117111915035  0.0  1.01254597611361  0.194554285006574  0.0  
  0.612130924294533  -0.376118963071577  0.0  0.995916078326321  0.204886033912  0.0  
  0.622007552481039  -0.374019391236795  0.0  0.979528579775581  0.214848383046554  0.0  
  0.631721495890044  -0.371821995410646  0.0  0.963374943570855  0.224459682115278  0.0  
  0.641275051352456  -0.36953019759449  0.0  0.94744698197299  0.233737035652799  0.0  
  0.650670435529504  -0.36714725469759  0.0  0.931736841288103  0.242696406656253  0.0  
  0.659909788178218  -0.364676269461365  0.0  0.916236987035991  0.251352710016781  0.0  
  0.668995175270224  -0.362120200497254  0.0  0.900940189486126  0.259719896899209  0.0  
  0.67792859196794  -0.35948187152338  0.0  0.885839509627677  0.267811031074311  0.0  
  0.686711965462777  -0.356763979875768  0.0  0.870928285619036  0.275638358083094  0.0  
  0.695347157680321  -0.353969104361719  0.0  0.856200119745996  0.283213368004665  0.0  
  0.703835967857697  -0.351099712515675  0.0  0.841648865905009  0.290546852506058  0.0  
  0.712180134998421  -0.348158167311597  0.0  0.827268617618097  0.297648956771527  0.0  
  0.720381340210059  -0.345146733380244  0.0  0.813053696578497  0.304529226838707  0.0  
  0.728441208929991  -0.342067582774823  0.0  0.798998641720338  0.311196652807906  0.0  
  0.736361313044466  -0.338922800324086  0.0  0.785098198801464  0.317659708337621  0.0  
  0.74414317290602  -0.335714388608071  0.0  0.771347310485305  0.32392638679276  0.0  
  0.751788259254172  -0.332444272588231  0.0  0.757741106905567  0.330004234371397  0.0  
  0.759297995044132  -0.329114303920643  0.0  0.744274896695943  0.335900380500127  0.0  
  0.766673757188091  -0.325726264978229  0.0  0.730944158466143  0.341621565756703  0.0  
  0.773916878213454  -0.322281872605509  0.0  0.717744532705033  0.347174167551042  0.0  
  0.781028647842192  -0.318782781627208  0.0  0.704671814091477  0.352564223771299  0.0  
  0.788010314495284  -0.315230588130083  0.0  0.691721944193612  0.357797454580211  0.0  
  0.794863086726064  -0.311626832535603  0.0  0.678891004537542  0.362879282527883  0.0  
  0.801588134586035  -0.307973002479525  0.0  0.666175210026894  0.367814851130316  0.0  
  0.808186590926602  -0.304270535512997  0.0  0.653570902695198  0.372609042048025  0.0  
  0.814659552639939  -0.300520821638565  0.0  0.641074545773713  0.37726649098578  0.0  
  0.821008081842076  -0.296725205693282  0.0  0.628682718057941  0.381791602422668  0.0  
  0.827233207001098  -0.292884989590111  0.0  0.616392108556816  0.386188563271115  0.0  
  0.833335924013212  -0.289001434427859  0.0  0.604199511409226  0.390461355554095  0.0  
  0.839317197229282  -0.285075762479029  0.0  0.592101821053285  0.3946137681813  0.0  
  0.845177960434278  -0.281109159064233  0.0  0.580096027634462  0.39864940789754  0.0  
  0.850919117781972  -0.277102774321079  0.0  0.568179212639371  0.402571709469851  0.0  
  0.856541544687065  -0.273057724874836  0.0  0.556348544742713  0.406383945173729  0.0  
  0.862046088676826  -0.268975095417604  0.0  0.544601275855541  0.410089233633468  0.0  
  0.867433570204176  -0.264855940202167  0.0  0.532934737363603  0.413690548066641  0.0  
  0.872704783424098  -0.260701284456271  0.0  0.521346336545194  0.417190723978383  0.0  
  0.87786049693508  -0.256512125722599  0.0  0.509833553158467  0.420592466347101  0.0  
  0.882901454487267  -0.252289435129329  0.0  0.498393936188764  0.423898356339668  0.0  
  0.887828375658856  -0.248034158595806  0.0  0.487025100747009  0.427110857590888  0.0  
  0.892641956502208  -0.243747217977511  0.0  0.475724725110736  0.430232322079063  0.0  
  0.89734287016107  -0.239429512154225  0.0  0.464490547899791  0.433264995626833  0.0  
  0.901931767460203  -0.235081918064975  0.0  0.453320365379181  0.436211023054033  0.0  
  0.906409277468654  -0.230705291693144  0.0  0.442212028882002  0.439072453007108  0.0  
  0.910776008037843  -0.226300469004833  0.0  0.431163442345715  0.441851242487611  0.0  
  0.915032546315568  -0.221868266843392  0.0  0.420172559955499  0.444549261100531  0.0  
  0.919179459236953  -0.217409483782822  0.0  0.40923738388867  0.447168295041474  0.0  
  0.923217293993342  -0.212924900942562  0.0  0.398355962154576  0.449710050840267  0.0  
  0.927146578480045  -0.208415282766017  0.0  0.387526386524617  0.45217615887713  0.0  
  0.930967821723834  -0.20388137776502  0.0  0.376746790547388  0.454568176686333  0.0  
  0.934681514290993  -0.19932391923229  0.0  0.366015347644178  0.456887592061057  0.0  
  0.938288128676717  -0.194743625923799  0.0  0.355330269280352  0.459135825972169  0.0  
  0.9417881196766  -0.190141202712847  0.0  0.34468980320835  0.46131423531261  0.0  
  0.945181924740884  -0.185517341217546  0.0  0.334092231778296  0.46342411547823  0.0  
  0.948469964312165  -0.180872720403282  0.0  0.323535870312408  0.465466702795082  0.0  
  0.951652642147133  -0.176208007161645  0.0  0.313019065539595  0.467443176802416  0.0  
  0.954730345622957  -0.171523856867234  0.0  0.302540194086826  0.469354662399967  0.0  
  0.957703446028869  -0.166820913913645  0.0  0.292097661024033  0.471202231867432  0.0  
  0.960572298843438  -0.162099812229885  0.0  0.281689898459453  0.472986906763507  0.0  
  0.963337243998058  -0.157361175778375  0.0  0.271315364182493  0.474709659711265  0.0  
  0.965998606127088  -0.15260561903566  0.0  0.260972540351334  0.47637141607618  0.0  
  0.968556694805085  -0.147833747456852  0.0  0.250659932222613  0.477973055542625  0.0  
  0.97101180477154  -0.143046157924807  0.0  0.240376066920681  0.479515413594247  0.0  
  0.973364216143498  -0.138243439184967  0.0  0.230119492244  0.480999282903235  0.0  
  0.97561419461642  -0.133426172266743  0.0  0.219888775506404  0.482425414633096  0.0  
  0.977761991653627  -0.128594930892305  0.0  0.20968250241102  0.483794519659243  0.0  
  0.979807844664641  -0.123750281873558  0.0  0.199499275954737  0.485107269711356  0.0  
  0.981751977172721  -0.118892785498078  0.0  0.189337715361219  0.486364298441192  0.0  
  0.983594598971865  -0.114022995904734  0.0  0.179196455040526  0.487566202419225  0.0  
  0.985335906273532  -0.109141461449693  0.0  0.169074143573477  0.488713542063246  0.0  
  0.986976081843334  -0.104248725063469  0.0  0.158969442718975  0.489806842501816  0.0  
  0.988515295127911  -0.0993453245996568  0.0  0.148881026442564  0.490846594375204  0.0  
  0.989953702372186  -0.0944317931759649  0.0  0.138807579964556  0.491833254576262  0.0  
  0.991291446727202  -0.0895086595081316  0.0  0.128747798826114  0.492767246933463  0.0  
  0.992528658348708  -0.0845764482372957  0.0  0.118700387971725  0.493648962838133  0.0  
  0.993665454486637  -0.0796356802513689  0.0  0.108664060846561  0.494478761817735  0.0  
  0.994701939565639  -0.074686873000941  0.0  0.0986375385072306  0.495256972056882  0.0  
  0.995638205256781  -0.0697305408102313  0.0  0.0886195487444996  0.495983890867596  0.0  
  0.996474330540529  -0.0647671951835891  0.0  0.078608825216559  0.496659785110158  0.0  
  0.997210381761113  -0.0597973451080282  0.0  0.0686041065914713  0.497284891565758  0.0  
  0.997846412672359  -0.0548214973522739  0.0  0.0586041356974331  0.497859417261994  0.0  
  0.998382464475061  -0.0498401567627883  0.0  0.0486076586795247  0.498383539752135  0.0  
  0.998818565845949  -0.0448538265572312  0.0  0.0386134241616269  0.498857407348918  0.0  
  0.999154732958294  -0.0398630086158099  0.0  0.028620182412204  0.499281139313525  0.0  
  0.999390969494193  -0.0348682037709607  0.0  0.0186266845126595  0.499654826000244  0.0  
  0.999527266648547  -0.029869912095805  0.0  0.0086316815269768  0.4999785289572  0.0  
  0.999563603124733  -0.0248686331918167  0.0  -0.00136607632863507  0.500252280983396  0.0  
  0.999499945121974  -0.0198648664761371  0.0  -0.0113678405173774  0.500476086142212  0.0  
  0.999336246314385  -0.0148591114689725  0.0  -0.0213748650160644  0.500649919731334  0.0  
  0.999072447821653  -0.00985186808151042  0.0  -0.0313884071531873  0.500773728209022  0.0  
  0.998708478171321  -0.00484363690479204  0.0  -0.041409728452145  0.500847429076439  0.0  
  0.99824425325261  0.000165080500018362  0.0  -0.0514400954809611  0.500870910715669  0.0  
  0.997679676261702  0.00517378130952135  0.0  -0.0614807807098234  0.500844032182929  0.0  
  0.997014637638413  0.0101819611436769  0.0  -0.0715330633778051  0.500766622956313  0.0  
  0.996249014994146  0.0151891137686476  0.0  -0.0815982303701522  0.500638482637315  0.0  
  0.99538267303101  0.0201947307964232  0.0  -0.0916775771075497  0.500459380605198  0.0  
  0.994415463451995  0.0251983013807516  0.0  -0.101772408448813  0.500229055623165  0.0  
  0.993347224862034  0.0301993119088865  0.0  -0.111884039608492  0.499947215395114  0.0  
  0.992177782659825  0.0351972456886539  0.0  -0.122013797090902  0.499613536071633  0.0  
  0.990906948920216  0.0401915826303192  0.0  -0.132163019642173  0.499227661703693  0.0  
  0.989534522266982  0.0451817989227277  0.0  -0.142333059221921  0.498789203642369  0.0  
  0.988060287735778  0.0501673667031666  0.0  -0.152525281996228  0.498297739882705  0.0  
  0.986484016627057  0.0551477537203818  0.0  -0.162741069353667  0.49775281434968  0.0  
  0.984805466348704  0.0601224229901602  0.0  -0.172981818946186  0.497153936124022  0.0  
  0.983024380248133  0.0650908324428622  0.0  -0.183248945756716  0.496500578605407  0.0  
  0.98114048743357  0.0700524345622683  0.0  -0.193543883195462  0.495792178610364  0.0  
  0.979153502584224  0.0750066760150695  0.0  -0.203868084226918  0.495028135401974  0.0  
  0.977063125749032  0.0799529972703078  0.0  -0.214223022529744  0.494207809648191  0.0  
  0.974869042133629  0.0848908322080333  0.0  -0.224610193691706  0.493330522305355  0.0  
  0.972570921875197  0.0898196077164149  0.0  -0.235031116442053  0.492395553423175  0.0  
  0.970168419804788  0.0947387432764968  0.0  -0.245487333923732  0.491402140867146  0.0  
  0.967661175196723  0.0996476505337578  0.0  -0.255980415008053  0.490349478954066  0.0  
  0.965048811504627  0.104545732855578  0.0  -0.266511955654466  0.489236716995913  0.0  
  0.962330936083634  0.109432384873676  0.0  -0.277083580318319  0.488062957747014  0.0  
  0.959507139898261  0.114306992010518  0.0  -0.287696943409567  0.486827255748991  0.0  
  0.956576997215442  0.119168929988656  0.0  -0.298353730805594  0.485528615567547  0.0  
  0.953540065282149  0.124017564321869  0.0  -0.309055661421476  0.484165989914665  0.0  
  0.950395883987013  0.128852249786949  0.0  -0.319804488841187  0.482738277649273  0.0  
  0.947143975505325  0.133672329874855  0.0  -0.330602003013466  0.481244321648895  0.0  
  0.943783843926743  0.138477136219927  0.0  -0.341450032016267  0.479682906544145  0.0  
  0.940314974865  0.143265988005738  0.0  -0.352350443893947  0.478052756307334  0.0  
  0.936736835048864  0.148038191346074  0.0  -0.363305148571582  0.476352531685669  0.0  
  0.933048871893568  0.152793038639451  0.0  -0.374316099851087  0.474580827468806  0.0  
  0.929250513051843  0.15752980789545  0.0  -0.385385297494065  0.472736169579626  0.0  
  0.925341165943687  0.162247762031044  0.0  -0.396514789396641  0.470817011976207  0.0  
  0.92132021726391  0.166946148134974  0.0  -0.407706673861842  0.468821733351932  0.0  
  0.91718703246645  0.171624196698082  0.0  -0.41896310197544  0.466748633619598  0.0  
  0.912940955224401  0.176281120807366  0.0  -0.430286280091536  0.464595930164155  0.0  
  0.908581306864619  0.180916115301365  0.0  -0.44167847243457  0.462361753847411  0.0  
  0.90410738577571  0.185528355884314  0.0  -0.453142003824862  0.460044144746578  0.0  
  0.899518466788122  0.190116998196297  0.0  -0.46467926253525  0.457641047606969  0.0  
  0.894813800525005  0.194681176836454  0.0  -0.476292703286865  0.455150306987378  0.0  
  0.889992612722385  0.199220004336045  0.0  -0.487984850392629  0.452569662074822  0.0  
  0.885054103517152  0.20373257007795  0.0  -0.499758301057601  0.449896741143159  0.0  
  0.879997446701233  0.208217939158908  0.0  -0.511615728845902  0.447129055627832  0.0  
  0.874821788940234  0.212675151190507  0.0  -0.523559887324595  0.444263993786408  0.0  
  0.869526248954741  0.217103219034636  0.0  -0.535593613895577  0.44129881391177  0.0  
  0.864109916662322  0.221501127468742  0.0  -0.547719833827275  0.438230637061707  0.0  
  0.858571852278195  0.22586783177587  0.0  -0.55994156449871  0.435056439265212  0.0  
  0.852911085372348  0.230202256254046  0.0  -0.572261919869359  0.431773043161976  0.0  
  0.847126613880808  0.23450329263911  0.0  -0.584684115189088  0.428377109027335  0.0  
  0.841217403068566  0.238769798434593  0.0  -0.59721147196343  0.424865125130245  0.0  
  0.835182384441539  0.243000595141714  0.0  -0.609847423190449  0.42123339736664  0.0  
  0.829020454604757  0.247194466381926  0.0  -0.622595518886539  0.417478038104705  0.0  
  0.822730474063809  0.251350155903808  0.0  -0.635459431919611  0.413594954172161  0.0  
  0.816311265966365  0.255466365465369  0.0  -0.648442964169356  0.409579833908407  0.0  
  0.809761614780421  0.259541752581977  0.0  -0.661550053035514  0.40542813319632  0.0  
  0.803080264905655  0.263574928129295  0.0  -0.674784778316442  0.401135060379485  0.0  
  0.796265919214093  0.267564453789566  0.0  -0.688151369481632  0.396695559960512  0.0  
  0.789317237516022  0.271508839328506  0.0  -0.701654213363339  0.392104294964777  0.0  
  0.782232834946826  0.275406539688862  0.0  -0.715297862293933  0.387355627841148  0.0  
  0.775011280270144  0.279255951885328  0.0  -0.729087042717184  0.382443599756948  0.0  
  0.767651094092482  0.283055411684001  0.0  -0.743026664303236  0.377361908128225  0.0  
  0.760150746984079  0.286803190047893  0.0  -0.757121829598639  0.372103882208167  0.0  
  0.752508657500509  0.290497489328164  0.0  -0.771377844244361  0.366662456535865  0.0  
  0.744723190099192  0.29413643917861  0.0  -0.785800227796217  0.361030142024273  0.0  
  0.736792652944585  0.29771809216865  0.0  -0.800394725183603  0.355198994439718  0.0  
  0.72871529559552  0.301240419067405  0.0  -0.815167318843637  0.349160579995181  0.0  
  0.720489306567712  0.304701303768553  0.0  -0.830124241568887  0.342905937745325  0.0  
  0.712112810764142  0.308098537822311  0.0  -0.845271990107517  0.336425538432097  0.0  
  0.703583866765562  0.311429814537195  0.0  -0.86061733955496  0.329709239385107  0.0  
  0.694900463973043  0.314692722610013  0.0  -0.876167358575783  0.322746235029805  0.0  
  0.686060519594046  0.317884739237791  0.0  -0.891929425493238  0.315525002497825  0.0  
  0.677061875463178  0.32100322265997  0.0  -0.90791124528163  0.308033241766415  0.0  
  0.667902294688414  0.324045404073119  0.0  -0.924120867492888  0.300257809676223  0.0  
  0.65857945811332  0.327008378853494  0.0  -0.940566705143084  0.292184647087001  0.0  
  0.649090960585552  0.32988909701486  0.0  -0.957257554576587  0.283798698327118  0.0  
  0.639434307021788  0.332684352820037  0.0  -0.974202616314364  0.275083821972469  0.0  
  0.629606908259265  0.335390773454309  0.0  -0.991411516877695  0.266022691850629  0.0  
  0.619606076684234  0.338004806657049  0.0  -1.00889433155822  0.256596687003276  0.0  
  0.6094290216281  0.340522707194374  0.0  -1.02666160807818  0.246785769149783  0.0  
  0.599072844522671  0.342940522040045  0.0  -1.04472439104911  0.236568345972306  0.0  
  0.588534533807118  0.34525407411382  0.0  -1.06309424709082  0.22592111828141  0.0  
  0.577810959580854  0.347458944405673  0.0  -1.08178329041172  0.214818908813863  0.0  
  0.566898867998884  0.349550452290098  0.0  -1.10080420857302  0.203234470051342  0.0  
  0.555794875409394  0.3515236338067  0.0  -1.12017028805708  0.191138268019521  0.0  
  0.544495462237742  0.353373217650488  0.0  -1.13989543912821  0.178498238517393  0.0  
  0.53299696662683  0.355093598577048  0.0  -1.15999421930286  0.165279511620283  0.0  
  0.521295577851685  0.356678807882894  0.0  -1.18048185452493  0.151444099575931  0.0  
  0.509387329536331  0.358122480568566  0.0  -1.20137425685411  0.136950542346017  0.0  
  0.497268092714602  0.359417818729814  0.0  -1.22268803710303  0.121753504004003  0.0  
  0.484933568794271  0.360557550648646  0.0  -1.24444051037366  0.105803311944962  0.0  
  0.472379282507129  0.361533884968713  0.0  -1.26664969181192  0.0890454293456039  0.0  
  0.459600574958032  0.362338459235558  0.0  -1.28933427907413  0.071419849471876  0.0  
  0.446592596925647  0.362962281958151  0.0  -1.3125136169168  0.0528603981912027  0.0  
  0.433350302619696  0.363395667199382  0.0  -1.33620763789881  0.0332939283107253  0.0  
  0.41986844416767  0.363628160524365  0.0  -1.36043677130751  0.0126393860111691  0.0  
  0.406141567193546  0.363648454919606  0.0  -1.38522180993137  -0.00919327447393151  0.0  
  0.392164007969043  0.363444295034887  0.0  -1.41058372098954  -0.0323043568642059  0.0  
  0.377929892773755  0.363002367782322  0.0  -1.4365433830976  -0.0568059047377508  0.0  
  0.363433140307091  0.362308176940132  0.0  -1.46312122519269  -0.0828234423435901  0.0  
  0.348667468269901  0.36134589893545  0.0  -1.49033673528972  -0.110498027019719  0.0  
  0.333626405601296  0.360098216399737  0.0  -1.51820779599528  -0.139988677988187  0.0  
  0.318303312349996  0.358546125375686  0.0  -1.54674978873513  -0.171475261358963  0.0  
  0.302691409826594  0.356668711172558  0.0  -1.57597438804266  -0.205161929965937  0.0  
  0.286783824589143  0.354442886776367  0.0  -1.60588793869678  -0.241281240077494  0.0  
  0.270573651052658  0.351843086371008  0.0  -1.63648926864112  -0.280099096112556  0.0  
  0.25405403921632  0.348840904854116  0.0  -1.66776673459232  -0.321920710385317  0.0  
  0.237218316360812  0.345404672163302  0.0  -1.69969421790666  -0.367097808676184  0.0  
  0.220060154858187  0.341498948680593  0.0  -1.73222567507291  -0.416037364755685  0.0  
  0.202573802859354  0.337083924868188  0.0  -1.76528768446654  -0.469212207402007  0.0  
  0.184754401168856  0.332114704532552  0.0  -1.79876919535708  -0.527173908832928  0.0  
  0.166598418952212  0.326540446691529  0.0  -1.83250734162281  -0.590568425065545  0.0  
  0.1481042543364  0.320303336031242  0.0  -1.86626767887286  -0.660154996278369  0.0  
  0.129273065374755  0.313337346765962  0.0  -1.89971646189722  -0.736828785658975  0.0  
  0.110109925098456  0.305566760318062  0.0  -1.93238148554369  -0.821647550439194  0.0  
  0.0906254356638813  0.296904395757178  0.0  -1.96359640435147  -0.915862123441583  0.0  
  0.0708379970114263  0.28724951784923  0.0  -1.99242110932034  -1.02094929354409  0.0  
  0.0507770134774746  0.276485409886296  0.0  -2.01752742931499  -1.13864314364707  0.0  
  0.0304874484251264  0.264476654976289  0.0  -2.03703498327942  -1.27095576865282  0.0  
  0.0100363138118862  0.25106629451324  0.0  -2.04827675007705  -1.42016820583928  0.0  
  -0.0104780865764146  0.236073290859503  0.0  -2.04746968387671  -1.58875322042389  0.0  
  -0.0309130798656479  0.219291230104762  0.0  -2.02926850736263  -1.77915668858062  0.0  
  -0.0510634567236673  0.200490157087891  0.0  -1.98620686313098  -1.99330559528389  0.0  
  -0.0706372171282676  0.179425118199084  0.0  -1.90811686592923  -2.23162678544848  0.0  
  -0.0892257940422519  0.155857621378921  0.0  -1.78183681193798  -2.49128803158294  0.0  
  -0.106273953367027  0.129599357567426  0.0  -1.5919492314748  -2.76346548722662  0.0  
  -0.121064778671748  0.100588311634389  0.0  -1.32385258759132  -3.03007949451593  0.0  
  -0.132751005118854  0.0689977676771069  0.0  -0.97041736984194  -3.26207223348786  0.0  
  -0.140473126068587  0.0353468669646319  0.0  -0.541117483974385  -3.42323977361288  0.0  
  -0.143573354798341  0.000532972204849318  0.0  -0.067466142226023  -3.48228989371782  0.0  
  -0.141822448913107  -0.0342989309097244  0.0  0.403361602500546  -3.42798430001774  0.0  
  -0.13550612274833  -0.0680267137955055  0.0  0.826004486688548  -3.27519982262723  0.0  
  -0.125302359179336  -0.0998029273622691  0.0  1.17278553851532  -3.05622793214887  0.0  
  -0.112050411978024  -0.129151272438483  0.0  1.43727290915699  -2.80565121886988  0.0  
  -0.0965569009961964  -0.155915951739667  0.0  1.62762275760755  -2.55007820398232  0.0  
  -0.0794979568258731  -0.180152836518129  0.0  1.75795377066281  -2.30571512861446  0.0  
  -0.0613978255829402  -0.202030254311956  0.0  1.84262129572033  -2.08044421463174  0.0  
  -0.0426455309114664  -0.221761720810764  0.0  1.89374464282784  -1.87686558285554  0.0  
  -0.0235229327263833  -0.239567565969067  0.0  1.92069174619403  -1.69471017288204  0.0  
  -0.00423169598758588  -0.255655924268405  0.0  1.93038939615752  -1.53236781338859  0.0  
  0.0150848551967671  -0.270214922236839  0.0  1.92785010566021  -1.38774062542799  0.0  
  0.0343253061256182  -0.283410736776964  0.0  1.91666861524013  -1.25867673967349  0.0  
  0.0534182275015697  -0.295388457030308  0.0  1.89941762759196  -1.14316863600094  0.0  
  0.0723136586774574  -0.306274109496983  0.0  1.87794146626592  -1.03942811970437  0.0  
  0.0909770568268881  -0.316177019424396  0.0  1.85356684970743  -0.945900481350004  0.0  
  0.109384995671606  -0.325192119123983  0.0  1.82725196913652  -0.861251028429952  0.0  
  0.127522096209619  -0.333402039992995  0.0  1.79969143732839  -0.784340906683307  0.0  
  0.145378824418174  -0.34087893725765  0.0  1.77139024135955  -0.714200457726603  0.0  
  0.16294990103681  -0.347686049147527  0.0  1.74271607065694  -0.650003864492607  0.0  
  0.180233145831313  -0.353879014547502  0.0  1.7139365639878  -0.591046567875109  0.0  
  0.197228632316566  -0.359506980505029  0.0  1.68524600395628  -0.536725834617051  0.0  
  0.213938065910438  -0.364613531239843  0.0  1.65678458734121  -0.486524352042137  0.0  
  0.23036432406339  -0.369237467545872  0.0  1.62865243735073  -0.439996522429844  0.0  
  0.246511114657453  -0.37341346168844  0.0  1.60091986476418  -0.396757074111201  0.0  
  0.262382721358673  -0.377172609028096  0.0  1.57363493290097  -0.356471618312672  0.0  
  0.277983813315472  -0.380542894054693  0.0  1.54682907010179  -0.318848820322776  0.0  
  0.293319302760709  -0.383549585434551  0.0  1.52052125787686  -0.283633901076609  0.0  
  0.308394238473009  -0.386215572076225  0.0  1.49472117264016  -0.250603231656768  0.0  
  0.323213726213512  -0.388561650067687  0.0  1.46943155347958  -0.219559824741699  0.0  
  0.337782869542601  -0.390606768571059  0.0  1.44464999382149  -0.190329562567424  0.0  
  0.352106726089942  -0.392368241319035  0.0  1.42037030170231  -0.162758030603718  0.0  
  0.366190275576647  -0.393861929183134  0.0  1.39658353521348  -0.136707850490433  0.0  
  0.380038396794212  -0.395102398328844  0.0  1.37327879210802  -0.112056425601324  0.0  
  0.393655851418808  -0.39610305769516  0.0  1.35044381247916  -0.088694028661493  0.0  
  0.407047273043795  -0.396876278902074  0.0  1.32806543870533  -0.0665221738235467  0.0  
  0.420217160192914  -0.397433501171631  0.0  1.3061299659988  -0.04545222609024  0.0  
  0.433169872363771  -0.397785323423878  0.0  1.28462340883595  -0.0254042094424618  0.0  
  0.445909628369633  -0.39794158536048  0.0  1.26353170252862  -0.00630578188622097  0.0  
  0.458440506414344  -0.397911439061603  0.0  1.24284085467656  0.0119086488098475  0.0  
  0.470766445463164  -0.397703412384283  0.0  1.2225370578285  0.0292986903979368  0.0  
  0.482891247570914  -0.397325465253644  0.0  1.20260677208996  0.045918630486083  0.0  
  0.494818580904964  -0.396785039774562  0.0  1.18303678444167  0.0618180149472129  0.0  
  0.506551983259747  -0.3960891049547  0.0  1.16381425002019  0.0770421529589884  0.0  
  0.518094865905368  -0.395244196715382  0.0  1.14492671944922  0.0916325592039143  0.0  
  0.529450517648732  -0.394256453770622  0.0  1.12636215541185  0.105627342087127  0.0  
  0.540622109013605  -0.393131649873639  0.0  1.10810894095812  0.119061545445945  0.0  
  0.551612696467894  -0.391875222861703  0.0  1.09015588150032  0.131967450077179  0.0  
  0.562425226643611  -0.390492300872096  0.0  1.07249220202692  0.144374840452491  0.0  
  0.573062540508432  -0.388987726052653  0.0  1.0551075407346  0.15631124119397  0.0  
  0.583527377458303  -0.387366076048216  0.0  1.03799194001953  0.167802127213742  0.0  
