1 0 0 0 0.5 0
0.999949999506865 0.00499991749767698 0.0 -0.0100002043815318 0.499974998800878 0.0
0.999799991781785 0.00999933492388705 0.0 -0.0200016589684355 0.499899980819891 0.0
0.999549958068582 0.0149977519195065 0.0 -0.0300056147977138 0.499774902899399 0.0
0.999199867093092 0.0199946675496872 0.0 -0.0400133245710057 0.499599693037331 0.0
0.998749675042347 0.0249895800149037 0.0 -0.0500260434901243 0.499374250277968 0.0
0.998199325535376 0.0299819863606874 0.0 -0.0600450300964683 0.499098444558591 0.0
0.997548749585597 0.0349713821856052 0.0 -0.070071547115615 0.498772116511557 0.0
0.996797865554719 0.0399572613470339 0.0 -0.0801068623084156 0.498395077221229 0.0
0.995946579098108 0.044939115664274 0.0 -0.0901522493299329 0.497967107935046 0.0
0.994994783101507 0.0499164346185436 0.0 -0.100208988597581 0.4974879597279 0.0
0.993942357609034 0.0548887050493764 0.0 -0.110278368169851 0.49695735311883 0.0
0.992789169742324 0.0598554108469452 0.0 -0.120361684637044 0.496374977638895 0.0
0.991535073610704 0.0648160326398138 0.0 -0.13046024402545 0.49574049134897 0.0
0.990179910212251 0.0697700474776112 0.0 -0.14057536271646 0.495053520305998 0.0
0.988723507325578 0.0747169285081038 0.0 -0.150708368382142 0.494313657976126 0.0
0.987165679392171 0.0796561446481256 0.0 -0.160860600938847 0.493520464592933 0.0
0.985506227389106 0.0845871602478094 0.0 -0.171033413520472 0.492673466458811 0.0
0.983744938691911 0.0895094347475374 0.0 -0.181228173473045 0.491772155187342 0.0
0.98188158692738 0.0944224223270114 0.0 -0.191446263372391 0.490815986884353 0.0
0.979915931816086 0.0993255715458171 0.0 -0.20168908206666 0.489804381265062 0.0
0.977847719004331 0.104218324974828 0.0 -0.211958045745606 0.488736720704556 0.0
0.97567667988527 0.109100118817767 0.0 -0.222254589038561 0.487612349218579 0.0
0.973402531408894 0.11397038252222 0.0 -0.232580166143143 0.486430571371331 0.0
0.971024975880573 0.118828538379338 0.0 -0.242936251986816 0.485190651106753 0.0
0.9685437007478 0.123674001111462 0.0 -0.253324343423531 0.483891810499434 0.0
0.965958378374793 0.128506177446836 0.0 -0.263745960467769 0.482533228420988 0.0
0.963268665804551 0.133324465680539 0.0 -0.27420264756842 0.481114039117412 0.0
0.960474204507972 0.13812825522073 0.0 -0.284695974925063 0.479633330692555 0.0
0.957574620119572 0.142916926119235 0.0 -0.29522753984932 0.478090143492459 0.0
0.954569522159365 0.147689848585456 0.0 -0.305798968174128 0.476483468384903 0.0
0.951458503740391 0.152446382482532 0.0 -0.316411915713878 0.474812244928032 0.0
0.948241141261379 0.157185876804597 0.0 -0.327068069778571 0.473075359421449 0.0
0.944916994083983 0.16190766913394 0.0 -0.337769150745282 0.471271642832643 0.0
0.941485604194005 0.166611085076767 0.0 -0.348516913690413 0.469399868591036 0.0
0.937946495845972 0.171295437676212 0.0 -0.359313150086431 0.467458750241295 0.0
0.934299175190411 0.175960026801137 0.0 -0.370159689566944 0.465446938946923 0.0
0.930543129883115 0.180604138509181 0.0 -0.381058401764263 0.463363020834359 0.0
0.926677828675648 0.185227044382413 0.0 -0.392011198223765 0.461205514167055 0.0
0.922702720986309 0.189828000833817 0.0 -0.403020034399682 0.458972866338113 0.0
0.918617236450706 0.194406248382762 0.0 -0.414086911737179 0.456663450669117 0.0
0.914420784451063 0.198961010897417 0.0 -0.425213879845898 0.45427556300177 0.0
0.910112753623304 0.203491494802006 0.0 -0.436403038770437 0.451807418067805 0.0
0.905692511340928 0.207996888246574 0.0 -0.447656541363586 0.44925714562143 0.0
0.901159403174614 0.212476360236827 0.0 -0.458976595768483 0.446622786317171 0.0
0.896512752326428 0.216929059721399 0.0 -0.47036546801624 0.443902287314557 0.0
0.891751859037448 0.221354114633715 0.0 -0.481825484745994 0.441093497589417 0.0
0.886875999967555 0.225750630885414 0.0 -0.493359036054766 0.438194162929811 0.0
0.881884427546029 0.230117691308053 0.0 -0.504968578484991 0.435201920592652 0.0
0.87677636929156 0.234454354539574 0.0 -0.516656638158045 0.432114293594915 0.0
0.871551027100152 0.238759653851736 0.0 -0.528425814062653 0.428928684610974 0.0
0.866207576499328 0.243032595914432 0.0 -0.540278781507593 0.425642369444998 0.0
0.860745165866945 0.247272159492453 0.0 -0.55221829574873 0.422252490044425 0.0
0.855162915612831 0.251477294069952 0.0 -0.564247195801033 0.418756047017401 0.0
0.849459917321318 0.255646918397425 0.0 -0.576368408446904 0.415149891613498 0.0
0.843635232852671 0.259779918955638 0.0 -0.588584952452852 0.411430717123148 0.0
0.837687893401249 0.263875148330441 0.0 -0.600899943007328 0.407595049646923 0.0
0.831616898508129 0.2679314234919 0.0 -0.613316596393286 0.403639238180951 0.0
0.82542121502577 0.271947523970624 0.0 -0.625838234909929 0.399559443959463 0.0
0.819099776032153 0.275922189923536 0.0 -0.638468292058934 0.395351628989505 0.0
0.812651479691662 0.279854120080658 0.0 -0.651210318011409 0.391011543706258 0.0
0.806075188059833 0.283741969563725 0.0 -0.664067985372784 0.386534713670009 0.0
0.799369725828877 0.287584347566623 0.0 -0.677045095263836 0.381916425217589 0.0
0.792533879010742 0.291379814886719 0.0 -0.690145583737104 0.377151709971875 0.0
0.78556639355424 0.295126881295129 0.0 -0.703373528548978 0.372235328102615 0.0
0.7784659738926 0.298824002732878 0.0 -0.716733156308851 0.367161750220264 0.0
0.77123128141754 0.302469578318613 0.0 -0.730228850027782 0.361925137771473 0.0
0.763860932875761 0.306061947152186 0.0 -0.743865157090187 0.356519321790281 0.0
0.756353498683511 0.309599384896863 0.0 -0.757646797673109 0.35093777984248 0.0
0.748707501154608 0.31308010012119 0.0 -0.771578673638563 0.345173610982079 0.0
0.740921412637067 0.316502230379665 0.0 -0.785665877925324 0.339219508517653 0.0
0.732993653553202 0.319863838009188 0.0 -0.799913704467229 0.333067730362594 0.0
0.724922590337794 0.323162905615903 0.0 -0.814327658665549 0.32671006671617 0.0
0.716706533268653 0.326397331224334 0.0 -0.82891346844319 0.320137804791606 0.0
0.708343734183614 0.329564923057733 0.0 -0.843677095908305 0.313341690272414 0.0
0.699832384077736 0.332663393915162 0.0 -0.858624749654177 0.306311885138295 0.0
0.691170610574213 0.335690355107027 0.0 -0.87376289772087 0.299037921456382 0.0
0.682356475262268 0.338643309906482 0.0 -0.889098281241874 0.291508650681424 0.0
0.673387970895066 0.341519646469255 0.0 -0.904637928795635 0.283712187948668 0.0
0.664263018440521 0.344316630168989 0.0 -0.920389171476973 0.275635850774473 0.0
0.65497946397776 0.347031395288887 0.0 -0.936359658696812 0.267266091500455 0.0
0.645535075431932 0.349660936003441 0.0 -0.952557374709539 0.258588422725637 0.0
0.635927539140167 0.352202096575889 0.0 -0.968990655855372 0.249587334865315 0.0
0.626154456241638 0.354651560687864 0.0 -0.985668208489237 0.240246204852881 0.0
0.616213338885091 0.357005839807182 0.0 -1.00259912754704 0.230547194858423 0.0
0.606101606247839 0.359261260487605 0.0 -1.01979291567334 0.220471139732137 0.0
0.595816580361106 0.36141395048059 0.0 -1.0372595027999 0.209997421686989 0.0
0.585355481737954 0.363459823523063 0.0 -1.05500926601986 0.199103830508461 0.0
0.57471542480184 0.365394562646844 0.0 -1.07305304954518 0.187766407313341 0.0
0.563893413116345 0.36721360183404 0.0 -1.09140218446139 0.175959269566665 0.0
0.552886334419882 0.368912105818037 0.0 -1.11006850789982 0.163654414696853 0.0
0.541690955473623 0.370484947800989 0.0 -1.12906438112667 0.150821499212482 0.0
0.530303916736587 0.371926684825225 0.0 -1.14840270589408 0.137427589706107 0.0
0.518721726889357 0.373231530496866 0.0 -1.16809693819986 0.123436881514252 0.0
0.506940757237615 0.374393324714064 0.0 -1.18816109834833 0.108810380067119 0.0
0.494957236039369 0.37540549999833 0.0 -1.20860977587693 0.0935055390811322 0.0
0.482767242816075 0.376261043963864 0.0 -1.22945812749106 0.0774758486902216 0.0
0.470366702729071 0.376952457384561 0.0 -1.25072186560394 0.0606703653382977 0.0
0.457751381130153 0.377471707229151 0.0 -1.27241723437074 0.0430331737165426 0.0
0.444916878430588 0.377810173928782 0.0 -1.29456096918665 0.0245027691635708 0.0
0.431858625478945 0.377958592014506 0.0 -1.31717023441867 0.00501134667750231 0.0
0.418571879697864 0.377906983110323 0.0 -1.34026253256999 -0.015516020079733 0.0
0.405051722307781 0.377644580084816 0.0 -1.36385557600984 -0.03716232979492 0.0
0.391293057067265 0.377159740944278 0.0 -1.38796710967409 -0.0600197587042586 0.0
0.377290611092796 0.376439850783778 0.0 -1.41261466952255 -0.0841909492806239 0.0
0.363038938495905 0.375471209789124 0.0 -1.43781525671312 -0.109790518039266 0.0
0.348532427806693 0.374238904888552 0.0 -1.46358490098397 -0.136946825938021 0.0
0.333765314459225 0.372726662171333 0.0 -1.48993807801484 -0.165804064584716 0.0
0.318731700022628 0.370916676600088 0.0 -1.51688693371312 -0.196524723569895 0.0
0.303425580408602 0.368789414817879 0.0 -1.54444025223524 -0.229292519306095 0.0
0.287840886022796 0.36632338595713 0.0 -1.57260208239159 -0.264315884492341 0.0
0.27197153782567 0.363494874254164 0.0 -1.60136990643723 -0.301832140584127 0.0
0.255811524629762 0.360277625910688 0.0 -1.63073219256915 -0.342112504398488 0.0
0.239355008829073 0.356642480961983 0.0 -1.66066511257466 -0.385468115224229 0.0
0.222596470339861 0.352556938841417 0.0 -1.69112812144636 -0.4322573113953 0.0
0.205530902130101 0.347984643796494 0.0 -1.72205797526083 -0.482894435520148 0.0
0.188154075762963 0.342884773240243 0.0 -1.75336059070233 -0.537860504335386 0.0
0.170462902516617 0.337211308465399 0.0 -1.78489989972407 -0.597716138263207 0.0
0.152455925808902 0.330912162929515 0.0 -1.81648248930344 -0.663117196571312 0.0
0.134133995242523 0.323928138722596 0.0 -1.84783628440335 -0.734833583062678 0.0
0.115501193655424 0.316191677387481 0.0 -1.87858075117386 -0.813771625636145 0.0
0.0965661191571811 0.307625368217069 0.0 -1.90818494928722 -0.901000192753552 0.0
0.0773436687102973 0.298140178145549 0.0 -1.93590808140993 -0.997780097540426 0.0
0.0578575347462036 0.287633377772934 0.0 -1.96071475778842 -1.10559498015771 0.0
0.0381437202764654 0.275986168606463 0.0 -1.98115377886572 -1.22617902932037 0.0
0.0182555116258887 0.263061088068454 0.0 -1.9951847204945 -1.36153123907055 0.0
-0.00172946904007817 0.24869942087318 0.0 -1.99993141310284 -1.51389488184957 0.0
-0.0216992784709884 0.23271915159447 0.0 -1.99133768624272 -1.68566010660537 0.0
-0.0414936456980988 0.214914583723962 0.0 -1.96370529314126 -1.87911009928603 0.0
-0.0608847733676299 0.195059834230971 0.0 -1.90912471080793 -2.09586883044516 0.0
-0.0795522906574492 0.172920255259807 0.0 -1.81690781466012 -2.33582094392614 0.0
-0.0970538420494558 0.148278536783981 0.0 -1.67337458909943 -2.59520449358219 0.0
-0.1127984789018 0.120984926220166 0.0 -1.46282062208514 -2.86369914514453 0.0
-0.126041365467655 0.0910398490848142 0.0 -1.17109055154155 -3.12107313609208 0.0
-0.135933180477104 0.0587033072282853 0.0 -0.79303742590417 -3.33580373258797 0.0
-0.141659282686767 0.0245897613311914 0.0 -0.342292293601557 -3.47018258494224 0.0
-0.142659519925087 -0.0103339573367824 0.0 0.144102114330758 -3.49441426847824 0.0
-0.138828893865028 -0.0449121194016707 0.0 0.615063385560584 -3.40258380565353 0.0
-0.130559615702516 -0.078072051653918 0.0 1.02579976232169 -3.21626689517725 0.0
-0.118591036579723 -0.109046621847143 0.0 1.35303013001226 -2.97204234753714 0.0
-0.103780616154555 -0.137439163016183 0.0 1.59535905338505 -2.70509276359249 0.0
-0.0869261443728247 -0.163156992918745 0.0 1.76438407622741 -2.44034113233818 0.0
-0.068682851275098 -0.186300288392784 0.0 1.87580790892888 -2.19177733702696 0.0
-0.0495511184605501 -0.207066387003747 0.0 1.94435922501095 -1.96543793918536 0.0
-0.0298974588956061 -0.225686989745264 0.0 1.98195996809122 -1.76264210721642 0.0
-0.00998413576428944 -0.242393452581247 0.0 1.99759160888937 -1.58230815763098 0.0
0.0100036257014124 -0.257400361803429 0.0 1.99778121984881 -1.42233403022291 0.0
0.0299360713044818 -0.270899425489922 0.0 1.98719217548199 -1.2803317820535 0.0
0.0497229301499387 -0.283058619699885 0.0 1.96913438710803 -1.15398154699749 0.0
0.0693019332718892 -0.29402373519011 0.0 1.94595490555593 -1.04118033594957 0.0
0.08863068264031 -0.30392083161918 0.0 1.91932120712662 -0.94008726801222 0.0
0.107680917416117 -0.312858867694975 0.0 1.89042157703822 -0.849120104603223 0.0
0.126434466229867 -0.32093217803266 0.0 1.86010541086511 -0.766931365556982 0.0
0.144880378173866 -0.328222670929743 0.0 1.82898123969889 -0.692377982017548 0.0
0.163012878040989 -0.334801719337611 0.0 1.7974853846757 -0.624490986674855 0.0
0.180829900117031 -0.340731761245116 0.0 1.76593028178187 -0.562447971461218 0.0
0.198332030401252 -0.346067642620346 0.0 1.73453871422845 -0.505549197843662 0.0
0.215521739101027 -0.35085774003878 0.0 1.70346823262333 -0.453197387235478 0.0
0.232402820903677 -0.35514489830658 0.0 1.67282870118767 -0.404880857703773 0.0
0.248979985043165 -0.358967214317451 0.0 1.64269499444293 -0.360159554227965 0.0
0.265258554112293 -0.362358693762289 0.0 1.61311624703606 -0.318653513649675 0.0
0.281244242339771 -0.365349802906735 0.0 1.58412263513471 -0.280033347034105 0.0
0.296942992289013 -0.367967933760726 0.0 1.55573037690986 -0.24401237958503 0.0
0.312360854744342 -0.370237797660367 0.0 1.52794543887365 -0.210340146663763 0.0
0.327503900677809 -0.372181759539274 0.0 1.50076629533308 -0.178796997556332 0.0
0.34237815714491 -0.37382012291789 0.0 1.47418599055337 -0.149189604309281 0.0
0.356989561088762 -0.375171373809325 0.0 1.44819368433221 -0.121347211071869 0.0
0.371343926580488 -0.376252390256316 0.0 1.42277581272498 -0.0951184906347015 0.0
0.385446922155863 -0.377078623012184 0.0 1.39791696060714 -0.0703689002145568 0.0
0.399304055741827 -0.377664251905249 0.0 1.37360051748252 -0.0469784489939459 0.0
0.412920665283827 -0.378022321636549 0.0 1.34980916959151 -0.0248398063811111 0.0
0.426301913644892 -0.378164860118989 0.0 1.32652526795698 -0.00385669318211555 0.0
0.439452786691849 -0.378102981943075 0.0 1.30373110213597 0.0160574914898892 0.0
0.452378093743353 -0.377846979127018 0.0 1.28140910214089 0.0349808461825462 0.0
0.46508246975056 -0.377406400958619 0.0 1.25954198555706 0.0529839776581023 0.0
0.477570378730158 -0.376790124448217 0.0 1.23811286281389 0.0701308721577747 0.0
0.489846118083039 -0.376006416674114 0.0 1.21710531050632 0.0864796489732191 0.0
0.501913823518718 -0.375062990105058 0.0 1.19650342034911 0.102083214238942 0.0
0.51377747437227 -0.373967051820686 0.0 1.17629182958982 0.116989829855014 0.0
0.52544089915178 -0.372725347414515 0.0 1.15645573736683 0.131243609990393 0.0
0.536907781193833 -0.371344200249937 0.0 1.13698091047325 0.144884955598039 0.0
0.548181664335049 -0.369829546644011 0.0 1.11785368120017 0.157950935709639 0.0
0.559265958531236 -0.368186967473193 0.0 1.09906093932549 0.170475622903071 0.0
0.570163945373963 -0.366421716627162 0.0 1.0805901198456 0.182490389195939 0.0
0.58087878346841 -0.364538746679194 0.0 1.06242918768343 0.194024167670476 0.0
0.591413513647233 -0.362542732092607 0.0 1.04456662032421 0.205103684344106 0.0
0.601771064003539 -0.360438090241023 0.0 1.02699138911038 0.215753664137939 0.0
0.611954254732492 -0.358229000484575 0.0 1.0096929397561 0.22599701423977 0.0
0.621965802775986 -0.355919421513585 0.0 0.992661172508045 0.235854987690263 0.0
0.631808326268528 -0.353513107145017 0.0 0.975886422274945 0.245347329626 0.0
0.641484348785293 -0.351013620734383 0.0 0.959359438967115 0.254492408278568 0.0
0.650996303395386 -0.348424348346219 0.0 0.943071368223476 0.263307332544901 0.0
0.660346536524857 -0.3457485108094 0.0 0.92701373265425 0.271808057702358 0.0
0.669537311635112 -0.34298917476881 0.0 0.911178413688931 0.280009480635656 0.0
0.678570812723086 -0.340149262832184 0.0 0.895557634089327 0.287925525766293 0.0
0.687449147650032 -0.337231562899771 0.0 0.880143941164376 0.29556922272359 0.0
0.696174351306054 -0.334238736754753 0.0 0.864930190705736 0.302952776666334 0.0
0.704748388617626 -0.33117332798385 0.0 0.849909531649647 0.310087632051749 0.0
0.713173157405347 -0.32803776929005 0.0 0.835075391460353 0.316984530551601 0.0
0.721450491099089 -0.324834389252861 0.0 0.820421462222804 0.323653563731334 0.0
0.72958216131754 -0.321565418585667 0.0 0.805941687426769 0.330104221035298 0.0
0.737569880318971 -0.318232995934696 0.0 0.79163024942059 0.336345433557878 0.0
0.745415303329769 -0.314839173259552 0.0 0.777481557510046 0.342385614025144 0.0
0.753120030757092 -0.311385920831302 0.0 0.763490236676137 0.348232693363527 0.0
0.760685610291676 -0.307875131880541 0.0 0.749651116884551 0.353894154189932 0.0
0.76811353890658 -0.30430862692469 0.0 0.735959222959239 0.35937706152078 0.0
0.775405264757375 -0.300688157801006 0.0 0.722409764992515 0.364688090965103 0.0
0.782562188989007 -0.297015411429241 0.0 0.708998129264512 0.369833554638332 0.0
0.789585667454281 -0.293292013325673 0.0 0.695719869645397 0.374819425008306 0.0
0.796477012348685 -0.289519530888225 0.0 0.682570699454583 0.379651356862897 0.0
0.803237493765978 -0.285699476470582 0.0 0.669546483752057 0.384334707569065 0.0
0.80986834117876 -0.281833310261622 0.0 0.656643232037955 0.388874555775819 0.0
0.816370744847976 -0.277922442985029 0.0 0.64385709133756 0.393275718698183 0.0
0.822745857165115 -0.273968238432634 0.0 0.63118433964996 0.397542768105622 0.0
0.828994793930622 -0.269972015843887 0.0 0.618621379739684 0.401680045126228 0.0
0.835118635571856 -0.265935052142792 0.0 0.60616473325169 0.405691673967142 0.0
0.84111842830375 -0.261858584042666 0.0 0.593811035131113 0.409581574642035 0.0
0.846995185235102 -0.257743810028253 0.0 0.581557028330225 0.413353474787865 0.0
0.852749887423318 -0.253591892223904 0.0 0.569399558785986 0.417010920645361 0.0
0.858383484880204 -0.249403958155855 0.0 0.557335570652543 0.42055728727084 0.0
0.863896897531312 -0.245181102415974 0.0 0.545362101773931 0.423995788040691 0.0
0.869291016131138 -0.240924388233761 0.0 0.533476279383041 0.42732948350435 0.0
0.874566703136401 -0.236634848962868 0.0 0.521675316013793 0.430561289636536 0.0
0.879724793539453 -0.232313489487903 0.0 0.509956505614184 0.433693985535028 0.0
0.884766095663772 -0.227961287556855 0.0 0.4983172198486 0.436730220606206 0.0
0.889691391923384 -0.22357919504406 0.0 0.486754904578512 0.439672521276868 0.0
0.894501439547939 -0.219168139148272 0.0 0.475267076511274 0.442523297267579 0.0
0.899196971275077 -0.214729023530059 0.0 0.463851320007382 0.445284847459733 0.0
0.903778696011616 -0.210262729392432 0.0 0.452505284037105 0.447959365385869 0.0
0.908247299465022 -0.205770116508346 0.0 0.441226679277969 0.450548944370243 0.0
0.912603444746526 -0.20125202419844 0.0 0.430013275345029 0.45305558234448 0.0
0.91684777294717 -0.196709272262145 0.0 0.418862898146389 0.45548118636106 0.0
0.92098090368801 -0.192142661865085 0.0 0.407773427356847 0.457827576825552 0.0
0.925003435645616 -0.187552976385481 0.0 0.396742794002957 0.46009649146684 0.0
0.928915947053954 -0.182940982222084 0.0 0.3857689781532 0.462289589063025 0.0
0.932718996183669 -0.178307429566013 0.0 0.374850006707323 0.464408452939299 0.0
0.936413121799736 -0.173653053138677 0.0 0.363983951279227 0.466454594252819 0.0
0.939998843598383 -0.168978572897871 0.0 0.353168926168132 0.468429455078409 0.0
0.943476662624151 -0.164284694713941 0.0 0.342403086413027 0.470334411307874 0.0
0.946847061667888 -0.159572111017855 0.0 0.331684625925698 0.472170775374718 0.0
0.950110505646453 -0.15484150142284 0.0 0.321011775697884 0.473939798815151 0.0
0.953267441964844 -0.150093533321195 0.0 0.31038280207838 0.475642674675464 0.0
0.956318300861429 -0.145328862457755 0.0 0.299796005116093 0.477280539775057 0.0
0.959263495736923 -0.140548133481412 0.0 0.289249716965307 0.478854476833756 0.0
0.962103423467711 -0.135751980476008 0.0 0.278742300349599 0.480365516471353 0.0
0.964838464704092 -0.130941027471838 0.0 0.268272147081035 0.481814639086764 0.0
0.967468984153979 -0.126115888938938 0.0 0.257837676631442 0.483202776623614 0.0
0.969995330852554 -0.121277170263261 0.0 0.247437334752745 0.48453081422857 0.0
0.972417838418369 -0.116425468206773 0.0 0.237069592143463 0.485799591808274 0.0
0.974736825296321 -0.111561371352473 0.0 0.22673294315864 0.487009905490292 0.0
0.976952594987938 -0.106685460535254 0.0 0.216425904560604 0.488162508993084 0.0
0.97906543626937 -0.10179830925951 0.0 0.206147014308073 0.48925811490965 0.0
0.981075623397442 -0.0969004841043121 0.0 0.195894830381227 0.490297395909137 0.0
0.98298341630414 -0.0919925451169629 0.0 0.185667929640507 0.491280985860377 0.0
0.984789060779839 -0.0870750461956942 0.0 0.175464906716961 0.492209480881037 0.0
0.986492788645581 -0.0821485354622285 0.0 0.165284372932081 0.49308344031575 0.0
0.988094817914697 -0.0772135556249014 0.0 0.15512495524514 0.493903387646375 0.0
0.989595352944025 -0.0722706443330092 0.0 0.144985295226129 0.494669811337248 0.0
0.990994584574985 -0.0673203345230176 0.0 0.134864048052469 0.495383165618077 0.0
0.992292690264727 -0.0623631547572431 0.0 0.124759881527722 0.496043871206913 0.0
0.99348983420757 -0.0573996295555953 0.0 0.114671475120618 0.496652315975414 0.0
0.994586167446928 -0.0524302797209464 0.0 0.104597519022743 0.497208855558438 0.0
0.995581827977901 -0.0474556226586748 0.0 0.0945367132233027 0.49771381390981 0.0
0.996476940840686 -0.0424761726909144 0.0 0.0844877665994157 0.498167483805918 0.0
0.997271618204967 -0.0374924413660215 0.0 0.0744493960204429 0.498570127298675 0.0
0.997965959445414 -0.03250493776376 0.0 0.0644203254648836 0.498921976119144 0.0
0.998560051208406 -0.0275141687966916 0.0 0.0543992851484171 0.49922323203307 0.0
0.99905396747008 -0.0225206395082478 0.0 0.0443850106616917 0.49947406714931 0.0
0.999447769585812 -0.0175248533679477 0.0 0.0343762421164934 0.49967462418211 0.0
0.999741506331179 -0.0125273125642222 0.0 0.0243717232989442 0.499825016667956 0.0
0.999935213934504 -0.00752851829529325 0.0 0.0143702008284061 0.499925329137647 0.0
1.00002891610099 -0.00252897105855398 0.0 0.00437042332077661 0.499975617244091 0.0
1.00002262402853 0.0024708290611086 0.0 -0.00562885944512499 0.499975907846173 0.0
0.999916336415157 0.00747038210361162 0.0 -0.0156288973593705 0.499926199048961 0.0
0.999710039458215 0.0124691879461583 0.0 -0.0256309408122243 0.499826460200349 0.0
0.999403706845192 0.0174667460154689 0.0 -0.035636241526217 0.499676631844129 0.0
0.998997299736228 0.0224625549993233 0.0 -0.0456460533902811 0.499476625629368 0.0
0.998490766738266 0.0274561125569788 0.0 -0.0556616332972405 0.499226324175804 0.0
0.997884043870811 0.0324469150280199 0.0 -0.0656842419859569 0.498925580894905 0.0
0.997177054523233 0.0374344571391945 0.0 -0.075715144889448 0.498574219766033 0.0
0.996369709403552 0.0424182317087853 0.0 -0.0857556129903095 0.498172035067098 0.0
0.995461906478633 0.047397729348057 0.0 -0.0958069236847902 0.49771879105889 0.0
0.99445353090569 0.0523724381593108 0.0 -0.105870361656897 0.497214221622183 0.0
0.993344454954985 0.0573418434300697 0.0 -0.11594721976393 0.496658029846526 0.0
0.992134537923619 0.0623054273229057 0.0 -0.126038799934884 0.496049887569522 0.0
0.990823626040264 0.0672626685604057 0.0 -0.136146414083178 0.49538943486522 0.0
0.989411552360689 0.0722130421047615 0.0 -0.146271385035231 0.494676279480079 0.0
0.987898136653916 0.0771560188314497 0.0 -0.156415047476433 0.493909996214825 0.0
0.986283185278821 0.0820910651964518 0.0 -0.166578748916102 0.493090126250311 0.0
0.984566491050987 0.0870176428964456 0.0 -0.176763850673098 0.492216176415326 0.0
0.982747833099587 0.0919352085213735 0.0 -0.186971728883798 0.491287618394097 0.0
0.980826976714072 0.0968432131987755 0.0 -0.197203775534198 0.490303887871017 0.0
0.978803673180402 0.101741102229244 0.0 -0.20746139951801 0.489264383609918 0.0
0.976677659606571 0.106628314712331 0.0 -0.217746027722648 0.488168466464963 0.0
0.974448658737108 0.111504283162214 0.0 -0.228059106145122 0.487015458320008 0.0
0.972116378756279 0.116368433112374 0.0 -0.238402101039918 0.48580464095297 0.0
0.969680513079623 0.12122018270854 0.0 -0.248776500101039 0.484535254821519 0.0
0.967140740133504 0.126058942289066 0.0 -0.259183813680513 0.483206497766041 0.0
0.964496723122274 0.130884113951923 0.0 -0.269625576045724 0.481817523625537 0.0
0.961748109782662 0.135695091107375 0.0 -0.280103346678106 0.480367440761756 0.0
0.95889453212496 0.140491258015436 0.0 -0.29061871161581 0.478855310486482 0.0
0.95593560616055 0.145271989307082 0.0 -0.301173284843124 0.477280145386489 0.0
0.952870931615291 0.150036649488178 0.0 -0.311768709729549 0.475640907540233 0.0
0.94970009162825 0.154784592425005 0.0 -0.322406660521605 0.473936506619906 0.0
0.946422652435249 0.159515160810207 0.0 -0.333088843890593 0.472165797871905 0.0
0.943038163036626 0.164227685607907 0.0 -0.343817000539714 0.470327579968282 0.0
0.939546154848628 0.168921485476646 0.0 -0.354592906874163 0.468420592721087 0.0
0.935946141337759 0.173595866168765 0.0 -0.365418376737976 0.466443514650899 0.0
0.932237617637418 0.178250119904684 0.0 -0.376295263221662 0.464394960400101 0.0
0.928420060146087 0.182883524720507 0.0 -0.387225460544867 0.462273477980716 0.0
0.924492926106299 0.187495343787233 0.0 -0.398210906018564 0.460077545845754 0.0
0.920455653163563 0.192084824699742 0.0 -0.409253582091539 0.457805569772125 0.0
0.916307658904387 0.19665119873362 0.0 -0.420355518486218 0.45545587954218 0.0
0.912048340372471 0.201193680067734 0.0 -0.431518794429187 0.453026725409822 0.0
0.907677073562102 0.205711464970328 0.0 -0.442745540982084 0.450516274336 0.0
0.903193212887704 0.210203730946252 0.0 -0.45403794347888 0.447922605977031 0.0
0.898596090628468 0.214669635842763 0.0 -0.465398244075947 0.445243708407826 0.0
0.893885016346884 0.219108316911159 0.0 -0.476828744421706 0.442477473560517 0.0
0.889059276279946 0.223518889821281 0.0 -0.488331808453058 0.439621692357256 0.0
0.884118132701734 0.227900447625726 0.0 -0.499909865326264 0.436674049514103 0.0
0.879060823255975 0.232252059670344 0.0 -0.511565412490418 0.433632117990842 0.0
0.873886560257127 0.236572770447354 0.0 -0.523301018912173 0.430493353059284 0.0
0.868594529958414 0.240861598387114 0.0 -0.535119328460912 0.427255085960125 0.0
0.863183891785173 0.245117534584264 0.0 -0.547023063464148 0.423914517115639 0.0
0.857653777531751 0.249339541453629 0.0 -0.559015028443577 0.420468708862467 0.0
0.852003290520089 0.253526551310891 0.0 -0.571098114042802 0.416914577665352 0.0
0.84623150471803 0.257677464872627 0.0 -0.583275301158526 0.413248885768968 0.0
0.840337463815239 0.261791149669858 0.0 -0.595549665287674 0.409468232240818 0.0
0.834320180254518 0.26586643836878 0.0 -0.607924381103743 0.405569043353628 0.0
0.828178634216157 0.269902126991772 0.0 -0.62040272727647 0.401547562250504 0.0
0.821911772552809 0.273896973031218 0.0 -0.632988091549775 0.397399837830522 0.0
0.815518507672224 0.277849693448011 0.0 -0.645683976093878 0.393121712786019 0.0
0.808997716365029 0.281758962545867 0.0 -0.658494003148401 0.388708810715889 0.0
0.802348238574544 0.285623409711812 0.0 -0.671421920974273 0.384156522231268 0.0
0.795568876105455 0.289441617012316 0.0 -0.684471610133304 0.37945998996122 0.0
0.788658391267978 0.29321211663355 0.0 -0.697647090115296 0.374614092356204 0.0
0.781615505453917 0.296933388153216 0.0 -0.710952526333692 0.369613426176039 0.0
0.774438897640848 0.300603855630152 0.0 -0.724392237511802 0.364452287536717 0.0
0.767127202820372 0.304221884496633 0.0 -0.73797070348276 0.359124651376465 0.0
0.759679010346216 0.307785778236791 0.0 -0.751692573427382 0.353624149185781 0.0
0.752092862197654 0.311293774832939 0.0 -0.765562674575133 0.347944044828445 0.0
0.744367251153498 0.31474404295978 0.0 -0.779586021394297 0.34207720826055 0.0
0.736500618871629 0.318134677904402 0.0 -0.793767825298249 0.336016086931928 0.0
0.728491353868767 0.321463697187714 0.0 -0.80811350489532 0.329752674628755 0.0
0.720337789394916 0.324729035860402 0.0 -0.822628696810094 0.323278477486942 0.0
0.712038201196619 0.327928541443637 0.0 -0.837319267103995 0.316584476872869 0.0
0.703590805162896 0.331059968481518 0.0 -0.85219132332254 0.309661088790225 0.0
0.694993754847469 0.334120972668645 0.0 -0.86725122719562 0.302498119428682 0.0
0.686245138860613 0.337109104512113 0.0 -0.882505608015291 0.295084716420835 0.0
0.677342978123755 0.340021802482601 0.0 -0.897961376712774 0.287409315317407 0.0
0.668285222979724 0.342856385604043 0.0 -0.913625740652154 0.279459580725857 0.0
0.659069750151438 0.345610045425415 0.0 -0.929506219152533 0.271222341482954 0.0
0.6496943595417 0.348279837311494 0.0 -0.945610659742445 0.262683519145859 0.0
0.640156770866818 0.350862670981784 0.0 -0.961947255139712 0.253828048986855 0.0
0.63045462011687 0.353355300218096 0.0 -0.978524560935887 0.24463979256176 0.0
0.620585455835766 0.355754311651343 0.0 -0.995351513946014 0.235101440788436 0.0
0.610546735214727 0.358056112526663 0.0 -1.01243745116043 0.22519440631632 0.0
0.600335819993616 0.360256917332991 0.0 -1.02979212920433 0.214898703786606 0.0
0.589949972165674 0.36235273316807 0.0 -1.04742574417084 0.204192816370653 0.0
0.579386349482795 0.364339343692645 0.0 -1.06534895164184 0.193053546725709 0.0
0.568642000760677 0.366212291507503 0.0 -1.0835728866448 0.181455850214954 0.0
0.557713860986069 0.367966858763826 0.0 -1.10210918320937 0.169372647894685 0.0
0.546598746232249 0.369598045790401 0.0 -1.12096999307893 0.156774616364781 0.0
0.535293348393967 0.371100547489819 0.0 -1.14016800299344 0.143629951096657 0.0
0.523794229759769 0.372468727219193 0.0 -1.15971644978171 0.129904099280209 0.0
0.51209781744836 0.373696587828 0.0 -1.17962913227262 0.115559457548621 0.0
0.500200397746933 0.374777739475295 0.0 -1.19992041874055 0.10055502912386 0.0
0.488098110404095 0.375705363789252 0.0 -1.2206052482215 0.0848460339470238 0.0
0.475786942948969 0.376472173861889 0.0 -1.24169912354718 0.0683834641804918 0.0
0.463262725132603 0.377070369488868 0.0 -1.26321809331108 0.0511135760481487 0.0
0.450521123619635 0.377491586965586 0.0 -1.285178719158 0.0329773072599516 0.0
0.437557637099313 0.377726842633128 0.0 -1.30759802371756 0.0139096071779911 0.0
0.424367592038506 0.377766469226957 0.0 -1.33049341310117 -0.00616133566459076 0.0
0.410946139368851 0.377600043912276 0.0 -1.35388256604386 -0.0273149871927742 0.0
0.397288252490964 0.377216306686574 0.0 -1.37778327934875 -0.0496395048849586 0.0
0.383388727097299 0.376603067584061 0.0 -1.40221325608299 -0.0732329453484021 0.0
0.369242183471084 0.375747100818581 0.0 -1.42718981870439 -0.0982046751831542 0.0
0.354843072124077 0.374634023639032 0.0 -1.45272952358674 -0.124677025111899 0.0
0.340185683907695 0.373248157228652 0.0 -1.47884764573175 -0.152787236244307 0.0
0.32526416609339 0.371572366437716 0.0 -1.50555749206631 -0.182689758392461 0.0
0.310072546401181 0.369587874473795 0.0 -1.53286948758489 -0.214558974098591 0.0
0.294604767604215 0.367274047854819 0.0 -1.56078995923089 -0.248592439139735 0.0
0.278854736214476 0.364608145920122 0.0 -1.58931951570628 -0.2850147515313 0.0
0.262816389947836 0.361565027947505 0.0 -1.61845088431911 -0.324082187384853 0.0
0.246483790299918 0.35811680938434 0.0 -1.64816601411772 -0.366088274387971 0.0
0.229851248815643 0.35423245680213 0.0 -1.67843218148979 -0.411370513120555 0.0
0.212913498761064 0.349877308852923 0.0 -1.70919673067075 -0.460318503512554 0.0
0.195665928278011 0.345012507666628 0.0 -1.74037993323214 -0.51338378811973 0.0
0.178104897263503 0.339594321718111 0.0 -1.77186523682789 -0.571091782943267 0.0
0.160228168965319 0.333573337196371 0.0 -1.80348586328034 -0.634056222896258 0.0
0.142035499802261 0.326893490425334 0.0 -1.83500626325218 -0.702996585750396 0.0
0.123529448949442 0.319490909271579 0.0 -1.86609627056574 -0.778758939437038 0.0
0.104716495361457 0.311292527608808 0.0 -1.89629482277728 -0.862340509628506 0.0
0.0856085879429423 0.302214435726381 0.0 -1.92495868142021 -0.954917842107479 0.0
0.0662253100203233 0.292159935076681 0.0 -1.951189499316 -1.05787745320045 0.0
0.0465969198120958 0.281017285984786 0.0 -1.97372960748585 -1.17284577236363 0.0
0.0267686442153844 0.268657187642692 0.0 -1.99081283311359 -1.3017109374398 0.0
0.00680676470097774 0.254930141181561 0.0 -1.9999516250957 -1.44662065191228 0.0
-0.0131927533192239 0.239664075825764 0.0 -1.99763695430836 -1.60992434397376 0.0
-0.0330920923013472 0.222663068252271 0.0 -1.97892716973189 -1.79399843259889 0.0
-0.0526947008641749 0.203708830451062 0.0 -1.93691836062955 -2.00084246330085 0.0
-0.0717227032933222 0.182568133383596 0.0 -1.86215144073712 -2.23125547322122 0.0
-0.0897888808200834 0.159011695500799 0.0 -1.74218158304307 -2.48331380076864 0.0
-0.106367407324438 0.132852993076946 0.0 -1.56190638944647 -2.74987728755821 0.0
-0.120776322598902 0.104016682887937 0.0 -1.30584019545001 -3.01526115518665 0.0
-0.132199031308545 0.0726391908421085 0.0 -0.963875474797103 -3.25256752343775 0.0
-0.139782766097994 0.0391778507531959 0.0 -0.540619995177034 -3.42546663477405 0.0
-0.1428309342797 0.00446095044308789 0.0 -0.0634501592956351 -3.49867223859363 0.0
-0.141029497331871 -0.0304055793763492 0.0 0.420339393213416 -3.4547464425677 0.0
-0.134569322856913 -0.0642801912441904 0.0 0.860755156323413 -3.30441164806053 0.0
-0.124070123396418 -0.0962490128588114 0.0 1.22452706233485 -3.08005272316559 0.0
-0.110366110105048 -0.125761411239941 0.0 1.50182056985615 -2.81908130511382 0.0
-0.0942955859767898 -0.152609207261726 0.0 1.6999918309357 -2.55120905687472 0.0
-0.0765784753601503 -0.17682440525561 0.0 1.8338621792555 -2.2947779925562 0.0
-0.057779051465309 -0.198572760979133 0.0 1.91894093871583 -2.05875322683864 0.0
-0.0383168010448607 -0.21807694784342 0.0 1.96841284846467 -1.84610286023013 0.0
-0.018494394982133 -0.235571171793743 0.0 1.99245708698379 -1.65654405886321 0.0
0.00147338126376446 -0.251278175538478 0.0 1.99856215641577 -1.48828790311966 0.0
0.021435579277572 -0.265399552134849 0.0 1.99210840025327 -1.33900912218253 0.0
0.0412868566789384 -0.27811312480976 0.0 1.97692209174215 -1.20633393819807 0.0
0.0609542452698167 -0.289573720877509 0.0 1.95571644744243 -1.0880594480649 0.0
0.0803877388462067 -0.299915362290872 0.0 1.93041728724776 -0.982233775878308 0.0
0.0995536491972174 -0.309253876143208 0.0 1.90239529633824 -0.887168587243724 0.0
0.118429919834705 -0.317689457837685 0.0 1.87262915189016 -0.801421550862325 0.0
0.137002810603683 -0.325308992242873 0.0 1.84181952391759 -0.723767651767095 0.0
0.155264540350252 -0.332188072484268 0.0 1.81046880965993 -0.653168409639292 0.0
0.173211600831531 -0.338392718428113 0.0 1.77893713018215 -0.588743012382924 0.0
0.190843543294841 -0.343980822968173 0.0 1.74748188889024 -0.529742868954832 0.0
0.20816210003131 -0.349003362516128 0.0 1.71628590840374 -0.475529890575195 0.0
0.225170544993023 -0.353505408150221 0.0 1.68547758735171 -0.425558279714013 0.0
0.241873226254774 -0.357526970480375 0.0 1.6551454440498 -0.379359405957331 0.0
0.258275222877094 -0.361103706775709 0.0 1.62534868297402 -0.336529304640561 0.0
0.27438209243472 -0.364267514356103 0.0 1.59612492187771 -0.296718360724267 0.0
0.290199685040385 -0.367047030128482 0.0 1.56749587662422 -0.259622793523959 0.0
0.305734006418306 -0.369468052599859 0.0 1.53947156629136 -0.224977616922793 0.0
0.32099111734479 -0.37155389972887 0.0 1.51205343861594 -0.192550805384925 0.0
0.335977060172839 -0.373325713531291 0.0 1.48523670244298 -0.162138444931142 0.0
0.350697805601984 -0.374802720359194 0.0 1.45901207410285 -0.133560689448444 0.0
0.365159214625027 -0.37600245415288 0.0 1.43336708814307 -0.106658376711496 0.0
0.379367011874587 -0.376940948651947 0.0 1.40828708251642 -0.0812901861926738 0.0
0.393326767540364 -0.377632903488697 0.0 1.38375593933399 -0.0573302431299885 0.0
0.407043885728485 -0.378091828225233 0.0 1.35975664129882 -0.0346660913528732 0.0
0.42052359765488 -0.378330167695798 0.0 1.33627168863314 -0.0131969718598633 0.0
0.433770958453667 -0.378359411446225 0.0 1.31328341008377 0.00716764420785531 0.0
0.44679084667387 -0.378190189597409 0.0 1.29077419330091 0.0265093101799802 0.0
0.459587965758374 -0.377832357079047 0.0 1.26872665372979 0.0449016804862832 0.0
0.472166846966334 -0.377295067867191 0.0 1.24712375655757 0.0624114376276299 0.0
0.484531853327572 -0.376586840601505 0.0 1.2259489028069 0.0790990928724467 0.0
0.496687184314801 -0.375715616745061 0.0 1.20518598806423 0.095019680047501 0.0
0.50863688099404 -0.374688812272726 0.0 1.18481944035752 0.110223358520738 0.0
0.520384831470885 -0.373513363727062 0.0 1.16483424219625 0.124755938800228 0.0
0.531934776494453 -0.372195769357716 0.0 1.14521594063849 0.138659341980849 0.0
0.543290315114824 -0.370742125957305 0.0 1.12595064836927 0.151972002466658 0.0
0.554454910316141 -0.369158161920193 0.0 1.10702503809676 0.164729221908279 0.0
0.565431894567851 -0.367449266977523 0.0 1.08842633204952 0.176963481061981 0.0
0.576224475252285 -0.365620519000075 0.0 1.07014228795281 0.188704715253228 0.0
0.586835739938929 -0.363676708208107 0.0 1.05216118254775 0.199980558274289 0.0
0.597268661485088 -0.361622359082693 0.0 1.03447179347267 0.210816558832329 0.0
0.607526102949846 -0.359461750234998 0.0 1.01706338013529 0.22123637306651 0.0
0.617610822313767 -0.357198932457335 0.0 0.999925664056334 0.231261936149845 0.0
0.627525477000921 -0.354837745151855 0.0 0.983048809048894 0.240913615567569 0.0
0.637272628203069 -0.352381831308673 0.0 0.966423401507492 0.250210348305191 0.0
0.646854745008151 -0.349834651184441 0.0 0.950040431010236 0.259169763875298 0.0
0.656274208336993 -0.347199494814427 0.0 0.933891271382238 0.267808294853596 0.0
0.665533314693414 -0.344479493475583 0.0 0.917967662325627 0.276141276374212 0.0
0.674634279733769 -0.341677630204563 0.0 0.902261691688152 0.284183035845815 0.0
0.683579241662578 -0.338796749462838 0.0 0.886765778416575 0.291946973988663 0.0
0.69237026446123 -0.335839566030802 0.0 0.871472656221176 0.299445638153962 0.0
0.70100934095693 -0.332808673203728 0.0 0.856375357962481 0.306690788767491 0.0
0.709498395739137 -0.329706550354559 0.0 0.841467200759781 0.313693459636409 0.0
0.71783928793066 -0.326535569921588 0.0 0.826741771812378 0.320464012768986 0.0
0.72603381382046 -0.323298003872966 0.0 0.812192914918068 0.32701218827976 0.0
0.734083709365052 -0.319996029694611 0.0 0.797814717668809 0.33334714988549 0.0
0.741990652565144 -0.316631735943326 0.0 0.783601499300268 0.339477526438837 0.0
0.749756265723948 -0.313207127402726 0.0 0.769547799169833 0.345411449895781 0.0
0.757382117593289 -0.309724129875848 0.0 0.755648365836384 0.351156590068212 0.0
0.764869725413417 -0.306184594644997 0.0 0.741898146714461 0.356720186474167 0.0
0.77222055685212 -0.302590302626432 0.0 0.728292278275337 0.362109077563963 0.0
0.779436031848455 -0.298942968244874 0.0 0.714826076767731 0.367329727570419 0.0
0.786517524366191 -0.295244243050451 0.0 0.7014950294314 0.37238825120491 0.0
0.793466364061733 -0.291495719098635 0.0 0.688294786177572 0.377290436397622 0.0
0.800283837871081 -0.287698932111796 0.0 0.675221151711028 0.38204176525981 0.0
0.806971191520119 -0.283855364439363 0.0 0.662270078069617 0.38664743342756 0.0
0.813529630962287 -0.279966447832032 0.0 0.649437657557994 0.391112367930442 0.0
0.819960323747477 -0.276033566044131 0.0 0.636720116053426 0.395441243714049 0.0
0.826264400325745 -0.272058057276991 0.0 0.624113806662594 0.399638498932685 0.0
0.832442955289278 -0.268041216475112 0.0 0.61161520370935 0.403708349117083 0.0
0.838497048555802 -0.263984297485868 0.0 0.599220897034484 0.407654800311931 0.0
0.84442770649648 -0.259888515092635 0.0 0.586927586589511 0.411481661268919 0.0
0.850235923011147 -0.255755046930388 0.0 0.574732077307546 0.415192554772938 0.0
0.855922660553566 -0.251585035292063 0.0 0.562631274235232 0.418790928171844 0.0
0.861488851109252 -0.247379588833354 0.0 0.550622177910627 0.42228006317366 0.0
0.866935397128243 -0.24313978418294 0.0 0.538701879972822 0.425663084969329 0.0
0.872263172415072 -0.238866667464647 0.0 0.526867558989875 0.428942970733817 0.0
0.87747302297805 -0.234561255737498 0.0 0.515116476492455 0.432122557553731 0.0
0.882565767839874 -0.230224538359179 0.0 0.503445973201316 0.435204549825288 0.0
0.887542199811428 -0.225857478277996 0.0 0.49185346543742 0.43819152616271 0.0
0.89240308623055 -0.221461013258051 0.0 0.48033644170421 0.441085945853606 0.0
0.89714916966745 -0.217036057041985 0.0 0.468892459432141 0.44389015489481 0.0
0.90178116859834 -0.212583500455331 0.0 0.457519141876158 0.446606391639273 0.0
0.906299778048767 -0.208104212456229 0.0 0.446214175157386 0.449236792082076 0.0
0.910705670208052 -0.203599041133977 0.0 0.434975305440795 0.451783394811271 0.0
0.914999495016153 -0.199068814659648 0.0 0.423800336241078 0.454248145647158 0.0
0.919181880724194 -0.194514342191781 0.0 0.412687125849481 0.456632901991673 0.0
0.923253434429843 -0.189936414739952 0.0 0.401633584874687 0.458939436907804 0.0
0.927214742588641 -0.18533580598881 0.0 0.390637673891318 0.461169442947383 0.0
0.931066371502323 -0.180713273085039 0.0 0.379697401189944 0.463324535744104 0.0
0.934808867785132 -0.176069557389484 0.0 0.368810820622877 0.465406257387323 0.0
0.93844275880904 -0.171405385196585 0.0 0.35797602954032 0.467416079590966 0.0
0.941968553128767 -0.166721468423085 0.0 0.347191166811789 0.469355406670753 0.0
0.945386740887411 -0.162018505267878 0.0 0.336454410927973 0.471225578341951 0.0
0.948697794203492 -0.157297180844726 0.0 0.325763978178499 0.473027872348897 0.0
0.951902167540126 -0.152558167789482 0.0 0.315118120901292 0.474763506936718 0.0
0.955000298057038 -0.147802126843338 0.0 0.304515125799483 0.476433643174863 0.0
0.95799260594606 -0.143029707413549 0.0 0.293953312322013 0.478039387141338 0.0
0.960879494750753 -0.138241548112976 0.0 0.283431031104306 0.479581791975872 0.0
0.9636613516707 -0.13343827727971 0.0 0.272946662465557 0.481061859809648 0.0
0.96633854785106 -0.128620513478005 0.0 0.262498614959386 0.482480543578626 0.0
0.968911438657876 -0.123788865981614 0.0 0.252085323974743 0.483838748727004 0.0
0.971380363939623 -0.118943935240627 0.0 0.241705250384138 0.485137334806843 0.0
0.97374564827548 -0.114086313332802 0.0 0.231356879236394 0.48637711697947 0.0
0.976007601210726 -0.109216584400357 0.0 0.221038718491273 0.487558867423826 0.0
0.978166517479688 -0.104335325073115 0.0 0.210749297793431 0.488683316656562 0.0
0.980222677216613 -0.0994431048788808 0.0 0.200487167283302 0.489751154768321 0.0
0.982176346154829 -0.0945404866418489 0.0 0.190250896442599 0.490763032580301 0.0
0.984027775814514 -0.089628026869834 0.0 0.180039072972242 0.491719562724919 0.0
0.985777203679412 -0.0847062761310561 0.0 0.169850301700596 0.492621320654049 0.0
0.987424853362761 -0.0797757794211936 0.0 0.159683203520009 0.493468845578101 0.0
0.988970934762726 -0.0748370765213782 0.0 0.149536414349722 0.494262641338898 0.0
0.99041564420759 -0.069890702347781 0.0 0.139408584123279 0.495003177219111 0.0
0.991759164590925 -0.0649371872934106 0.0 0.129298375798653 0.495690888690764 0.0
0.993001665496973 -0.0599770575627212 0.0 0.119204464389375 0.496326178105123 0.0
0.994143303316445 -0.0550108354996061 0.0 0.109125536014981 0.496909415326077 0.0
0.9951842213529 -0.050039039909332 0.0 0.0990602869691823 0.497440938308937 0.0
0.9961245499199 -0.0450621863749506 0.0 0.0890074228041921 0.497921053626394 0.0
0.996964406429075 -0.0400807875687084 0.0 0.0789656574296897 0.498350036943212 0.0
0.99770389546925 -0.03509535355896 0.0 0.0689337122249503 0.498728133441064 0.0
0.998343108876752 -0.0301063921130771 0.0 0.0589103151626982 0.499055558194773 0.0
0.998882125797003 -0.0251144089968331 0.0 0.0488941999432766 0.499332496501051 0.0
0.999321012737506 -0.0201199082707343 0.0 0.0388841051377538 0.499559104160724 0.0
0.999659823612305 -0.0151233925837573 0.0 0.0288787733386119 0.49973550771523 0.0
0.999898599777972 -0.0101253634649476 0.0 0.0188769503166821 0.499861804638108 0.0
1.0000373700612 -0.00512632161332597 0.0 0.00887738418300935 0.499938063482016 0.0
1.00007615077802 -0.000126767186545195 0.0 -0.00112117544565677 0.499964323981702 0.0
1.00001494574473 0.00487279991126436 0.0 -0.0111199782790414 0.499940597113235 0.0
0.999853746280417 0.00987187974202298 0.0 -0.021120274184481 0.499866865109651 0.0
0.99959253120128 0.014869972046169 0.0 -0.0311233140183022 0.499743081433075 0.0
0.999231266806545 0.0198665759546292 0.0 -0.0411303504587306 0.499569170703222 0.0
0.99876990685608 0.0248611896998556 0.0 -0.0511426388416181 0.499345028582077 0.0
0.998208392539625 0.0298533103254886 0.0 -0.0611614380002877 0.49907052161442 0.0
0.997546652437594 0.0348424333942023 0.0 -0.0711880111108035 0.498745487023738 0.0
0.996784602473391 0.039828052693284 0.0 -0.0812236265439915 0.498369732462911 0.0
0.995922145857176 0.0448096599374914 0.0 -0.0912695587255512 0.497943035718977 0.0
0.994959173020971 0.0497867444687239 0.0 -0.101327089005623 0.497465144371083 0.0
0.993895561545028 0.0547587929520355 0.0 -0.111397506539202 0.496935775400629 0.0
0.992731176075323 0.0597252890675057 0.0 -0.121482109178816 0.496354614752466 0.0
0.991465868232065 0.0646857131974719 0.0 -0.131582204380919 0.495721316845821 0.0
0.990099476509061 0.0696395421086137 0.0 -0.141699110127501 0.495035504033518 0.0
0.988631826163784 0.0745862486283643 0.0 -0.151834155864433 0.494296766007849 0.0
0.987062729097966 0.0795253013151068 0.0 -0.161988683458139 0.493504659151306 0.0
0.985391983728529 0.0844561641215935 0.0 -0.172164048172215 0.492658705830205 0.0
0.983619374848641 0.0893782960510073 0.0 -0.182361619665697 0.491758393629017 0.0
0.981744673478669 0.09429115080506 0.0 -0.19258278301471 0.490803174523045 0.0
0.979767636706805 0.0991941764234987 0.0 -0.202828939759326 0.489792463986857 0.0
0.977688007519072 0.104086814914363 0.0 -0.213101508977507 0.48872564003566 0.0
0.975505514618461 0.108968501874311 0.0 -0.22340192838811 0.487602042196559 0.0
0.973219872232877 0.113838666098286 0.0 -0.233731655484998 0.486420970406391 0.0
0.970830779911581 0.118696729177792 0.0 -0.244092168704388 0.485181683832532 0.0
0.968337922309785 0.123542105086963 0.0 -0.254484968627699 0.483883399612803 0.0
0.965740968961027 0.12837419975562 0.0 -0.264911579222216 0.482525291510256 0.0
0.963039574036947 0.133192410628423 0.0 -0.275373549122054 0.481106488478313 0.0
0.960233376094031 0.137996126209216 0.0 -0.285872452951975 0.479626073131339 0.0
0.957321997806906 0.14278472558957 0.0 -0.296409892696795 0.478083080115335 0.0
0.954305045687684 0.147557577960524 0.0 -0.306987499119206 0.476476494373049 0.0
0.951182109790887 0.152314042106411 0.0 -0.317606933229032 0.474805249297292 0.0
0.947952763403405 0.15705346587964 0.0 -0.328269887807064 0.473068224765794 0.0
0.944616562718924 0.161775185655202 0.0 -0.338978088986825 0.471264245050369 0.0
0.941173046496241 0.166478525763604 0.0 -0.349733297897762 0.469392076592608 0.0
0.937621735700815 0.171162797900859 0.0 -0.360537312373594 0.467450425637649 0.0
0.933962133128905 0.17582730051407 0.0 -0.371391968729736 0.465437935716937 0.0
0.930193723013554 0.180471318161043 0.0 -0.38229914361395 0.463353184970098 0.0
0.926315970611702 0.185094120842273 0.0 -0.393260755934625 0.461194683295284 0.0
0.922328321771591 0.189694963303521 0.0 -0.404278768871316 0.45896086931643 0.0
0.918230202479648 0.194273084307107 0.0 -0.415355191972497 0.45665010715494 0.0
0.914021018385919 0.198827705869881 0.0 -0.426492083345736 0.45426068299224 0.0
0.909700154307126 0.203358032465708 0.0 -0.437691551945825 0.451790801408518 0.0
0.905266973706329 0.207863250190171 0.0 -0.448955759966764 0.449238581481708 0.0
0.900720818148114 0.212342525884977 0.0 -0.460286925343811 0.446602052629415 0.0
0.896061006728192 0.216795006219428 0.0 -0.471687324372238 0.443879150174968 0.0
0.891286835476196 0.22121981672609 0.0 -0.48315929444982 0.441067710617166 0.0
0.8863975767304 0.225616060787583 0.0 -0.494705236950528 0.438165466581452 0.0
0.881392478483013 0.229982818571194 0.0 -0.506327620237376 0.435170041428289 0.0
0.87627076369462 0.234319145907743 0.0 -0.51802898282285 0.432078943492321 0.0
0.871031629576237 0.238624073110887 0.0 -0.529811936685902 0.428889559923503 0.0
0.865674246837377 0.242896603732711 0.0 -0.54167917075505 0.425599150098727 0.0
0.860197758898408 0.24713571325114 0.0 -0.553633454567721 0.42220483856957 0.0
0.854601281065404 0.251340347684365 0.0 -0.565677642116622 0.418703607508532 0.0
0.848883899665533 0.255509422127051 0.0 -0.577814675894617 0.415092288612579 0.0
0.843044671140966 0.259641819202673 0.0 -0.590047591150287 0.411367554418844 0.0
0.837082621099121 0.263736387425883 0.0 -0.602379520367126 0.407525908982945 0.0
0.830996743316935 0.267791939468233 0.0 -0.614813697980142 0.403563677865514 0.0
0.824785998696732 0.271807250320066 0.0 -0.627353465344467 0.399476997367116 0.0
0.818449314171067 0.275781055340732 0.0 -0.640002275971485 0.395261802945702 0.0
0.811985581553821 0.279712048188584 0.0 -0.652763701048918 0.39091381674403 0.0
0.805393656334587 0.283598878621473 0.0 -0.665641435262298 0.386428534147007 0.0
0.798672356413268 0.287440150157608 0.0 -0.678639302936248 0.381801209280488 0.0
0.791820460771581 0.291234417585698 0.0 -0.69176126451507 0.377026839353754 0.0
0.784836708077973 0.294980184312308 0.0 -0.705011423403178 0.372100147737356 0.0
0.77771979522224 0.298675899533161 0.0 -0.718394033187026 0.367015565656237 0.0
0.770468375775934 0.302319955213912 0.0 -0.731913505261268 0.361767212364811 0.0
0.763081058374383 0.305910682864469 0.0 -0.745574416882934 0.356348873655788 0.0
0.755556405015927 0.309446350089397 0.0 -0.759381519678484 0.35075397853773 0.0
0.747892929273712 0.312925156895185 0.0 -0.773339748629535 0.344975573897361 0.0
0.740089094415127 0.316345231733214 0.0 -0.787454231563916 0.339006296941243 0.0
0.732143311423686 0.319704627255101 0.0 -0.801730299179432 0.33283834518712 0.0
0.724053936917894 0.32300131575465 0.0 -0.816173495628169 0.326463443747715 0.0
0.715819270961352 0.326233184267919 0.0 -0.830789589689376 0.319872809618434 0.0
0.70743755475808 0.329398029299851 0.0 -0.845584586558717 0.313057112644802 0.0
0.698906968226737 0.332493551142488 0.0 -0.860564740280951 0.306006432804799 0.0
0.690225627447211 0.335517347745898 0.0 -0.875736566851647 0.298710213394789 0.0
0.681391581972731 0.338466908098571 0.0 -0.891106858011173 0.291157209654546 0.0
0.672402812000504 0.34133960506911 0.0 -0.906682695750724 0.283335432305835 0.0
0.663257225393666 0.344132687655439 0.0 -0.92247146754514 0.275232085408857 0.0
0.653952654547232 0.346843272581391 0.0 -0.938480882320363 0.266833497860012 0.0
0.644486853090698 0.349468335173333 0.0 -0.954718987154082 0.25812504776113 0.0
0.634857492420032 0.35200469944124 0.0 -0.971194184695693 0.24909107878236 0.0
0.625062158051973 0.354449027279272 0.0 -0.987915251275365 0.239714807515665 0.0
0.615098345794005 0.356797806690131 0.0 -1.00489135565068 0.229978220670383 0.0
0.604963457723992 0.359047338925201 0.0 -1.02213207831164 0.219861960792722 0.0
0.594654797974421 0.361193724418301 0.0 -1.0396474312291 0.209345198993046 0.0
0.584169568317605 0.363232847374596 0.0 -1.05744787788565 0.198405492932902 0.0
0.573504863550029 0.365160358857437 0.0 -1.07554435336889 0.187018628051572 0.0
0.562657666676661 0.366971658194085 0.0 -1.09394828423119 0.175158439691479 0.0
0.551624843899402 0.36866187249609 0.0 -1.11267160772295 0.162796613403702 0.0
0.540403139418427 0.370225834060691 0.0 -1.13172678988176 0.149902460267252 0.0
0.528989170061087 0.371658055385384 0.0 -1.15112684180031 0.136442663524614 0.0
0.517379419760795 0.372952701487764 0.0 -1.17088533319091 0.122380992203727 0.0
0.505570233918409 0.374103559175765 0.0 -1.19101640210146 0.107677976641617 0.0
0.493557813691682 0.37510400285823 0.0 -1.21153475929861 0.0922905399207999 0.0
0.481338210275306 0.375946956420562 0.0 -1.23245568539686 0.0761715781433956 0.0
0.468907319255972 0.376624850613134 0.0 -1.25379501824715 0.0592694811589944 0.0
0.456260875155241 0.377129575308641 0.0 -1.27556912736517 0.0415275837797756 0.0
0.443394446309768 0.377452425875643 0.0 -1.29779487122647 0.0228835355969383 0.0
0.430303430286113 0.377584042785366 0.0 -1.32048953200992 0.00326857517674562 0.0
0.416983050089301 0.37751434341289 0.0 -1.34367072074044 -0.0173933084371036 0.0
0.403428351505041 0.377232444806225 0.0 -1.36735624363506 -0.0391863474806304 0.0
0.389634202020966 0.37672657597043 0.0 -1.39156391762013 -0.0622041253432292 0.0
0.375595291910506 0.375983977939872 0.0 -1.41631131922085 -0.0865508947030192 0.0
0.36130613824486 0.374990789578765 0.0 -1.44161544599833 -0.112343120604638 0.0
0.346761092838835 0.373731916644316 0.0 -1.4674922629652 -0.139711293257922 0.0
0.331954355455152 0.372190881150602 0.0 -1.49395609731228 -0.168802065390681 0.0
0.316879994016994 0.370349647462781 0.0 -1.52101883242797 -0.199780781492908 0.0
0.301531974148645 0.368188420802929 0.0 -1.54868883532207 -0.232834481850994 0.0
0.285904201132532 0.365685412926625 0.0 -1.57696952837213 -0.268175483626331 0.0
0.269990578413447 0.362816568591113 0.0 -1.6058574842004 -0.30604566525389 0.0
0.253785088203688 0.35955524503002 0.0 -1.6353398777218 -0.346721610102139 0.0
0.237281901698565 0.355871834914663 0.0 -1.66539106652639 -0.390520801648503 0.0
0.220475529118426 0.351733321147152 0.0 -1.6959679817869 -0.437809106200731 0.0
0.203361023567217 0.347102749219325 0.0 -1.72700388502936 -0.489009830608146 0.0
0.185934257998717 0.341938599712883 0.0 -1.75839986389248 -0.544614700053329 0.0
0.168192302085113 0.336194039767604 0.0 -1.79001317639014 -0.60519716004493 0.0
0.150133936483547 0.32981602804387 0.0 -1.82164116931744 -0.671428455198378 0.0
0.13176035736735 0.3227442430727 0.0 -1.85299893439965 -0.744096949158816 0.0
0.113076146311683 0.314909800525794 0.0 -1.8836880399814 -0.824131071088825 0.0
0.0940906129190656 0.306233722235147 0.0 -1.91315246227764 -0.912625996337553 0.0
0.0748196646407657 0.296625121678794 0.0 -1.94061606504549 -1.01087347949877 0.0
0.0552884267883794 0.285979083077687 0.0 -1.96499341708121 -1.12039274406653 0.0
0.0355349347720916 0.27417424599374 0.0 -1.98476216101022 -1.24295720225024 0.0
0.015615360967997 0.261070187229546 0.0 -1.99778047632976 -1.38060553719214 0.0
-0.00438857068772732 0.246504860347616 0.0 -2.00102798937823 -1.53561358937607 0.0
-0.0243590932469916 0.230292690433037 0.0 -1.99024534529108 -1.71038080075365 0.0
-0.0441277110604305 0.212224568235885 0.0 -1.95945444874856 -1.90714438037658 0.0
-0.063455168222322 0.19207216445393 0.0 -1.90037854499542 -2.12736785364027 0.0
-0.0820055842931067 0.169600955923253 0.0 -1.80189475734852 -2.37056118237442 0.0
-0.0993167796628046 0.144599152932221 0.0 -1.64992383069157 -2.63223168993808 0.0
-0.114775203095687 0.116932191085695 0.0 -1.4286709248461 -2.90084256576998 0.0
-0.127616069861585 0.0866301458797057 0.0 -1.12470439479321 -3.1545336657735 0.0
-0.136983823076063 0.053998748940295 0.0 -0.734962503777525 -3.36036428485261 0.0
-0.142085252808407 0.0197061338930081 0.0 -0.276389099617879 -3.48070025755106 0.0
-0.142414911561928 -0.0152401389835473 0.0 0.211016684660289 -3.4883071828512 0.0
-0.137940836733881 -0.0496788271456262 0.0 0.675748228648425 -3.38139633459831 0.0
-0.129117185352109 -0.0825703410821485 0.0 1.07547731169739 -3.18470853461974 0.0
-0.116713739868233 -0.113200204649551 0.0 1.39035421760562 -2.93551411051226 0.0
-0.101587804487592 -0.141220923278777 0.0 1.6214588061291 -2.66783360170463 0.0
-0.0845195772465582 -0.166573851079703 0.0 1.78143109671262 -2.40492762895859 0.0
-0.0661416632974254 -0.189377773494263 0.0 1.88604237488537 -2.15943802821653 0.0
-0.0469336252927212 -0.209837662178273 0.0 1.94966900933436 -1.93655096544464 0.0
-0.0272453046187701 -0.228186456517203 0.0 1.98379296089767 -1.73713119284029 0.0
-0.00732649864743414 -0.244653563227621 0.0 1.99700677236058 -1.55989097620209 0.0
0.0126465701500088 -0.259450316845438 0.0 1.99553500337305 -1.40265874745037 0.0
0.0325505410333911 -0.272764860956052 0.0 1.98381918772969 -1.26304489855798 0.0
0.0522996517344982 -0.28476176280232 0.0 1.96501104542735 -1.138757805272 0.0
0.0718348068444222 -0.295583750051413 0.0 1.94134618309163 -1.02773312492042 0.0
0.0911158433997488 -0.305354216095642 0.0 1.91441383981693 -0.928169661603635 0.0
0.110116076582489 -0.314179837073919 0.0 1.88534730722939 -0.838521820113203 0.0
0.128818447039059 -0.322153009590592 0.0 1.85495717947123 -0.757474279542804 0.0
0.147212787746403 -0.329354001995092 0.0 1.82382447508411 -0.683911452551221 0.0
0.165293874136659 -0.33585280004438 0.0 1.7923659039959 -0.61688752400404 0.0
0.183060024471817 -0.341710666627814 0.0 1.76087985247343 -0.555599450575209 0.0
0.200512089070048 -0.346981449705803 0.0 1.72957899384119 -0.499363642227766 0.0
0.21765271620544 -0.351712675472908 0.0 1.69861357863287 -0.447596281839893 0.0
0.234485816278871 -0.35594646148044 0.0 1.66808818820046 -0.39979692357106 0.0
0.251016169093955 -0.359720280249268 0.0 1.63807387150528 -0.355534913148121 0.0
0.267249135136614 -0.36306759929733 0.0 1.6086169965567 -0.314438176478122 0.0
0.283190442934021 -0.366018419175146 0.0 1.57974574630135 -0.276183967936318 0.0
0.298846032400973 -0.368599727302148 0.0 1.55147491307411 -0.240491227643304 0.0
0.314221939611451 -0.370835882181817 0.0 1.52380945527531 -0.207114254770934 0.0
0.329324212366947 -0.372748939909841 0.0 1.49674714744138 -0.175837455887184 0.0
0.34415884875278 -0.374358932708604 0.0 1.47028056200908 -0.146470971832153 0.0
0.358731752909557 -0.375684107447362 0.0 1.44439855549051 -0.118847023631475 0.0
0.373048703727483 -0.376741130669339 0.0 1.41908738511335 -0.0928168482508167 0.0
0.387115333255197 -0.377545265482272 0.0 1.39433154853473 -0.068248119557734 0.0
0.400937112413558 -0.378110524725282 0.0 1.37011441509271 -0.0450227696639311 0.0
0.414519342196995 -0.378449804059271 0.0 1.34641869950923 -0.0230351417516498 0.0
0.427867148986609 -0.378574998005517 0.0 1.32322681611647 -0.00219041829162705 0.0
0.44098548293022 -0.378497101449538 0.0 1.30052114222298 0.0175967211436797 0.0
0.453879118593901 -0.378226298712372 0.0 1.27828421223086 0.0364032499761367 0.0
0.466552657278319 -0.377772041950989 0.0 1.25649885889682 0.0542987834404902 0.0
0.479010530536586 -0.377143120369504 0.0 1.23514831422058 0.0713464315254507 0.0
0.491257004539765 -0.376347721491531 0.0 1.21421627950135 0.0876035370457812 0.0
0.503296185019931 -0.375393485552493 0.0 1.19368697187665 0.103122316280493 0.0
0.515132022584964 -0.374287553911372 0.0 1.17354515296611 0.117950416695509 0.0
0.526768318248749 -0.373036612248581 0.0 1.1537761439524 0.132131403880735 0.0
0.538208729058595 -0.371646929205458 0.0 1.13436583044248 0.145705187869337 0.0
0.549456773731163 -0.370124391027574 0.0 1.11530065969281 0.15870839738983 0.0
0.560515838230971 -0.368474532695405 0.0 1.09656763219593 0.171174709264355 0.0
0.571389181243137 -0.366702565959549 0.0 1.07815428917293 0.183135139057274 0.0
0.582079939505664 -0.364813404641356 0.0 1.06004869716469 0.194618298155121 0.0
0.592591132977035 -0.362811687511996 0.0 1.04223943064217 0.205650621688427 0.0
0.602925669823033 -0.360701799022244 0.0 1.02471555334313 0.216256571060704 0.0
0.613086351212856 -0.358487888120343 0.0 1.00746659887719 0.226458814308101 0.0
0.623075875919396 -0.356173885365466 0.0 0.990482551011884 0.236278387056821 0.0
0.632896844722106 -0.353763518518584 0.0 0.973753823951333 0.2457348364599 0.0
0.642551764613611 -0.351260326770419 0.0 0.95727124284032 0.254846350168423 0.0
0.652043052813223 -0.348667673747016 0.0 0.941026024665115 0.263629872114902 0.0
0.661373040591979 -0.345988759416953 0.0 0.925009759674387 0.27210120665032 0.0
0.670543976914853 -0.343226631009756 0.0 0.909214393406278 0.280275112374718 0.0
0.679558031906524 -0.34038419304264 0.0 0.893632209378749 0.288165386828533 0.0
0.688417300147509 -0.337464216541745 0.0 0.878255812478004 0.295784943063808 0.0
0.697123803807757 -0.334469347534507 0.0 0.863078113062606 0.303145878986956 0.0
0.705679495624882 -0.331402114881461 0.0 0.84809231178784 0.310259540254927 0.0
0.714086261734223 -0.328264937508426 0.0 0.833291885145009 0.317136577411733 0.0
0.722345924357821 -0.325060131093584 0.0 0.818670571702999 0.323786997870043 0.0
0.730460244359255 -0.321789914258267 0.0 0.804222359034096 0.330220213271272 0.0
0.738430923671058 -0.318456414305284 0.0 0.789941471302229 0.336445082695523 0.0
0.746259607601237 -0.315061672544137 0.0 0.775822357489216 0.342469952138675 0.0
0.753947887025134 -0.31160764923858 0.0 0.761859680232952 0.348302690626734 0.0
0.761497300468615 -0.308096228208463 0.0 0.748048305250532 0.353950723296203 0.0
0.768909336088306 -0.304529221114724 0.0 0.734383291318969 0.359421061733095 0.0
0.776185433554304 -0.300908371453588 0.0 0.720859880786219 0.364720331831372 0.0
0.783326985840544 -0.297235358283621 0.0 0.707473490585598 0.369854799403651 0.0
0.790335340927718 -0.293511799707036 0.0 0.694219703727336 0.374830393752366 0.0
0.797211803423382 -0.2897392561247 0.0 0.681094261241755 0.379652729387819 0.0
0.803957636103659 -0.285919233282531 0.0 0.66809305454952 0.384327126060329 0.0
0.810574061380675 -0.282053185125369 0.0 0.655212118235358 0.388858627256626 0.0
0.817062262699661 -0.278142516472996 0.0 0.642447623202712 0.393252017295561 0.0
0.823423385869414 -0.274188585531695 0.0 0.629795870187821 0.397511837144733 0.0
0.829658540329607 -0.270192706253569 0.0 0.617253283612807 0.401642399067738 0.0
0.83576880035825 -0.266156150554837 0.0 0.604816405758384 0.405647800201047 0.0
0.841755206222399 -0.262080150403317 0.0 0.592481891237833 0.409531935150071 0.0
0.847618765275033 -0.25796589978453 0.0 0.580246501754893 0.41329850768545 0.0
0.853360453000869 -0.253814556555018 0.0 0.56810710112918 0.416951041613018 0.0
0.858981214013695 -0.249627244190829 0.0 0.556060650573673 0.420492890884083 0.0
0.864481963007691 -0.24540505343843 0.0 0.544104204209676 0.423927249006582 0.0
0.869863585665011 -0.241149043874783 0.0 0.532234904805548 0.427257157812138 0.0
0.875126939521834 -0.236860245382757 0.0 0.520449979726249 0.430485515629156 0.0
0.880272854794909 -0.232539659547591 0.0 0.508746737081537 0.433615084907619 0.0
0.885302135170515 -0.228188260979668 0.0 0.497122562061362 0.436648499337266 0.0
0.890215558557691 -0.223806998568492 0.0 0.485574913447678 0.43958827049718 0.0
0.895013877807396 -0.219396796672358 0.0 0.474101320292542 0.442436794071587 0.0
0.899697821399263 -0.214958556247903 0.0 0.462699378752943 0.44519635566366 0.0
0.904268094097439 -0.210493155923405 0.0 0.451366749073424 0.447869136236495 0.0
0.908725377576949 -0.206001453019429 0.0 0.440101152708012 0.450457217207941 0.0
0.913070331021957 -0.201484284520149 0.0 0.428900369573558 0.452962585223802 0.0
0.917303591697172 -0.196942467998452 0.0 0.417762235426971 0.455387136631894 0.0
0.921425775493628 -0.192376802497712 0.0 0.406684639359342 0.457732681677637 0.0
0.925437477449952 -0.187788069372921 0.0 0.39566552140031 0.460000948440181 0.0
0.929339272250207 -0.18317703309368 0.0 0.384702870226436 0.462193586526559 0.0
0.933131714699314 -0.178544442011397 0.0 0.373794720967712 0.464312170539985 0.0
0.936815340177005 -0.173891029092863 0.0 0.362939153106641 0.46635820333712 0.0
0.940390665071206 -0.169217512622256 0.0 0.352134288464682 0.468333119088027 0.0
0.943858187191706 -0.164524596873478 0.0 0.341378289271107 0.470238286151412 0.0
0.947218386164902 -0.159812972754616 0.0 0.330669356309635 0.472075009776839 0.0
0.950471723810384 -0.155083318426203 0.0 0.320005727138419 0.473844534644681 0.0
0.953618644500066 -0.150336299894839 0.0 0.309385674379256 0.47554804725376 0.0
0.956659575500543 -0.145572571583673 0.0 0.298807504072068 0.477186678165889 0.0
0.959594927299304 -0.14079277688111 0.0 0.288269554090947 0.478761504115827 0.0
0.96242509391539 -0.135997548669058 0.0 0.277770192618238 0.480273549994522 0.0
0.96515045319508 -0.131187509831954 0.0 0.267307816673327 0.481723790712945 0.0
0.96777136709312 -0.126363273747708 0.0 0.256880850692961 0.483113152953253 0.0
0.97028818194 -0.121525444761686 0.0 0.246487745160105 0.484442516813539 0.0
0.972701228695752 -0.116674618644744 0.0 0.236126975278472 0.485712717351959 0.0
0.975010823190707 -0.111811383036302 0.0 0.225797039690025 0.486924546035585 0.0
0.977217266353637 -0.106936317873392 0.0 0.215496459232863 0.488078752098958 0.0
0.979320844427664 -0.102049995806545 0.0 0.205223775737015 0.489176043816916 0.0
0.981321829174302 -0.0971529826033632 0.0 0.194977550855831 0.490217089695972 0.0
0.983220478065995 -0.0922458375405732 0.0 0.184756364930681 0.491202519588136 0.0
0.985017034467443 -0.0873291137853064 0.0 0.174558815886865 0.492132925730842 0.0
0.986711727806046 -0.0824033587663409 0.0 0.164383518158644 0.493008863716319 0.0
0.988304773731732 -0.0774691145359881 0.0 0.154229101641448 0.493830853393492 0.0
0.989796374266436 -0.072526918123285 0.0 0.144094210669363 0.494599379705268 0.0
0.991186717943472 -0.0675773018791265 0.0 0.133977503016074 0.495314893463831 0.0
0.992475979937024 -0.0626207938139446 0.0 0.123877648917531 0.495977812066317 0.0
0.993664322181964 -0.0576579179285194 0.0 0.113793330114631 0.496588520153112 0.0
0.994751893484196 -0.0526891945384858 0.0 0.103723238914289 0.497147370210732 0.0
0.995738829621689 -0.0477151405930812 0.0 0.0936660772673245 0.497654683121138 0.0
0.996625253436372 -0.0427362699886602 0.0 0.0836205558616213 0.498110748659118 0.0
0.997411274917022 -0.0377530938774895 0.0 0.0735853932290665 0.498515825939226 0.0
0.998096991273301 -0.03276612097232 0.0 0.0635593148648229 0.498870143813596 0.0
0.998682487001019 -0.0277758578472215 0.0 0.0535410523575072 0.499173901221805 0.0
0.99916783393877 -0.0227828092351537 0.0 0.043529342528887 0.499427267493816 0.0
0.999553091315989 -0.0177874783227395 0.0 0.0335229265817313 0.49963038260687 0.0
0.999838305792536 -0.0127903670426957 0.0 0.0235205492544719 0.499783357397093 0.0
1.00002351148984 -0.00779197636437174 0.0 0.0135209579813517 0.499886273726414 0.0
1.0001087300137 -0.00279280658284102 0.0 0.00352290205675152 0.49993918460528 0.0
1.00009397046867 0.00220664239301612 0.0 -0.00647486819760293 0.499942114271534 0.0
0.99997922946424 0.00720587075299946 0.0 -0.0164736022638441 0.499895058225657 0.0
0.999764491112595 0.012204378498211 0.0 -0.0264745502588605 0.499797983222501 0.0
0.999449727018131 0.0172016651533764 0.0 -0.0364789637661758 0.499650827219466 0.0
0.999034896258611 0.0221972294784306 0.0 -0.0464880966700947 0.499453499280985 0.0
0.998519945357981 0.0271905691789276 0.0 -0.0565032059934117 0.499205879439029 0.0
0.99790480825077 0.0321811806148349 0.0 -0.0665255527399843 0.498907818509237 0.0
0.997189406238044 0.0371685585072644 0.0 -0.0765564027434872 0.498559137862126 0.0
0.996373647934834 0.0421521956426885 0.0 -0.0865970275236824 0.498159629148722 0.0
0.995457429208955 0.0471315825741814 0.0 -0.0966487051515572 0.497709053979812 0.0
0.994440633111129 0.0521062073192167 0.0 -0.106712721124708 0.497207143557866 0.0
0.993323129796294 0.0570755550535434 0.0 -0.116790369254379 0.496653598260555 0.0
0.992104776435977 0.0620391078006505 0.0 -0.126882952565587 0.496048087174628 0.0
0.990785417121595 0.0669963441163158 0.0 -0.136991784211813 0.495390247578764 0.0
0.989364882758534 0.0719467387677218 0.0 -0.147118188405772 0.494679684373843 0.0
0.987842990950831 0.0768897624066047 0.0 -0.15726350136782 0.493915969458922 0.0
0.986219545876268 0.0818248812358837 0.0 -0.167429072293604 0.493098641051029 0.0
0.984494338151707 0.0867515566691989 0.0 -0.177616264342622 0.492227202946677 0.0
0.982667144688407 0.0916692449827631 0.0 -0.18782645564941 0.491301123722833 0.0
0.980737728537117 0.0965773969589112 0.0 -0.19806104035914 0.490319835874848 0.0
0.978705838722691 0.101475457520701 0.0 -0.208321429689496 0.489282734888635 0.0
0.976571210067928 0.106362865356899 0.0 -0.218609053020737 0.488189178244155 0.0
0.974333563006379 0.111239052536635 0.0 -0.228925359015981 0.487038484347018 0.0
0.971992603383778 0.116103444113014 0.0 -0.239271816773797 0.485829931384724 0.0
0.969548022247786 0.120955457714883 0.0 -0.249649917015308 0.4845627561038 0.0
0.966999495625677 0.125794503125965 0.0 -0.260061173308098 0.483236152503775 0.0
0.964346684289592 0.1306199818505 0.0 -0.270507123329328 0.481849270443601 0.0
0.961589233508956 0.135431286664489 0.0 -0.280989330170601 0.480401214155789 0.0
0.958726772789625 0.140227801151597 0.0 -0.29150938368721 0.478891040663122 0.0
0.955758915599311 0.145008899222715 0.0 -0.302068901894563 0.477317758092425 0.0
0.952685259078789 0.149773944618123 0.0 -0.312669532414735 0.475680323879412 0.0
0.949505383738379 0.154522290391122 0.0 -0.323312953976204 0.473977642858151 0.0
0.946218853139153 0.159253278371965 0.0 -0.334000877970066 0.472208565228193 0.0
0.942825213558275 0.163966238610809 0.0 -0.344735050066134 0.470371884391808 0.0
0.939323993637877 0.16866048879836 0.0 -0.355517251892568 0.468466334653217 0.0
0.935714704016798 0.173335333662783 0.0 -0.366349302782861 0.466490588771004 0.0
0.931996836944499 0.177990064341364 0.0 -0.377233061594235 0.464443255354207 0.0
0.928169865876423 0.182623957725308 0.0 -0.388170428601737 0.462322876091797 0.0
0.924233245050015 0.187236275775951 0.0 -0.399163347472568 0.460127922804406 0.0
0.920186409040581 0.191826264810557 0.0 -0.410213807325458 0.457856794306249 0.0
0.916028772296097 0.196393154755723 0.0 -0.421323844880178 0.455507813064179 0.0
0.911759728650064 0.20093615836631 0.0 -0.43249554670259 0.453079221639707 0.0
0.907378650811401 0.205454470407639 0.0 -0.443731051550969 0.450569178898625 0.0
0.902884889830345 0.209947266798558 0.0 -0.455032552829669 0.447975755971567 0.0
0.898277774539256 0.214413703712792 0.0 -0.466402301156593 0.445296931947381 0.0
0.893556610967143 0.218852916635808 0.0 -0.477842607051327 0.442530589279634 0.0
0.888720681726682 0.22326401937423 0.0 -0.489355843751208 0.439674508884828 0.0
0.883769245372396 0.227646103014588 0.0 -0.500944450163071 0.436726364909003 0.0
0.878701535728608 0.231998234827979 0.0 -0.512610933958905 0.433683719137336 0.0
0.873516761185682 0.236319457116924 0.0 -0.524357874824143 0.430544015019005 0.0
0.86821410396298 0.24060878600042 0.0 -0.536187927867909 0.427304571277101 0.0
0.862792719336865 0.244865210132887 0.0 -0.548103827205076 0.423962575070541 0.0
0.857251734831979 0.249087689352341 0.0 -0.56010838972066 0.420515074671844 0.0
0.851590249373924 0.253275153252766 0.0 -0.572204519027734 0.416958971621266 0.0
0.845807332401342 0.257426499675225 0.0 -0.584395209630712 0.413291012313933 0.0
0.83990202293529 0.26154059311182 0.0 -0.596683551306657 0.40950777897251 0.0
0.833873328603649 0.265616263016085 0.0 -0.609072733718018 0.405605679953207 0.0
0.827720224618195 0.269652302012872 0.0 -0.621566051271044 0.401580939327854 0.0
0.82144165270179 0.273647464000183 0.0 -0.634166908235011 0.39742958567894 0.0
0.815036519963021 0.277600462134724 0.0 -0.646878824138303 0.393147440038195 0.0
0.808503697715406 0.28150996669226 0.0 -0.659705439458368 0.3887301028921 0.0
0.801842020238177 0.285374602792998 0.0 -0.672650521623558 0.384172940169793 0.0
0.795050283475391 0.289192947981389 0.0 -0.685717971345902 0.379471068119883 0.0
0.788127243669981 0.292963529648709 0.0 -0.698911829304938 0.374619336972768 0.0
0.781071615929132 0.29668482228573 0.0 -0.712236283203806 0.369612313273797 0.0
0.773882072717129 0.300355244551545 0.0 -0.725695675219893 0.364444260760135 0.0
0.766557242271643 0.303973156143308 0.0 -0.739294509873446 0.359109119639994 0.0
0.75909570693913 0.307536854450124 0.0 -0.753037462338573 0.353600484117024 0.0
0.751496001424809 0.311044570972703 0.0 -0.766929387222123 0.34791157798471 0.0
0.743756610952401 0.314494467488491 0.0 -0.780975327836817 0.342035228095299 0.0
0.735875969328551 0.31788463193998 0.0 -0.795180525995801 0.335963835484881 0.0
0.727852456906582 0.321213074021541 0.0 -0.809550432356398 0.329689343910178 0.0
0.719684398443955 0.32447772043756 0.0 -0.824090717341181 0.323203205523078 0.0
0.711370060847505 0.327676409801745 0.0 -0.838807282664447 0.316496343375297 0.0
0.702907650800282 0.330806887144223 0.0 -0.853706273491741 0.309559110407262 0.0
0.694295312263508 0.333866797989335 0.0 -0.868794091258937 0.30238124453153 0.0
0.685531123846952 0.336853681962946 0.0 -0.884077407175527 0.29495181937103 0.0
0.676613096040758 0.339764965883375 0.0 -0.899563176433818 0.287259190155012 0.0
0.667539168301567 0.342597956284759 0.0 -0.915258653141513 0.279290934209706 0.0
0.658307205985664 0.345349831315693 0.0 -0.931171405989169 0.271033785404851 0.0
0.648914997121736 0.34801763194913 0.0 -0.947309334655941 0.262473561829767 0.0
0.639360249015924 0.350598252431812 0.0 -0.963680686946106 0.253595085871544 0.0
0.629640584681934 0.353088429892618 0.0 -0.980294076634465 0.24438209575077 0.0
0.619753539089303 0.355484733019147 0.0 -0.997158501979871 0.234817147434252 0.0
0.609696555223458 0.357783549700236 0.0 -1.01428336484152 0.224881505685841 0.0
0.599466979951977 0.359981073518866 0.0 -1.03167849030088 0.21455502283185 0.0
0.589062059692664 0.362073288964577 0.0 -1.04935414665111 0.20381600360153 0.0
0.578478935880649 0.364055955216948 0.0 -1.06732106556313 0.192641054149821 0.0
0.56771464023399 0.365924588331243 0.0 -1.08559046216979 0.181004913071856 0.0
0.556766089820232 0.367674441633796 0.0 -1.10417405472281 0.16888026186771 0.0
0.545630081930365 0.369300484107212 0.0 -1.12308408336608 0.15623751190103 0.0
0.534303288771896 0.370797376513548 0.0 -1.14233332742608 0.143044564403358 0.0
0.522782251999573 0.372159444966311 0.0 -1.16193512043766 0.129266539491378 0.0
0.511063377111282 0.37338065161839 0.0 -1.18190336188809 0.114865469467145 0.0
0.49914292774824 0.374454562081709 0.0 -1.20225252436074 0.0997999508376955 0.0
0.487017019953639 0.37537430913392 0.0 -1.22299765436972 0.0840247484902636 0.0
0.474681616463427 0.376132552195957 0.0 -1.24415436467447 0.0674903442557173 0.0
0.462132521128087 0.376721431979596 0.0 -1.26573881521136 0.0501424206397154 0.0
0.449365373596992 0.377132519603441 0.0 -1.28776767893315 0.0319212687411484 0.0
0.43637564443924 0.377356759355616 0.0 -1.31025808774418 0.0127611072388494 0.0
0.423158630929895 0.377384404137646 0.0 -1.33322755227569 -0.00741070327953339 0.0
0.409709453802147 0.37720494245139 0.0 -1.35669384735078 -0.0286745695612102 0.0
0.396023055359302 0.376807015582815 0.0 -1.38067485248806 -0.0511197213314242 0.0
0.382094199462826 0.376178323384971 0.0 -1.40518833348122 -0.0748454409780635 0.0
0.367917474073211 0.3753055167574 0.0 -1.43025164668061 -0.0999625008630864 0.0
0.353487297232264 0.374174074547958 0.0 -1.45588134169989 -0.126594849202296 0.0
0.338797927655859 0.372768162149649 0.0 -1.48209263032551 -0.154881594581079 0.0
0.323843481479424 0.371070468509779 0.0 -1.50889867865104 -0.18497935051651 0.0
0.308617957197563 0.369062017586693 0.0 -1.53630966480857 -0.217065015589957 0.0
0.293115271510508 0.366721949449541 0.0 -1.56433152458624 -0.251339082237853 0.0
0.277329309698085 0.364027265180542 0.0 -1.59296427950386 -0.288029589114316 0.0
0.261253995377961 0.360952528459765 0.0 -1.62219980339658 -0.327396858965933 0.0
0.244883386198458 0.357469515132561 0.0 -1.65201882962955 -0.369739197196908 0.0
0.228211804352897 0.353546800112474 0.0 -1.6823869250109 -0.415399766692603 0.0
0.21123401404957 0.349149268582868 0.0 -1.71324904839621 -0.464774902558044 0.0
0.193945462617599 0.344237535553029 0.0 -1.74452215724684 -0.518324185686601 0.0
0.176342608342149 0.338767254339255 0.0 -1.77608510224776 -0.57658265352717 0.0
0.15842336723836 0.332688290471162 0.0 -1.80776472602885 -0.64017558193668 0.0
0.140187724026864 0.325943732987905 0.0 -1.83931660861135 -0.709836305039276 0.0
0.121638571394422 0.318468710485102 0.0 -1.8703982074561 -0.786427511405749 0.0
0.102782868918433 0.310188975567774 0.0 -1.90053111843399 -0.87096628522582 0.0
0.0836332527812105 0.301019220664694 0.0 -1.92904768527523 -0.964652693181753 0.0
0.064210285339384 0.29086109481181 0.0 -1.95501500676481 -1.0689006443861 0.0
0.0445456177219641 0.279600913706632 0.0 -1.9771262948906 -1.18536747969396 0.0
0.0246864591234495 0.267107111078673 0.0 -1.99354534124411 -1.31597415110905 0.0
0.00470191397298661 0.253227600868755 0.0 -2.0016847355803 -1.4628988349212 0.0
-0.0153080335259431 0.237787468060122 0.0 -1.99789386830546 -1.62850963724838 0.0
-0.0351998638092463 0.220587891460139 0.0 -1.97703352703769 -1.81517053924001 0.0
-0.0547690124548026 0.201408108141888 0.0 -1.93193361992338 -2.02480060949818 0.0
-0.0737265798767808 0.180013814839305 0.0 -1.85280181420343 -2.25798513369526 0.0
-0.0916708162960588 0.156177866371456 0.0 -1.72683958718279 -2.51235191147218 0.0
-0.108058287110389 0.129722042484055 0.0 -1.53872157183186 -2.7799571867421 0.0
-0.122189122571769 0.100589372612211 0.0 -1.27319749674545 -3.04391616767586 0.0
-0.13323542644261 0.0689477194234329 0.0 -0.921325722100783 -3.27600835458741 0.0
-0.140350698475448 0.0352964643716002 0.0 -0.490040721813997 -3.43929244023437 0.0
-0.142871152438095 0.000503868335194885 0.0 -0.00946216057678014 -3.49965103552991 0.0
-0.140537849789637 -0.0343057395567591 0.0 0.471717359407149 -3.44264178946123 0.0
-0.133598455116826 -0.0680049926870939 0.0 0.904590360202397 -3.28213039851571 0.0
-0.122709192806674 -0.0997181728371896 0.0 1.25855867665551 -3.05195663213735 0.0
-0.108713826933401 -0.128937380063948 0.0 1.52624268316915 -2.78910832842119 0.0
-0.0924410891990503 -0.155487646505101 0.0 1.71632245673861 -2.52201136967932 0.0
-0.0745934112157067 -0.179421025865757 0.0 1.84395373777366 -2.26776564295104 0.0
-0.055717199352372 -0.200912730794801 0.0 1.92446274465825 -2.03447770737971 0.0
-0.0362169399328831 -0.220188232660556 0.0 1.97068717486971 -1.82462548686463 0.0
-0.0163838219760252 -0.23748099093002 0.0 1.99246649529524 -1.63768677034905 0.0
0.00357575515637539 -0.253011407262292 0.0 1.99701355639832 -1.47177814470856 0.0
0.0235168260883617 -0.266978208996644 0.0 1.98950253433291 -1.324554909626 0.0
0.0433382712864936 -0.27955635876032 0.0 1.97361137488714 -1.19365884249684 0.0
0.0629700912793511 -0.290898060249027 0.0 1.95194847228285 -1.07691638974908 0.0
0.0823643657244226 -0.301135027770508 0.0 1.92636606511671 -0.972408338475759 0.0
0.101488872939482 -0.310381102579445 0.0 1.89818321738703 -0.878477547883822 0.0
0.120322587995073 -0.318734790236387 0.0 1.86834229198868 -0.793709523174705 0.0
0.138852495696351 -0.326281544984495 0.0 1.83751830029713 -0.71690324446178 0.0
0.157071322706839 -0.333095750546365 0.0 1.80619541886199 -0.647040535942536 0.0
0.174975914038212 -0.339242403599123 0.0 1.7747207656543 -0.583257601565284 0.0
0.192566063651403 -0.344778529509375 0.0 1.74334242333435 -0.52482004649593 0.0
0.20984366717442 -0.34975436691785 0.0 1.71223650965261 -0.471101610115404 0.0
0.226812104727111 -0.354214357265674 0.0 1.68152658887954 -0.421566356891007 0.0
0.24347578931068 -0.358197971763521 0.0 1.65129769095885 -0.375753895345661 0.0
0.25983983516436 -0.361740403766223 0.0 1.62160650621959 -0.333267163048378 0.0
0.275909813634153 -0.364873150016855 0.0 1.59248884711178 -0.293762346468662 0.0
0.291691573278353 -0.367624500174675 0.0 1.56396514227435 -0.25694055884095 0.0
0.307191107394111 -0.370019950567446 0.0 1.53604450359786 -0.222540957939611 0.0
0.322414456729043 -0.37208255520713 0.0 1.50872775115521 -0.190335040523467 0.0
0.337367638413729 -0.373833224721309 0.0 1.48200967204066 -0.160121898070032 0.0
0.352056594505758 -0.375290981906555 0.0 1.45588071255738 -0.131724258682868 0.0
0.366487155243134 -0.376473181030323 0.0 1.43032824887104 -0.104985173225045 0.0
0.380665013350989 -0.377395696728259 0.0 1.40533754243716 -0.0797652307238006 0.0
0.394595706661322 -0.378073087307322 0.0 1.38089245858055 -0.0559402099022967 0.0
0.408284606982555 -0.378518736424704 0.0 1.3569760063655 -0.0333990912533683 0.0
0.421736913659352 -0.378744976429904 0.0 1.33357074312772 -0.0120423681852301 0.0
0.434957650639843 -0.378763196101417 0.0 1.31065907619576 0.00821939288391128 0.0
0.447951666150545 -0.378583935055637 0.0 1.28822348631741 0.0274667844738754 0.0
0.460723634293196 -0.378216966733778 0.0 1.26624669135244 0.04577261566278 0.0
0.473278058039977 -0.377671371567153 0.0 1.24471176434323 0.063202823060194 0.0
0.485619273227204 -0.376955601669302 0.0 1.22360221673228 0.0798172579936863 0.0
0.497751453242045 -0.376077538195109 0.0 1.2029020549721 0.0956703688524431 0.0
0.50967861416925 -0.375044542334149 0.0 1.18259581685928 0.110811794338985 0.0
0.521404620220601 -0.373863500761465 0.0 1.16266859246685 0.125286880769397 0.0
0.532933189312665 -0.372540866248653 0.0 1.14310603343442 0.139137134420887 0.0
0.544267898691604 -0.371082694037247 0.0 1.12389435352023 0.15240061816293 0.0
0.555412190529369 -0.369494674491536 0.0 1.10502032266011 0.165112300152923 0.0
0.566369377435404 -0.367782162476358 0.0 1.0864712562699 0.177304361171759 0.0
0.577142647843302 -0.365950203844832 0.0 1.06823500113335 0.189006466172955 0.0
0.587735071243689 -0.364003559369551 0.0 1.0502999189118 0.200246004783862 0.0
0.598149603243697 -0.361946726406968 0.0 1.03265486807376 0.21104830479922 0.0
